10004:59: value of attribute "type" is invalid; must be equal to "apparatus", "bibliography", "commentary", "edition", "textpart" or "translation"
10011:40: value of attribute "reason" is invalid; must be equal to "explanation", "lost", "omitted", "subaudible" or "undefined"
10012:21: element "gap" missing required attribute "reason"
10039:59: value of attribute "type" is invalid; must be equal to "apparatus", "bibliography", "commentary", "edition", "textpart" or "translation"
10046:40: value of attribute "reason" is invalid; must be equal to "explanation", "lost", "omitted", "subaudible" or "undefined"
10151:59: value of attribute "type" is invalid; must be equal to "apparatus", "bibliography", "commentary", "edition", "textpart" or "translation"
10158:40: value of attribute "reason" is invalid; must be equal to "explanation", "lost", "omitted", "subaudible" or "undefined"
10159:21: element "gap" missing required attribute "reason"
10198:59: value of attribute "type" is invalid; must be equal to "apparatus", "bibliography", "commentary", "edition", "textpart" or "translation"
10205:40: value of attribute "reason" is invalid; must be equal to "explanation", "lost", "omitted", "subaudible" or "undefined"
10206:21: element "gap" missing required attribute "reason"
10251:59: value of attribute "type" is invalid; must be equal to "apparatus", "bibliography", "commentary", "edition", "textpart" or "translation"
10258:40: value of attribute "reason" is invalid; must be equal to "explanation", "lost", "omitted", "subaudible" or "undefined"
10259:21: element "gap" missing required attribute "reason"
10290:59: value of attribute "type" is invalid; must be equal to "apparatus", "bibliography", "commentary", "edition", "textpart" or "translation"
10297:40: value of attribute "reason" is invalid; must be equal to "explanation", "lost", "omitted", "subaudible" or "undefined"
10298:21: element "gap" missing required attribute "reason"
103:22: element "listWit" not allowed anywhere; expected element "ab", "bibl", "biblFull", "biblStruct", "list", "listApp", "listBibl", "listEvent", "listNym", "listObject", "listOrg", "listPerson", "listPlace", "listRelation", "msDesc", "p" or "table"
1030:58: value of attribute "type" is invalid; must be equal to "apparatus", "bibliography", "commentary", "edition", "textpart" or "translation"
10316:21: element "gap" missing required attribute "reason"
10337:59: value of attribute "type" is invalid; must be equal to "apparatus", "bibliography", "commentary", "edition", "textpart" or "translation"
10344:40: value of attribute "reason" is invalid; must be equal to "explanation", "lost", "omitted", "subaudible" or "undefined"
10345:21: element "gap" missing required attribute "reason"
10387:59: value of attribute "type" is invalid; must be equal to "apparatus", "bibliography", "commentary", "edition", "textpart" or "translation"
10394:40: value of attribute "reason" is invalid; must be equal to "explanation", "lost", "omitted", "subaudible" or "undefined"
10395:21: element "gap" missing required attribute "reason"
1041:40: value of attribute "reason" is invalid; must be equal to "explanation", "lost", "omitted", "subaudible" or "undefined"
10435:59: value of attribute "type" is invalid; must be equal to "apparatus", "bibliography", "commentary", "edition", "textpart" or "translation"
10442:40: value of attribute "reason" is invalid; must be equal to "explanation", "lost", "omitted", "subaudible" or "undefined"
10443:21: element "gap" missing required attribute "reason"
10480:59: value of attribute "type" is invalid; must be equal to "apparatus", "bibliography", "commentary", "edition", "textpart" or "translation"
10487:40: value of attribute "reason" is invalid; must be equal to "explanation", "lost", "omitted", "subaudible" or "undefined"
10549:59: value of attribute "type" is invalid; must be equal to "apparatus", "bibliography", "commentary", "edition", "textpart" or "translation"
10556:40: value of attribute "reason" is invalid; must be equal to "explanation", "lost", "omitted", "subaudible" or "undefined"
10603:59: value of attribute "type" is invalid; must be equal to "apparatus", "bibliography", "commentary", "edition", "textpart" or "translation"
10610:40: value of attribute "reason" is invalid; must be equal to "explanation", "lost", "omitted", "subaudible" or "undefined"
10647:46: element "witDetail" not allowed anywhere; expected the element end-tag or element "note", "noteGrp", "rdg", "rdgGrp" or "wit"
10649:46: element "witDetail" not allowed anywhere; expected the element end-tag or element "note", "noteGrp", "rdg", "rdgGrp" or "wit"
10655:59: value of attribute "type" is invalid; must be equal to "apparatus", "bibliography", "commentary", "edition", "textpart" or "translation"
10662:40: value of attribute "reason" is invalid; must be equal to "explanation", "lost", "omitted", "subaudible" or "undefined"
10709:59: value of attribute "type" is invalid; must be equal to "apparatus", "bibliography", "commentary", "edition", "textpart" or "translation"
10716:40: value of attribute "reason" is invalid; must be equal to "explanation", "lost", "omitted", "subaudible" or "undefined"
10779:59: value of attribute "type" is invalid; must be equal to "apparatus", "bibliography", "commentary", "edition", "textpart" or "translation"
10801:40: value of attribute "reason" is invalid; must be equal to "explanation", "lost", "omitted", "subaudible" or "undefined"
10862:59: value of attribute "type" is invalid; must be equal to "apparatus", "bibliography", "commentary", "edition", "textpart" or "translation"
10869:40: value of attribute "reason" is invalid; must be equal to "explanation", "lost", "omitted", "subaudible" or "undefined"
10919:59: value of attribute "type" is invalid; must be equal to "apparatus", "bibliography", "commentary", "edition", "textpart" or "translation"
10926:40: value of attribute "reason" is invalid; must be equal to "explanation", "lost", "omitted", "subaudible" or "undefined"
10961:59: value of attribute "type" is invalid; must be equal to "apparatus", "bibliography", "commentary", "edition", "textpart" or "translation"
10968:40: value of attribute "reason" is invalid; must be equal to "explanation", "lost", "omitted", "subaudible" or "undefined"
1098:58: value of attribute "type" is invalid; must be equal to "apparatus", "bibliography", "commentary", "edition", "textpart" or "translation"
11048:59: value of attribute "type" is invalid; must be equal to "apparatus", "bibliography", "commentary", "edition", "textpart" or "translation"
1105:40: value of attribute "reason" is invalid; must be equal to "explanation", "lost", "omitted", "subaudible" or "undefined"
11070:40: value of attribute "reason" is invalid; must be equal to "explanation", "lost", "omitted", "subaudible" or "undefined"
11097:39: element "div" missing required attribute "type"
11102:55: value of attribute "type" is invalid; must be equal to "apparatus", "bibliography", "commentary", "edition", "textpart" or "translation"
11104:59: value of attribute "type" is invalid; must be equal to "apparatus", "bibliography", "commentary", "edition", "textpart" or "translation"
11111:40: value of attribute "reason" is invalid; must be equal to "explanation", "lost", "omitted", "subaudible" or "undefined"
11167:59: value of attribute "type" is invalid; must be equal to "apparatus", "bibliography", "commentary", "edition", "textpart" or "translation"
11174:40: value of attribute "reason" is invalid; must be equal to "explanation", "lost", "omitted", "subaudible" or "undefined"
112:26: element "listWit" not allowed anywhere; expected element "ab", "bibl", "biblFull", "biblStruct", "list", "listApp", "listBibl", "listEvent", "listNym", "listObject", "listOrg", "listPerson", "listPlace", "listRelation", "msDesc", "p" or "table"
11243:66: element "span" not allowed anywhere; expected the element end-tag, text or element "ab", "abbr", "add", "addName", "addSpan", "address", "am", "anchor", "annotationBlock", "app", "bibl", "biblFull", "biblStruct", "binaryObject", "bloc", "c", "catchwords", "cb", "certainty", "choice", "cit", "corr", "country", "damage", "date", "del", "delSpan", "depth", "desc", "dim", "dimensions", "distinct", "district", "div", "docAuthor", "docDate", "docEdition", "docImprint", "docTitle", "ellipsis", "email", "emph", "epigraph", "ex", "expan", "figure", "floatingText", "foreign", "forename", "fw", "g", "gap", "gb", "genName", "geo", "geogFeat", "geogName", "gloss", "graphic", "handShift", "height", "heraldry", "hi", "idno", "index", "interp", "interpGrp", "join", "l", "label", "lang", "lb", "lg", "link", "linkGrp", "list", "listApp", "listBibl", "listEvent", "listNym", "listObject", "listOrg", "listPerson", "listPlace", "listRelation", "listTranspose", "location", "locus", "locusGrp", "m", "material", "measure", "measureGrp", "media", "mentioned", "metamark", "milestone", "mod", "msDesc", "name", "notatedMusic", "note", "noteGrp", "num", "objectName", "objectType", "offset", "orgName", "orig", "origDate", "origPlace", "p", "pb", "pc", "persName", "persPronouns", "phr", "placeName", "precision", "ptr", "q", "quote", "redo", "ref", "reg", "region", "retrace", "roleName", "rs", "ruby", "s", "said", "secFol", "secl", "seg", "settlement", "sic", "signatures", "soCalled", "sp", "space", "stage", "stamp", "state", "subst", "substJoin", "supplied", "surname", "surplus", "table", "term", "time", "title", "unclear", "undo", "unit", "w", "watermark", "width" or "wit"
11243:66: value of attribute "type" is invalid
11253:59: value of attribute "type" is invalid; must be equal to "apparatus", "bibliography", "commentary", "edition", "textpart" or "translation"
11260:40: value of attribute "reason" is invalid; must be equal to "explanation", "lost", "omitted", "subaudible" or "undefined"
11284:59: value of attribute "type" is invalid; must be equal to "apparatus", "bibliography", "commentary", "edition", "textpart" or "translation"
1129:58: value of attribute "type" is invalid; must be equal to "apparatus", "bibliography", "commentary", "edition", "textpart" or "translation"
11291:40: value of attribute "reason" is invalid; must be equal to "explanation", "lost", "omitted", "subaudible" or "undefined"
11312:55: element "span" not allowed anywhere; expected the element end-tag, text or element "ab", "abbr", "add", "addName", "addSpan", "address", "am", "anchor", "annotationBlock", "app", "bibl", "biblFull", "biblStruct", "binaryObject", "bloc", "c", "catchwords", "cb", "certainty", "choice", "cit", "corr", "country", "damage", "date", "del", "delSpan", "depth", "desc", "dim", "dimensions", "distinct", "district", "div", "docAuthor", "docDate", "docEdition", "docImprint", "docTitle", "ellipsis", "email", "emph", "epigraph", "ex", "expan", "figure", "floatingText", "foreign", "forename", "fw", "g", "gap", "gb", "genName", "geo", "geogFeat", "geogName", "gloss", "graphic", "handShift", "height", "heraldry", "hi", "idno", "index", "interp", "interpGrp", "join", "l", "label", "lang", "lb", "lg", "link", "linkGrp", "list", "listApp", "listBibl", "listEvent", "listNym", "listObject", "listOrg", "listPerson", "listPlace", "listRelation", "listTranspose", "location", "locus", "locusGrp", "m", "material", "measure", "measureGrp", "media", "mentioned", "metamark", "milestone", "mod", "msDesc", "name", "notatedMusic", "note", "noteGrp", "num", "objectName", "objectType", "offset", "orgName", "orig", "origDate", "origPlace", "p", "pb", "pc", "persName", "persPronouns", "phr", "placeName", "precision", "ptr", "q", "quote", "redo", "ref", "reg", "region", "retrace", "roleName", "rs", "ruby", "s", "said", "secFol", "secl", "seg", "settlement", "sic", "signatures", "soCalled", "sp", "space", "stage", "stamp", "state", "subst", "substJoin", "supplied", "surname", "surplus", "table", "term", "time", "title", "unclear", "undo", "unit", "w", "watermark", "width" or "wit"
11312:55: value of attribute "type" is invalid
11340:59: value of attribute "type" is invalid; must be equal to "apparatus", "bibliography", "commentary", "edition", "textpart" or "translation"
11348:40: value of attribute "reason" is invalid; must be equal to "explanation", "lost", "omitted", "subaudible" or "undefined"
1140:40: value of attribute "reason" is invalid; must be equal to "explanation", "lost", "omitted", "subaudible" or "undefined"
11434:59: value of attribute "type" is invalid; must be equal to "apparatus", "bibliography", "commentary", "edition", "textpart" or "translation"
11441:40: value of attribute "reason" is invalid; must be equal to "explanation", "lost", "omitted", "subaudible" or "undefined"
11463:59: value of attribute "type" is invalid; must be equal to "apparatus", "bibliography", "commentary", "edition", "textpart" or "translation"
11470:40: value of attribute "reason" is invalid; must be equal to "explanation", "lost", "omitted", "subaudible" or "undefined"
11494:67: element "span" not allowed anywhere; expected the element end-tag, text or element "ab", "abbr", "add", "addName", "addSpan", "address", "am", "anchor", "annotationBlock", "app", "bibl", "biblFull", "biblStruct", "binaryObject", "bloc", "c", "catchwords", "cb", "certainty", "choice", "cit", "corr", "country", "damage", "date", "del", "delSpan", "depth", "desc", "dim", "dimensions", "distinct", "district", "div", "docAuthor", "docDate", "docEdition", "docImprint", "docTitle", "ellipsis", "email", "emph", "epigraph", "ex", "expan", "figure", "floatingText", "foreign", "forename", "fw", "g", "gap", "gb", "genName", "geo", "geogFeat", "geogName", "gloss", "graphic", "handShift", "height", "heraldry", "hi", "idno", "index", "interp", "interpGrp", "join", "l", "label", "lang", "lb", "lg", "link", "linkGrp", "list", "listApp", "listBibl", "listEvent", "listNym", "listObject", "listOrg", "listPerson", "listPlace", "listRelation", "listTranspose", "location", "locus", "locusGrp", "m", "material", "measure", "measureGrp", "media", "mentioned", "metamark", "milestone", "mod", "msDesc", "name", "notatedMusic", "note", "noteGrp", "num", "objectName", "objectType", "offset", "orgName", "orig", "origDate", "origPlace", "p", "pb", "pc", "persName", "persPronouns", "phr", "placeName", "precision", "ptr", "q", "quote", "redo", "ref", "reg", "region", "retrace", "roleName", "rs", "ruby", "s", "said", "secFol", "secl", "seg", "settlement", "sic", "signatures", "soCalled", "sp", "space", "stage", "stamp", "state", "subst", "substJoin", "supplied", "surname", "surplus", "table", "term", "time", "title", "unclear", "undo", "unit", "w", "watermark", "width" or "wit"
11494:67: value of attribute "type" is invalid
115:20: element "listWit" not allowed anywhere; expected element "ab", "bibl", "biblFull", "biblStruct", "list", "listApp", "listBibl", "listEvent", "listNym", "listObject", "listOrg", "listPerson", "listPlace", "listRelation", "msDesc", "p" or "table"
11513:59: value of attribute "type" is invalid; must be equal to "apparatus", "bibliography", "commentary", "edition", "textpart" or "translation"
11520:40: value of attribute "reason" is invalid; must be equal to "explanation", "lost", "omitted", "subaudible" or "undefined"
11521:21: element "gap" missing required attribute "reason"
11548:59: value of attribute "type" is invalid; must be equal to "apparatus", "bibliography", "commentary", "edition", "textpart" or "translation"
11555:40: value of attribute "reason" is invalid; must be equal to "explanation", "lost", "omitted", "subaudible" or "undefined"
11556:21: element "gap" missing required attribute "reason"
11586:59: value of attribute "type" is invalid; must be equal to "apparatus", "bibliography", "commentary", "edition", "textpart" or "translation"
11593:40: value of attribute "reason" is invalid; must be equal to "explanation", "lost", "omitted", "subaudible" or "undefined"
11594:21: element "gap" missing required attribute "reason"
11622:52: element "witDetail" not allowed anywhere; expected the element end-tag or element "note", "noteGrp", "rdg", "rdgGrp" or "wit"
11627:59: value of attribute "type" is invalid; must be equal to "apparatus", "bibliography", "commentary", "edition", "textpart" or "translation"
11634:40: value of attribute "reason" is invalid; must be equal to "explanation", "lost", "omitted", "subaudible" or "undefined"
11635:21: element "gap" missing required attribute "reason"
11651:59: value of attribute "type" is invalid; must be equal to "apparatus", "bibliography", "commentary", "edition", "textpart" or "translation"
11658:40: value of attribute "reason" is invalid; must be equal to "explanation", "lost", "omitted", "subaudible" or "undefined"
11696:59: value of attribute "type" is invalid; must be equal to "apparatus", "bibliography", "commentary", "edition", "textpart" or "translation"
11703:40: value of attribute "reason" is invalid; must be equal to "explanation", "lost", "omitted", "subaudible" or "undefined"
1173:58: value of attribute "type" is invalid; must be equal to "apparatus", "bibliography", "commentary", "edition", "textpart" or "translation"
11735:59: value of attribute "type" is invalid; must be equal to "apparatus", "bibliography", "commentary", "edition", "textpart" or "translation"
11742:40: value of attribute "reason" is invalid; must be equal to "explanation", "lost", "omitted", "subaudible" or "undefined"
11775:59: value of attribute "type" is invalid; must be equal to "apparatus", "bibliography", "commentary", "edition", "textpart" or "translation"
11797:40: value of attribute "reason" is invalid; must be equal to "explanation", "lost", "omitted", "subaudible" or "undefined"
1180:40: value of attribute "reason" is invalid; must be equal to "explanation", "lost", "omitted", "subaudible" or "undefined"
11838:40: value of attribute "reason" is invalid; must be equal to "explanation", "lost", "omitted", "subaudible" or "undefined"
11853:39: element "div" missing required attribute "type"
11858:55: value of attribute "type" is invalid; must be equal to "apparatus", "bibliography", "commentary", "edition", "textpart" or "translation"
11861:59: value of attribute "type" is invalid; must be equal to "apparatus", "bibliography", "commentary", "edition", "textpart" or "translation"
11868:40: value of attribute "reason" is invalid; must be equal to "explanation", "lost", "omitted", "subaudible" or "undefined"
11913:59: value of attribute "type" is invalid; must be equal to "apparatus", "bibliography", "commentary", "edition", "textpart" or "translation"
11920:40: value of attribute "reason" is invalid; must be equal to "explanation", "lost", "omitted", "subaudible" or "undefined"
11943:59: value of attribute "type" is invalid; must be equal to "apparatus", "bibliography", "commentary", "edition", "textpart" or "translation"
11950:40: value of attribute "reason" is invalid; must be equal to "explanation", "lost", "omitted", "subaudible" or "undefined"
12010:59: value of attribute "type" is invalid; must be equal to "apparatus", "bibliography", "commentary", "edition", "textpart" or "translation"
12018:40: value of attribute "reason" is invalid; must be equal to "explanation", "lost", "omitted", "subaudible" or "undefined"
12049:59: value of attribute "type" is invalid; must be equal to "apparatus", "bibliography", "commentary", "edition", "textpart" or "translation"
12056:40: value of attribute "reason" is invalid; must be equal to "explanation", "lost", "omitted", "subaudible" or "undefined"
12084:59: value of attribute "type" is invalid; must be equal to "apparatus", "bibliography", "commentary", "edition", "textpart" or "translation"
12091:40: value of attribute "reason" is invalid; must be equal to "explanation", "lost", "omitted", "subaudible" or "undefined"
12131:59: value of attribute "type" is invalid; must be equal to "apparatus", "bibliography", "commentary", "edition", "textpart" or "translation"
12138:40: value of attribute "reason" is invalid; must be equal to "explanation", "lost", "omitted", "subaudible" or "undefined"
12184:59: value of attribute "type" is invalid; must be equal to "apparatus", "bibliography", "commentary", "edition", "textpart" or "translation"
1219:72: element "gap" missing required attribute "reason"
12192:40: value of attribute "reason" is invalid; must be equal to "explanation", "lost", "omitted", "subaudible" or "undefined"
12217:39: element "div" missing required attribute "type"
12226:56: value of attribute "type" is invalid; must be equal to "apparatus", "bibliography", "commentary", "edition", "textpart" or "translation"
12228:59: value of attribute "type" is invalid; must be equal to "apparatus", "bibliography", "commentary", "edition", "textpart" or "translation"
12235:40: value of attribute "reason" is invalid; must be equal to "explanation", "lost", "omitted", "subaudible" or "undefined"
1225:58: value of attribute "type" is invalid; must be equal to "apparatus", "bibliography", "commentary", "edition", "textpart" or "translation"
12267:59: value of attribute "type" is invalid; must be equal to "apparatus", "bibliography", "commentary", "edition", "textpart" or "translation"
12274:40: value of attribute "reason" is invalid; must be equal to "explanation", "lost", "omitted", "subaudible" or "undefined"
12344:39: element "div" missing required attribute "type"
12349:56: value of attribute "type" is invalid; must be equal to "apparatus", "bibliography", "commentary", "edition", "textpart" or "translation"
12351:59: value of attribute "type" is invalid; must be equal to "apparatus", "bibliography", "commentary", "edition", "textpart" or "translation"
12357:40: value of attribute "reason" is invalid; must be equal to "explanation", "lost", "omitted", "subaudible" or "undefined"
12371:59: value of attribute "type" is invalid; must be equal to "apparatus", "bibliography", "commentary", "edition", "textpart" or "translation"
12377:40: value of attribute "reason" is invalid; must be equal to "explanation", "lost", "omitted", "subaudible" or "undefined"
1239:40: value of attribute "reason" is invalid; must be equal to "explanation", "lost", "omitted", "subaudible" or "undefined"
12391:59: value of attribute "type" is invalid; must be equal to "apparatus", "bibliography", "commentary", "edition", "textpart" or "translation"
12397:40: value of attribute "reason" is invalid; must be equal to "explanation", "lost", "omitted", "subaudible" or "undefined"
1240:21: element "gap" missing required attribute "reason"
12411:59: value of attribute "type" is invalid; must be equal to "apparatus", "bibliography", "commentary", "edition", "textpart" or "translation"
12417:40: value of attribute "reason" is invalid; must be equal to "explanation", "lost", "omitted", "subaudible" or "undefined"
12431:59: value of attribute "type" is invalid; must be equal to "apparatus", "bibliography", "commentary", "edition", "textpart" or "translation"
12437:40: value of attribute "reason" is invalid; must be equal to "explanation", "lost", "omitted", "subaudible" or "undefined"
12451:59: value of attribute "type" is invalid; must be equal to "apparatus", "bibliography", "commentary", "edition", "textpart" or "translation"
12457:40: value of attribute "reason" is invalid; must be equal to "explanation", "lost", "omitted", "subaudible" or "undefined"
12471:59: value of attribute "type" is invalid; must be equal to "apparatus", "bibliography", "commentary", "edition", "textpart" or "translation"
12477:40: value of attribute "reason" is invalid; must be equal to "explanation", "lost", "omitted", "subaudible" or "undefined"
12491:59: value of attribute "type" is invalid; must be equal to "apparatus", "bibliography", "commentary", "edition", "textpart" or "translation"
12497:40: value of attribute "reason" is invalid; must be equal to "explanation", "lost", "omitted", "subaudible" or "undefined"
12511:59: value of attribute "type" is invalid; must be equal to "apparatus", "bibliography", "commentary", "edition", "textpart" or "translation"
12517:40: value of attribute "reason" is invalid; must be equal to "explanation", "lost", "omitted", "subaudible" or "undefined"
12531:59: value of attribute "type" is invalid; must be equal to "apparatus", "bibliography", "commentary", "edition", "textpart" or "translation"
12537:40: value of attribute "reason" is invalid; must be equal to "explanation", "lost", "omitted", "subaudible" or "undefined"
12551:59: value of attribute "type" is invalid; must be equal to "apparatus", "bibliography", "commentary", "edition", "textpart" or "translation"
12557:40: value of attribute "reason" is invalid; must be equal to "explanation", "lost", "omitted", "subaudible" or "undefined"
12571:59: value of attribute "type" is invalid; must be equal to "apparatus", "bibliography", "commentary", "edition", "textpart" or "translation"
12577:40: value of attribute "reason" is invalid; must be equal to "explanation", "lost", "omitted", "subaudible" or "undefined"
12591:59: value of attribute "type" is invalid; must be equal to "apparatus", "bibliography", "commentary", "edition", "textpart" or "translation"
12597:40: value of attribute "reason" is invalid; must be equal to "explanation", "lost", "omitted", "subaudible" or "undefined"
1261:81: element "span" not allowed anywhere; expected the element end-tag, text or element "ab", "abbr", "add", "addName", "addSpan", "address", "am", "anchor", "annotationBlock", "app", "bibl", "biblFull", "biblStruct", "binaryObject", "bloc", "c", "catchwords", "cb", "certainty", "choice", "cit", "corr", "country", "damage", "date", "del", "delSpan", "depth", "desc", "dim", "dimensions", "distinct", "district", "div", "docAuthor", "docDate", "docEdition", "docImprint", "docTitle", "ellipsis", "email", "emph", "epigraph", "ex", "expan", "figure", "floatingText", "foreign", "forename", "fw", "g", "gap", "gb", "genName", "geo", "geogFeat", "geogName", "gloss", "graphic", "handShift", "height", "heraldry", "hi", "idno", "index", "interp", "interpGrp", "join", "l", "label", "lang", "lb", "lg", "link", "linkGrp", "list", "listApp", "listBibl", "listEvent", "listNym", "listObject", "listOrg", "listPerson", "listPlace", "listRelation", "listTranspose", "location", "locus", "locusGrp", "m", "material", "measure", "measureGrp", "media", "mentioned", "metamark", "milestone", "mod", "msDesc", "name", "notatedMusic", "note", "noteGrp", "num", "objectName", "objectType", "offset", "orgName", "orig", "origDate", "origPlace", "p", "pb", "pc", "persName", "persPronouns", "phr", "placeName", "precision", "ptr", "q", "quote", "redo", "ref", "reg", "region", "retrace", "roleName", "rs", "ruby", "s", "said", "secFol", "secl", "seg", "settlement", "sic", "signatures", "soCalled", "sp", "space", "stage", "stamp", "state", "subst", "substJoin", "supplied", "surname", "surplus", "table", "term", "time", "title", "unclear", "undo", "unit", "w", "watermark", "width" or "wit"
1261:81: value of attribute "type" is invalid
12611:59: value of attribute "type" is invalid; must be equal to "apparatus", "bibliography", "commentary", "edition", "textpart" or "translation"
12617:40: value of attribute "reason" is invalid; must be equal to "explanation", "lost", "omitted", "subaudible" or "undefined"
12631:59: value of attribute "type" is invalid; must be equal to "apparatus", "bibliography", "commentary", "edition", "textpart" or "translation"
12637:40: value of attribute "reason" is invalid; must be equal to "explanation", "lost", "omitted", "subaudible" or "undefined"
12651:59: value of attribute "type" is invalid; must be equal to "apparatus", "bibliography", "commentary", "edition", "textpart" or "translation"
12657:40: value of attribute "reason" is invalid; must be equal to "explanation", "lost", "omitted", "subaudible" or "undefined"
12671:59: value of attribute "type" is invalid; must be equal to "apparatus", "bibliography", "commentary", "edition", "textpart" or "translation"
12677:40: value of attribute "reason" is invalid; must be equal to "explanation", "lost", "omitted", "subaudible" or "undefined"
12691:59: value of attribute "type" is invalid; must be equal to "apparatus", "bibliography", "commentary", "edition", "textpart" or "translation"
12697:40: value of attribute "reason" is invalid; must be equal to "explanation", "lost", "omitted", "subaudible" or "undefined"
1276:58: value of attribute "type" is invalid; must be equal to "apparatus", "bibliography", "commentary", "edition", "textpart" or "translation"
1278:40: value of attribute "reason" is invalid; must be equal to "explanation", "lost", "omitted", "subaudible" or "undefined"
1279:21: element "gap" missing required attribute "reason"
1301:55: element "span" not allowed anywhere; expected the element end-tag, text or element "ab", "abbr", "add", "addName", "addSpan", "address", "am", "anchor", "annotationBlock", "app", "bibl", "biblFull", "biblStruct", "binaryObject", "bloc", "c", "catchwords", "cb", "certainty", "choice", "cit", "corr", "country", "damage", "date", "del", "delSpan", "depth", "desc", "dim", "dimensions", "distinct", "district", "div", "docAuthor", "docDate", "docEdition", "docImprint", "docTitle", "ellipsis", "email", "emph", "epigraph", "ex", "expan", "figure", "floatingText", "foreign", "forename", "fw", "g", "gap", "gb", "genName", "geo", "geogFeat", "geogName", "gloss", "graphic", "handShift", "height", "heraldry", "hi", "idno", "index", "interp", "interpGrp", "join", "l", "label", "lang", "lb", "lg", "link", "linkGrp", "list", "listApp", "listBibl", "listEvent", "listNym", "listObject", "listOrg", "listPerson", "listPlace", "listRelation", "listTranspose", "location", "locus", "locusGrp", "m", "material", "measure", "measureGrp", "media", "mentioned", "metamark", "milestone", "mod", "msDesc", "name", "notatedMusic", "note", "noteGrp", "num", "objectName", "objectType", "offset", "orgName", "orig", "origDate", "origPlace", "p", "pb", "pc", "persName", "persPronouns", "phr", "placeName", "precision", "ptr", "q", "quote", "redo", "ref", "reg", "region", "retrace", "roleName", "rs", "ruby", "s", "said", "secFol", "secl", "seg", "settlement", "sic", "signatures", "soCalled", "sp", "space", "stage", "stamp", "state", "subst", "substJoin", "supplied", "surname", "surplus", "table", "term", "time", "title", "unclear", "undo", "unit", "w", "watermark", "width" or "wit"
1301:55: value of attribute "type" is invalid
1306:58: value of attribute "type" is invalid; must be equal to "apparatus", "bibliography", "commentary", "edition", "textpart" or "translation"
1313:40: value of attribute "reason" is invalid; must be equal to "explanation", "lost", "omitted", "subaudible" or "undefined"
1349:58: value of attribute "type" is invalid; must be equal to "apparatus", "bibliography", "commentary", "edition", "textpart" or "translation"
1357:40: value of attribute "reason" is invalid; must be equal to "explanation", "lost", "omitted", "subaudible" or "undefined"
1381:58: value of attribute "type" is invalid; must be equal to "apparatus", "bibliography", "commentary", "edition", "textpart" or "translation"
1390:40: value of attribute "reason" is invalid; must be equal to "explanation", "lost", "omitted", "subaudible" or "undefined"
1425:58: value of attribute "type" is invalid; must be equal to "apparatus", "bibliography", "commentary", "edition", "textpart" or "translation"
1432:40: value of attribute "reason" is invalid; must be equal to "explanation", "lost", "omitted", "subaudible" or "undefined"
1462:58: value of attribute "type" is invalid; must be equal to "apparatus", "bibliography", "commentary", "edition", "textpart" or "translation"
1486:40: value of attribute "reason" is invalid; must be equal to "explanation", "lost", "omitted", "subaudible" or "undefined"
1524:58: value of attribute "type" is invalid; must be equal to "apparatus", "bibliography", "commentary", "edition", "textpart" or "translation"
1531:40: value of attribute "reason" is invalid; must be equal to "explanation", "lost", "omitted", "subaudible" or "undefined"
1560:58: value of attribute "type" is invalid; must be equal to "apparatus", "bibliography", "commentary", "edition", "textpart" or "translation"
1567:40: value of attribute "reason" is invalid; must be equal to "explanation", "lost", "omitted", "subaudible" or "undefined"
1600:58: value of attribute "type" is invalid; must be equal to "apparatus", "bibliography", "commentary", "edition", "textpart" or "translation"
1608:40: value of attribute "reason" is invalid; must be equal to "explanation", "lost", "omitted", "subaudible" or "undefined"
1651:58: value of attribute "type" is invalid; must be equal to "apparatus", "bibliography", "commentary", "edition", "textpart" or "translation"
1658:40: value of attribute "reason" is invalid; must be equal to "explanation", "lost", "omitted", "subaudible" or "undefined"
1682:58: value of attribute "type" is invalid; must be equal to "apparatus", "bibliography", "commentary", "edition", "textpart" or "translation"
1689:40: value of attribute "reason" is invalid; must be equal to "explanation", "lost", "omitted", "subaudible" or "undefined"
1755:58: value of attribute "type" is invalid; must be equal to "apparatus", "bibliography", "commentary", "edition", "textpart" or "translation"
1762:40: value of attribute "reason" is invalid; must be equal to "explanation", "lost", "omitted", "subaudible" or "undefined"
1810:39: element "div" missing required attribute "type"
1819:55: value of attribute "type" is invalid; must be equal to "apparatus", "bibliography", "commentary", "edition", "textpart" or "translation"
1821:58: value of attribute "type" is invalid; must be equal to "apparatus", "bibliography", "commentary", "edition", "textpart" or "translation"
1828:40: value of attribute "reason" is invalid; must be equal to "explanation", "lost", "omitted", "subaudible" or "undefined"
1885:58: value of attribute "type" is invalid; must be equal to "apparatus", "bibliography", "commentary", "edition", "textpart" or "translation"
1892:40: value of attribute "reason" is invalid; must be equal to "explanation", "lost", "omitted", "subaudible" or "undefined"
1963:58: value of attribute "type" is invalid; must be equal to "apparatus", "bibliography", "commentary", "edition", "textpart" or "translation"
1970:40: value of attribute "reason" is invalid; must be equal to "explanation", "lost", "omitted", "subaudible" or "undefined"
2003:39: element "div" missing required attribute "type"
2023:55: value of attribute "type" is invalid; must be equal to "apparatus", "bibliography", "commentary", "edition", "textpart" or "translation"
2025:58: value of attribute "type" is invalid; must be equal to "apparatus", "bibliography", "commentary", "edition", "textpart" or "translation"
2032:40: value of attribute "reason" is invalid; must be equal to "explanation", "lost", "omitted", "subaudible" or "undefined"
2070:58: value of attribute "type" is invalid; must be equal to "apparatus", "bibliography", "commentary", "edition", "textpart" or "translation"
2077:40: value of attribute "reason" is invalid; must be equal to "explanation", "lost", "omitted", "subaudible" or "undefined"
2113:58: value of attribute "type" is invalid; must be equal to "apparatus", "bibliography", "commentary", "edition", "textpart" or "translation"
2120:40: value of attribute "reason" is invalid; must be equal to "explanation", "lost", "omitted", "subaudible" or "undefined"
215:34: element "div" missing required attribute "type"
2180:58: value of attribute "type" is invalid; must be equal to "apparatus", "bibliography", "commentary", "edition", "textpart" or "translation"
2187:40: value of attribute "reason" is invalid; must be equal to "explanation", "lost", "omitted", "subaudible" or "undefined"
2218:58: value of attribute "type" is invalid; must be equal to "apparatus", "bibliography", "commentary", "edition", "textpart" or "translation"
2225:40: value of attribute "reason" is invalid; must be equal to "explanation", "lost", "omitted", "subaudible" or "undefined"
226:55: value of attribute "type" is invalid; must be equal to "apparatus", "bibliography", "commentary", "edition", "textpart" or "translation"
2266:58: value of attribute "type" is invalid; must be equal to "apparatus", "bibliography", "commentary", "edition", "textpart" or "translation"
2273:40: value of attribute "reason" is invalid; must be equal to "explanation", "lost", "omitted", "subaudible" or "undefined"
228:57: value of attribute "type" is invalid; must be equal to "apparatus", "bibliography", "commentary", "edition", "textpart" or "translation"
230:40: value of attribute "reason" is invalid; must be equal to "explanation", "lost", "omitted", "subaudible" or "undefined"
2309:58: value of attribute "type" is invalid; must be equal to "apparatus", "bibliography", "commentary", "edition", "textpart" or "translation"
2316:40: value of attribute "reason" is invalid; must be equal to "explanation", "lost", "omitted", "subaudible" or "undefined"
2335:80: value of attribute "reason" is invalid; must be equal to "explanation", "lost", "omitted", "subaudible" or "undefined"
2350:58: value of attribute "type" is invalid; must be equal to "apparatus", "bibliography", "commentary", "edition", "textpart" or "translation"
2357:40: value of attribute "reason" is invalid; must be equal to "explanation", "lost", "omitted", "subaudible" or "undefined"
2398:58: value of attribute "type" is invalid; must be equal to "apparatus", "bibliography", "commentary", "edition", "textpart" or "translation"
2405:40: value of attribute "reason" is invalid; must be equal to "explanation", "lost", "omitted", "subaudible" or "undefined"
2429:58: value of attribute "type" is invalid; must be equal to "apparatus", "bibliography", "commentary", "edition", "textpart" or "translation"
2436:40: value of attribute "reason" is invalid; must be equal to "explanation", "lost", "omitted", "subaudible" or "undefined"
2475:58: value of attribute "type" is invalid; must be equal to "apparatus", "bibliography", "commentary", "edition", "textpart" or "translation"
2482:40: value of attribute "reason" is invalid; must be equal to "explanation", "lost", "omitted", "subaudible" or "undefined"
2515:58: value of attribute "type" is invalid; must be equal to "apparatus", "bibliography", "commentary", "edition", "textpart" or "translation"
2522:40: value of attribute "reason" is invalid; must be equal to "explanation", "lost", "omitted", "subaudible" or "undefined"
2573:58: value of attribute "type" is invalid; must be equal to "apparatus", "bibliography", "commentary", "edition", "textpart" or "translation"
2580:40: value of attribute "reason" is invalid; must be equal to "explanation", "lost", "omitted", "subaudible" or "undefined"
2618:58: value of attribute "type" is invalid; must be equal to "apparatus", "bibliography", "commentary", "edition", "textpart" or "translation"
2625:40: value of attribute "reason" is invalid; must be equal to "explanation", "lost", "omitted", "subaudible" or "undefined"
265:57: value of attribute "type" is invalid; must be equal to "apparatus", "bibliography", "commentary", "edition", "textpart" or "translation"
2659:58: value of attribute "type" is invalid; must be equal to "apparatus", "bibliography", "commentary", "edition", "textpart" or "translation"
2666:40: value of attribute "reason" is invalid; must be equal to "explanation", "lost", "omitted", "subaudible" or "undefined"
267:40: value of attribute "reason" is invalid; must be equal to "explanation", "lost", "omitted", "subaudible" or "undefined"
2715:51: value of attribute "type" is invalid; must be equal to "apparatus", "bibliography", "commentary", "edition", "textpart" or "translation"
2722:40: value of attribute "reason" is invalid; must be equal to "explanation", "lost", "omitted", "subaudible" or "undefined"
2756:58: value of attribute "type" is invalid; must be equal to "apparatus", "bibliography", "commentary", "edition", "textpart" or "translation"
2763:40: value of attribute "reason" is invalid; must be equal to "explanation", "lost", "omitted", "subaudible" or "undefined"
2804:39: element "div" missing required attribute "type"
2809:55: value of attribute "type" is invalid; must be equal to "apparatus", "bibliography", "commentary", "edition", "textpart" or "translation"
2812:58: value of attribute "type" is invalid; must be equal to "apparatus", "bibliography", "commentary", "edition", "textpart" or "translation"
2819:40: value of attribute "reason" is invalid; must be equal to "explanation", "lost", "omitted", "subaudible" or "undefined"
2854:58: value of attribute "type" is invalid; must be equal to "apparatus", "bibliography", "commentary", "edition", "textpart" or "translation"
2861:40: value of attribute "reason" is invalid; must be equal to "explanation", "lost", "omitted", "subaudible" or "undefined"
2895:58: value of attribute "type" is invalid; must be equal to "apparatus", "bibliography", "commentary", "edition", "textpart" or "translation"
2902:40: value of attribute "reason" is invalid; must be equal to "explanation", "lost", "omitted", "subaudible" or "undefined"
2956:58: value of attribute "type" is invalid; must be equal to "apparatus", "bibliography", "commentary", "edition", "textpart" or "translation"
2963:40: value of attribute "reason" is invalid; must be equal to "explanation", "lost", "omitted", "subaudible" or "undefined"
2997:58: value of attribute "type" is invalid; must be equal to "apparatus", "bibliography", "commentary", "edition", "textpart" or "translation"
3004:40: value of attribute "reason" is invalid; must be equal to "explanation", "lost", "omitted", "subaudible" or "undefined"
3059:58: value of attribute "type" is invalid; must be equal to "apparatus", "bibliography", "commentary", "edition", "textpart" or "translation"
3066:40: value of attribute "reason" is invalid; must be equal to "explanation", "lost", "omitted", "subaudible" or "undefined"
308:57: value of attribute "type" is invalid; must be equal to "apparatus", "bibliography", "commentary", "edition", "textpart" or "translation"
310:40: value of attribute "reason" is invalid; must be equal to "explanation", "lost", "omitted", "subaudible" or "undefined"
3150:60: value of attribute "type" is invalid; must be equal to "apparatus", "bibliography", "commentary", "edition", "textpart" or "translation"
3201:58: value of attribute "type" is invalid; must be equal to "apparatus", "bibliography", "commentary", "edition", "textpart" or "translation"
3208:40: value of attribute "reason" is invalid; must be equal to "explanation", "lost", "omitted", "subaudible" or "undefined"
3234:58: value of attribute "type" is invalid; must be equal to "apparatus", "bibliography", "commentary", "edition", "textpart" or "translation"
3241:40: value of attribute "reason" is invalid; must be equal to "explanation", "lost", "omitted", "subaudible" or "undefined"
3286:58: value of attribute "type" is invalid; must be equal to "apparatus", "bibliography", "commentary", "edition", "textpart" or "translation"
3293:40: value of attribute "reason" is invalid; must be equal to "explanation", "lost", "omitted", "subaudible" or "undefined"
3332:58: value of attribute "type" is invalid; must be equal to "apparatus", "bibliography", "commentary", "edition", "textpart" or "translation"
3339:40: value of attribute "reason" is invalid; must be equal to "explanation", "lost", "omitted", "subaudible" or "undefined"
3374:58: value of attribute "type" is invalid; must be equal to "apparatus", "bibliography", "commentary", "edition", "textpart" or "translation"
3381:40: value of attribute "reason" is invalid; must be equal to "explanation", "lost", "omitted", "subaudible" or "undefined"
3401:58: value of attribute "type" is invalid; must be equal to "apparatus", "bibliography", "commentary", "edition", "textpart" or "translation"
3408:40: value of attribute "reason" is invalid; must be equal to "explanation", "lost", "omitted", "subaudible" or "undefined"
3483:58: value of attribute "type" is invalid; must be equal to "apparatus", "bibliography", "commentary", "edition", "textpart" or "translation"
3490:40: value of attribute "reason" is invalid; must be equal to "explanation", "lost", "omitted", "subaudible" or "undefined"
3562:58: value of attribute "type" is invalid; must be equal to "apparatus", "bibliography", "commentary", "edition", "textpart" or "translation"
3569:40: value of attribute "reason" is invalid; must be equal to "explanation", "lost", "omitted", "subaudible" or "undefined"
3628:58: value of attribute "type" is invalid; must be equal to "apparatus", "bibliography", "commentary", "edition", "textpart" or "translation"
3635:40: value of attribute "reason" is invalid; must be equal to "explanation", "lost", "omitted", "subaudible" or "undefined"
3713:58: value of attribute "type" is invalid; must be equal to "apparatus", "bibliography", "commentary", "edition", "textpart" or "translation"
3720:40: value of attribute "reason" is invalid; must be equal to "explanation", "lost", "omitted", "subaudible" or "undefined"
3746:58: value of attribute "type" is invalid; must be equal to "apparatus", "bibliography", "commentary", "edition", "textpart" or "translation"
3753:40: value of attribute "reason" is invalid; must be equal to "explanation", "lost", "omitted", "subaudible" or "undefined"
3799:39: element "div" missing required attribute "type"
3808:55: value of attribute "type" is invalid; must be equal to "apparatus", "bibliography", "commentary", "edition", "textpart" or "translation"
3810:58: value of attribute "type" is invalid; must be equal to "apparatus", "bibliography", "commentary", "edition", "textpart" or "translation"
3817:40: value of attribute "reason" is invalid; must be equal to "explanation", "lost", "omitted", "subaudible" or "undefined"
3873:58: value of attribute "type" is invalid; must be equal to "apparatus", "bibliography", "commentary", "edition", "textpart" or "translation"
3880:40: value of attribute "reason" is invalid; must be equal to "explanation", "lost", "omitted", "subaudible" or "undefined"
3924:58: value of attribute "type" is invalid; must be equal to "apparatus", "bibliography", "commentary", "edition", "textpart" or "translation"
3931:40: value of attribute "reason" is invalid; must be equal to "explanation", "lost", "omitted", "subaudible" or "undefined"
3962:58: value of attribute "type" is invalid; must be equal to "apparatus", "bibliography", "commentary", "edition", "textpart" or "translation"
3969:40: value of attribute "reason" is invalid; must be equal to "explanation", "lost", "omitted", "subaudible" or "undefined"
3993:58: value of attribute "type" is invalid; must be equal to "apparatus", "bibliography", "commentary", "edition", "textpart" or "translation"
40:18: element "listWit" not allowed anywhere; expected element "ab", "bibl", "biblFull", "biblStruct", "list", "listApp", "listBibl", "listEvent", "listNym", "listObject", "listOrg", "listPerson", "listPlace", "listRelation", "msDesc", "p" or "table"
4000:40: value of attribute "reason" is invalid; must be equal to "explanation", "lost", "omitted", "subaudible" or "undefined"
4070:58: value of attribute "type" is invalid; must be equal to "apparatus", "bibliography", "commentary", "edition", "textpart" or "translation"
4077:40: value of attribute "reason" is invalid; must be equal to "explanation", "lost", "omitted", "subaudible" or "undefined"
4128:58: value of attribute "type" is invalid; must be equal to "apparatus", "bibliography", "commentary", "edition", "textpart" or "translation"
4135:40: value of attribute "reason" is invalid; must be equal to "explanation", "lost", "omitted", "subaudible" or "undefined"
414:57: value of attribute "type" is invalid; must be equal to "apparatus", "bibliography", "commentary", "edition", "textpart" or "translation"
416:40: value of attribute "reason" is invalid; must be equal to "explanation", "lost", "omitted", "subaudible" or "undefined"
4184:46: element "witDetail" not allowed anywhere; expected the element end-tag or element "note", "noteGrp", "rdg", "rdgGrp" or "wit"
4186:46: element "witDetail" not allowed anywhere; expected the element end-tag or element "note", "noteGrp", "rdg", "rdgGrp" or "wit"
4195:58: value of attribute "type" is invalid; must be equal to "apparatus", "bibliography", "commentary", "edition", "textpart" or "translation"
42:41: element "listWit" not allowed anywhere; expected element "ab", "bibl", "biblFull", "biblStruct", "list", "listApp", "listBibl", "listEvent", "listNym", "listObject", "listOrg", "listPerson", "listPlace", "listRelation", "msDesc", "p" or "table"
4203:40: value of attribute "reason" is invalid; must be equal to "explanation", "lost", "omitted", "subaudible" or "undefined"
4245:46: element "witDetail" not allowed anywhere; expected the element end-tag or element "note", "noteGrp", "rdg", "rdgGrp" or "wit"
4247:46: element "witDetail" not allowed anywhere; expected the element end-tag or element "note", "noteGrp", "rdg", "rdgGrp" or "wit"
4250:58: value of attribute "type" is invalid; must be equal to "apparatus", "bibliography", "commentary", "edition", "textpart" or "translation"
4257:40: value of attribute "reason" is invalid; must be equal to "explanation", "lost", "omitted", "subaudible" or "undefined"
4313:58: value of attribute "type" is invalid; must be equal to "apparatus", "bibliography", "commentary", "edition", "textpart" or "translation"
4320:40: value of attribute "reason" is invalid; must be equal to "explanation", "lost", "omitted", "subaudible" or "undefined"
4374:58: value of attribute "type" is invalid; must be equal to "apparatus", "bibliography", "commentary", "edition", "textpart" or "translation"
4381:40: value of attribute "reason" is invalid; must be equal to "explanation", "lost", "omitted", "subaudible" or "undefined"
4410:58: value of attribute "type" is invalid; must be equal to "apparatus", "bibliography", "commentary", "edition", "textpart" or "translation"
4417:40: value of attribute "reason" is invalid; must be equal to "explanation", "lost", "omitted", "subaudible" or "undefined"
4450:20: element "rdg" missing required attribute "wit"
4482:58: value of attribute "type" is invalid; must be equal to "apparatus", "bibliography", "commentary", "edition", "textpart" or "translation"
4489:40: value of attribute "reason" is invalid; must be equal to "explanation", "lost", "omitted", "subaudible" or "undefined"
4542:58: value of attribute "type" is invalid; must be equal to "apparatus", "bibliography", "commentary", "edition", "textpart" or "translation"
4549:40: value of attribute "reason" is invalid; must be equal to "explanation", "lost", "omitted", "subaudible" or "undefined"
4599:58: value of attribute "type" is invalid; must be equal to "apparatus", "bibliography", "commentary", "edition", "textpart" or "translation"
4606:40: value of attribute "reason" is invalid; must be equal to "explanation", "lost", "omitted", "subaudible" or "undefined"
4649:58: value of attribute "type" is invalid; must be equal to "apparatus", "bibliography", "commentary", "edition", "textpart" or "translation"
4656:40: value of attribute "reason" is invalid; must be equal to "explanation", "lost", "omitted", "subaudible" or "undefined"
4705:58: value of attribute "type" is invalid; must be equal to "apparatus", "bibliography", "commentary", "edition", "textpart" or "translation"
4728:40: value of attribute "reason" is invalid; must be equal to "explanation", "lost", "omitted", "subaudible" or "undefined"
4781:58: value of attribute "type" is invalid; must be equal to "apparatus", "bibliography", "commentary", "edition", "textpart" or "translation"
4788:40: value of attribute "reason" is invalid; must be equal to "explanation", "lost", "omitted", "subaudible" or "undefined"
482:57: value of attribute "type" is invalid; must be equal to "apparatus", "bibliography", "commentary", "edition", "textpart" or "translation"
4823:65: element "span" not allowed anywhere; expected the element end-tag, text or element "ab", "abbr", "add", "addName", "addSpan", "address", "am", "anchor", "annotationBlock", "app", "bibl", "biblFull", "biblStruct", "binaryObject", "bloc", "c", "catchwords", "cb", "certainty", "choice", "cit", "corr", "country", "damage", "date", "del", "delSpan", "depth", "desc", "dim", "dimensions", "distinct", "district", "div", "docAuthor", "docDate", "docEdition", "docImprint", "docTitle", "ellipsis", "email", "emph", "epigraph", "ex", "expan", "figure", "floatingText", "foreign", "forename", "fw", "g", "gap", "gb", "genName", "geo", "geogFeat", "geogName", "gloss", "graphic", "handShift", "height", "heraldry", "hi", "idno", "index", "interp", "interpGrp", "join", "l", "label", "lang", "lb", "lg", "link", "linkGrp", "list", "listApp", "listBibl", "listEvent", "listNym", "listObject", "listOrg", "listPerson", "listPlace", "listRelation", "listTranspose", "location", "locus", "locusGrp", "m", "material", "measure", "measureGrp", "media", "mentioned", "metamark", "milestone", "mod", "msDesc", "name", "notatedMusic", "note", "noteGrp", "num", "objectName", "objectType", "offset", "orgName", "orig", "origDate", "origPlace", "p", "pb", "pc", "persName", "persPronouns", "phr", "placeName", "precision", "ptr", "q", "quote", "redo", "ref", "reg", "region", "retrace", "roleName", "rs", "ruby", "s", "said", "secFol", "secl", "seg", "settlement", "sic", "signatures", "soCalled", "sp", "space", "stage", "stamp", "state", "subst", "substJoin", "supplied", "surname", "surplus", "table", "term", "time", "title", "unclear", "undo", "unit", "w", "watermark", "width" or "wit"
4823:65: value of attribute "type" is invalid
4833:66: element "span" not allowed anywhere; expected the element end-tag, text or element "ab", "abbr", "add", "addName", "addSpan", "address", "am", "anchor", "annotationBlock", "app", "bibl", "biblFull", "biblStruct", "binaryObject", "bloc", "c", "catchwords", "cb", "certainty", "choice", "cit", "corr", "country", "damage", "date", "del", "delSpan", "depth", "desc", "dim", "dimensions", "distinct", "district", "div", "docAuthor", "docDate", "docEdition", "docImprint", "docTitle", "ellipsis", "email", "emph", "epigraph", "ex", "expan", "figure", "floatingText", "foreign", "forename", "fw", "g", "gap", "gb", "genName", "geo", "geogFeat", "geogName", "gloss", "graphic", "handShift", "height", "heraldry", "hi", "idno", "index", "interp", "interpGrp", "join", "l", "label", "lang", "lb", "lg", "link", "linkGrp", "list", "listApp", "listBibl", "listEvent", "listNym", "listObject", "listOrg", "listPerson", "listPlace", "listRelation", "listTranspose", "location", "locus", "locusGrp", "m", "material", "measure", "measureGrp", "media", "mentioned", "metamark", "milestone", "mod", "msDesc", "name", "notatedMusic", "note", "noteGrp", "num", "objectName", "objectType", "offset", "orgName", "orig", "origDate", "origPlace", "p", "pb", "pc", "persName", "persPronouns", "phr", "placeName", "precision", "ptr", "q", "quote", "redo", "ref", "reg", "region", "retrace", "roleName", "rs", "ruby", "s", "said", "secFol", "secl", "seg", "settlement", "sic", "signatures", "soCalled", "sp", "space", "stage", "stamp", "state", "subst", "substJoin", "supplied", "surname", "surplus", "table", "term", "time", "title", "unclear", "undo", "unit", "w", "watermark", "width" or "wit"
4833:66: value of attribute "type" is invalid
4838:58: value of attribute "type" is invalid; must be equal to "apparatus", "bibliography", "commentary", "edition", "textpart" or "translation"
484:40: value of attribute "reason" is invalid; must be equal to "explanation", "lost", "omitted", "subaudible" or "undefined"
4845:40: value of attribute "reason" is invalid; must be equal to "explanation", "lost", "omitted", "subaudible" or "undefined"
4862:55: element "span" not allowed anywhere; expected the element end-tag, text or element "ab", "abbr", "add", "addName", "addSpan", "address", "am", "anchor", "annotationBlock", "app", "bibl", "biblFull", "biblStruct", "binaryObject", "bloc", "c", "catchwords", "cb", "certainty", "choice", "cit", "corr", "country", "damage", "date", "del", "delSpan", "depth", "desc", "dim", "dimensions", "distinct", "district", "div", "docAuthor", "docDate", "docEdition", "docImprint", "docTitle", "ellipsis", "email", "emph", "epigraph", "ex", "expan", "figure", "floatingText", "foreign", "forename", "fw", "g", "gap", "gb", "genName", "geo", "geogFeat", "geogName", "gloss", "graphic", "handShift", "height", "heraldry", "hi", "idno", "index", "interp", "interpGrp", "join", "l", "label", "lang", "lb", "lg", "link", "linkGrp", "list", "listApp", "listBibl", "listEvent", "listNym", "listObject", "listOrg", "listPerson", "listPlace", "listRelation", "listTranspose", "location", "locus", "locusGrp", "m", "material", "measure", "measureGrp", "media", "mentioned", "metamark", "milestone", "mod", "msDesc", "name", "notatedMusic", "note", "noteGrp", "num", "objectName", "objectType", "offset", "orgName", "orig", "origDate", "origPlace", "p", "pb", "pc", "persName", "persPronouns", "phr", "placeName", "precision", "ptr", "q", "quote", "redo", "ref", "reg", "region", "retrace", "roleName", "rs", "ruby", "s", "said", "secFol", "secl", "seg", "settlement", "sic", "signatures", "soCalled", "sp", "space", "stage", "stamp", "state", "subst", "substJoin", "supplied", "surname", "surplus", "table", "term", "time", "title", "unclear", "undo", "unit", "w", "watermark", "width" or "wit"
4862:55: value of attribute "type" is invalid
4873:58: value of attribute "type" is invalid; must be equal to "apparatus", "bibliography", "commentary", "edition", "textpart" or "translation"
4880:40: value of attribute "reason" is invalid; must be equal to "explanation", "lost", "omitted", "subaudible" or "undefined"
4911:58: value of attribute "type" is invalid; must be equal to "apparatus", "bibliography", "commentary", "edition", "textpart" or "translation"
4918:40: value of attribute "reason" is invalid; must be equal to "explanation", "lost", "omitted", "subaudible" or "undefined"
4934:55: element "span" not allowed anywhere; expected the element end-tag, text or element "ab", "abbr", "add", "addName", "addSpan", "address", "am", "anchor", "annotationBlock", "app", "bibl", "biblFull", "biblStruct", "binaryObject", "bloc", "c", "catchwords", "cb", "certainty", "choice", "cit", "corr", "country", "damage", "date", "del", "delSpan", "depth", "desc", "dim", "dimensions", "distinct", "district", "div", "docAuthor", "docDate", "docEdition", "docImprint", "docTitle", "ellipsis", "email", "emph", "epigraph", "ex", "expan", "figure", "floatingText", "foreign", "forename", "fw", "g", "gap", "gb", "genName", "geo", "geogFeat", "geogName", "gloss", "graphic", "handShift", "height", "heraldry", "hi", "idno", "index", "interp", "interpGrp", "join", "l", "label", "lang", "lb", "lg", "link", "linkGrp", "list", "listApp", "listBibl", "listEvent", "listNym", "listObject", "listOrg", "listPerson", "listPlace", "listRelation", "listTranspose", "location", "locus", "locusGrp", "m", "material", "measure", "measureGrp", "media", "mentioned", "metamark", "milestone", "mod", "msDesc", "name", "notatedMusic", "note", "noteGrp", "num", "objectName", "objectType", "offset", "orgName", "orig", "origDate", "origPlace", "p", "pb", "pc", "persName", "persPronouns", "phr", "placeName", "precision", "ptr", "q", "quote", "redo", "ref", "reg", "region", "retrace", "roleName", "rs", "ruby", "s", "said", "secFol", "secl", "seg", "settlement", "sic", "signatures", "soCalled", "sp", "space", "stage", "stamp", "state", "subst", "substJoin", "supplied", "surname", "surplus", "table", "term", "time", "title", "unclear", "undo", "unit", "w", "watermark", "width" or "wit"
4934:55: value of attribute "type" is invalid
4961:58: value of attribute "type" is invalid; must be equal to "apparatus", "bibliography", "commentary", "edition", "textpart" or "translation"
4984:40: value of attribute "reason" is invalid; must be equal to "explanation", "lost", "omitted", "subaudible" or "undefined"
5036:58: value of attribute "type" is invalid; must be equal to "apparatus", "bibliography", "commentary", "edition", "textpart" or "translation"
5043:40: value of attribute "reason" is invalid; must be equal to "explanation", "lost", "omitted", "subaudible" or "undefined"
5105:58: value of attribute "type" is invalid; must be equal to "apparatus", "bibliography", "commentary", "edition", "textpart" or "translation"
5113:40: value of attribute "reason" is invalid; must be equal to "explanation", "lost", "omitted", "subaudible" or "undefined"
5171:58: value of attribute "type" is invalid; must be equal to "apparatus", "bibliography", "commentary", "edition", "textpart" or "translation"
5239:90: element "span" not allowed anywhere; expected the element end-tag, text or element "ab", "abbr", "add", "addName", "addSpan", "address", "am", "anchor", "annotationBlock", "app", "bibl", "biblFull", "biblStruct", "binaryObject", "bloc", "c", "catchwords", "cb", "certainty", "choice", "cit", "corr", "country", "damage", "date", "del", "delSpan", "depth", "desc", "dim", "dimensions", "distinct", "district", "div", "docAuthor", "docDate", "docEdition", "docImprint", "docTitle", "ellipsis", "email", "emph", "epigraph", "ex", "expan", "figure", "floatingText", "foreign", "forename", "fw", "g", "gap", "gb", "genName", "geo", "geogFeat", "geogName", "gloss", "graphic", "handShift", "height", "heraldry", "hi", "idno", "index", "interp", "interpGrp", "join", "l", "label", "lang", "lb", "lg", "link", "linkGrp", "list", "listApp", "listBibl", "listEvent", "listNym", "listObject", "listOrg", "listPerson", "listPlace", "listRelation", "listTranspose", "location", "locus", "locusGrp", "m", "material", "measure", "measureGrp", "media", "mentioned", "metamark", "milestone", "mod", "msDesc", "name", "notatedMusic", "note", "noteGrp", "num", "objectName", "objectType", "offset", "orgName", "orig", "origDate", "origPlace", "p", "pb", "pc", "persName", "persPronouns", "phr", "placeName", "precision", "ptr", "q", "quote", "redo", "ref", "reg", "region", "retrace", "roleName", "rs", "ruby", "s", "said", "secFol", "secl", "seg", "settlement", "sic", "signatures", "soCalled", "sp", "space", "stage", "stamp", "state", "subst", "substJoin", "supplied", "surname", "surplus", "table", "term", "time", "title", "unclear", "undo", "unit", "w", "watermark", "width" or "wit"
5239:90: value of attribute "type" is invalid
5389:58: value of attribute "type" is invalid; must be equal to "apparatus", "bibliography", "commentary", "edition", "textpart" or "translation"
5396:40: value of attribute "reason" is invalid; must be equal to "explanation", "lost", "omitted", "subaudible" or "undefined"
5411:55: element "span" not allowed anywhere; expected the element end-tag, text or element "ab", "abbr", "add", "addName", "addSpan", "address", "am", "anchor", "annotationBlock", "app", "bibl", "biblFull", "biblStruct", "binaryObject", "bloc", "c", "catchwords", "cb", "certainty", "choice", "cit", "corr", "country", "damage", "date", "del", "delSpan", "depth", "desc", "dim", "dimensions", "distinct", "district", "div", "docAuthor", "docDate", "docEdition", "docImprint", "docTitle", "ellipsis", "email", "emph", "epigraph", "ex", "expan", "figure", "floatingText", "foreign", "forename", "fw", "g", "gap", "gb", "genName", "geo", "geogFeat", "geogName", "gloss", "graphic", "handShift", "height", "heraldry", "hi", "idno", "index", "interp", "interpGrp", "join", "l", "label", "lang", "lb", "lg", "link", "linkGrp", "list", "listApp", "listBibl", "listEvent", "listNym", "listObject", "listOrg", "listPerson", "listPlace", "listRelation", "listTranspose", "location", "locus", "locusGrp", "m", "material", "measure", "measureGrp", "media", "mentioned", "metamark", "milestone", "mod", "msDesc", "name", "notatedMusic", "note", "noteGrp", "num", "objectName", "objectType", "offset", "orgName", "orig", "origDate", "origPlace", "p", "pb", "pc", "persName", "persPronouns", "phr", "placeName", "precision", "ptr", "q", "quote", "redo", "ref", "reg", "region", "retrace", "roleName", "rs", "ruby", "s", "said", "secFol", "secl", "seg", "settlement", "sic", "signatures", "soCalled", "sp", "space", "stage", "stamp", "state", "subst", "substJoin", "supplied", "surname", "surplus", "table", "term", "time", "title", "unclear", "undo", "unit", "w", "watermark", "width" or "wit"
5411:55: value of attribute "type" is invalid
5444:58: value of attribute "type" is invalid; must be equal to "apparatus", "bibliography", "commentary", "edition", "textpart" or "translation"
5451:40: value of attribute "reason" is invalid; must be equal to "explanation", "lost", "omitted", "subaudible" or "undefined"
5498:58: value of attribute "type" is invalid; must be equal to "apparatus", "bibliography", "commentary", "edition", "textpart" or "translation"
5505:40: value of attribute "reason" is invalid; must be equal to "explanation", "lost", "omitted", "subaudible" or "undefined"
5565:58: value of attribute "type" is invalid; must be equal to "apparatus", "bibliography", "commentary", "edition", "textpart" or "translation"
5572:40: value of attribute "reason" is invalid; must be equal to "explanation", "lost", "omitted", "subaudible" or "undefined"
5604:58: value of attribute "type" is invalid; must be equal to "apparatus", "bibliography", "commentary", "edition", "textpart" or "translation"
5611:40: value of attribute "reason" is invalid; must be equal to "explanation", "lost", "omitted", "subaudible" or "undefined"
5649:58: value of attribute "type" is invalid; must be equal to "apparatus", "bibliography", "commentary", "edition", "textpart" or "translation"
5656:40: value of attribute "reason" is invalid; must be equal to "explanation", "lost", "omitted", "subaudible" or "undefined"
5753:58: value of attribute "type" is invalid; must be equal to "apparatus", "bibliography", "commentary", "edition", "textpart" or "translation"
5760:40: value of attribute "reason" is invalid; must be equal to "explanation", "lost", "omitted", "subaudible" or "undefined"
58:22: element "listWit" not allowed anywhere; expected element "ab", "bibl", "biblFull", "biblStruct", "list", "listApp", "listBibl", "listEvent", "listNym", "listObject", "listOrg", "listPerson", "listPlace", "listRelation", "msDesc", "p" or "table"
5804:58: value of attribute "type" is invalid; must be equal to "apparatus", "bibliography", "commentary", "edition", "textpart" or "translation"
5811:40: value of attribute "reason" is invalid; must be equal to "explanation", "lost", "omitted", "subaudible" or "undefined"
5898:58: value of attribute "type" is invalid; must be equal to "apparatus", "bibliography", "commentary", "edition", "textpart" or "translation"
5905:40: value of attribute "reason" is invalid; must be equal to "explanation", "lost", "omitted", "subaudible" or "undefined"
5950:59: value of attribute "type" is invalid; must be equal to "apparatus", "bibliography", "commentary", "edition", "textpart" or "translation"
5957:40: value of attribute "reason" is invalid; must be equal to "explanation", "lost", "omitted", "subaudible" or "undefined"
6000:59: value of attribute "type" is invalid; must be equal to "apparatus", "bibliography", "commentary", "edition", "textpart" or "translation"
6007:40: value of attribute "reason" is invalid; must be equal to "explanation", "lost", "omitted", "subaudible" or "undefined"
6054:59: value of attribute "type" is invalid; must be equal to "apparatus", "bibliography", "commentary", "edition", "textpart" or "translation"
6061:40: value of attribute "reason" is invalid; must be equal to "explanation", "lost", "omitted", "subaudible" or "undefined"
6119:59: value of attribute "type" is invalid; must be equal to "apparatus", "bibliography", "commentary", "edition", "textpart" or "translation"
6126:40: value of attribute "reason" is invalid; must be equal to "explanation", "lost", "omitted", "subaudible" or "undefined"
6169:59: value of attribute "type" is invalid; must be equal to "apparatus", "bibliography", "commentary", "edition", "textpart" or "translation"
6176:40: value of attribute "reason" is invalid; must be equal to "explanation", "lost", "omitted", "subaudible" or "undefined"
62:41: element "listWit" not allowed anywhere; expected element "ab", "bibl", "biblFull", "biblStruct", "list", "listApp", "listBibl", "listEvent", "listNym", "listObject", "listOrg", "listPerson", "listPlace", "listRelation", "msDesc", "p" or "table"
6209:59: value of attribute "type" is invalid; must be equal to "apparatus", "bibliography", "commentary", "edition", "textpart" or "translation"
6216:40: value of attribute "reason" is invalid; must be equal to "explanation", "lost", "omitted", "subaudible" or "undefined"
6276:59: value of attribute "type" is invalid; must be equal to "apparatus", "bibliography", "commentary", "edition", "textpart" or "translation"
6283:40: value of attribute "reason" is invalid; must be equal to "explanation", "lost", "omitted", "subaudible" or "undefined"
6339:55: element "witDetail" not allowed anywhere; expected the element end-tag or element "note", "noteGrp", "rdg", "rdgGrp" or "wit"
6366:59: value of attribute "type" is invalid; must be equal to "apparatus", "bibliography", "commentary", "edition", "textpart" or "translation"
6373:40: value of attribute "reason" is invalid; must be equal to "explanation", "lost", "omitted", "subaudible" or "undefined"
6413:59: value of attribute "type" is invalid; must be equal to "apparatus", "bibliography", "commentary", "edition", "textpart" or "translation"
6420:40: value of attribute "reason" is invalid; must be equal to "explanation", "lost", "omitted", "subaudible" or "undefined"
6483:39: element "div" missing required attribute "type"
6494:55: value of attribute "type" is invalid; must be equal to "apparatus", "bibliography", "commentary", "edition", "textpart" or "translation"
6496:59: value of attribute "type" is invalid; must be equal to "apparatus", "bibliography", "commentary", "edition", "textpart" or "translation"
6503:40: value of attribute "reason" is invalid; must be equal to "explanation", "lost", "omitted", "subaudible" or "undefined"
6540:55: element "witDetail" not allowed anywhere; expected the element end-tag or element "note", "noteGrp", "rdg", "rdgGrp" or "wit"
6547:59: value of attribute "type" is invalid; must be equal to "apparatus", "bibliography", "commentary", "edition", "textpart" or "translation"
6554:40: value of attribute "reason" is invalid; must be equal to "explanation", "lost", "omitted", "subaudible" or "undefined"
6589:59: value of attribute "type" is invalid; must be equal to "apparatus", "bibliography", "commentary", "edition", "textpart" or "translation"
6596:40: value of attribute "reason" is invalid; must be equal to "explanation", "lost", "omitted", "subaudible" or "undefined"
6651:59: value of attribute "type" is invalid; must be equal to "apparatus", "bibliography", "commentary", "edition", "textpart" or "translation"
6658:40: value of attribute "reason" is invalid; must be equal to "explanation", "lost", "omitted", "subaudible" or "undefined"
6692:59: value of attribute "type" is invalid; must be equal to "apparatus", "bibliography", "commentary", "edition", "textpart" or "translation"
6699:40: value of attribute "reason" is invalid; must be equal to "explanation", "lost", "omitted", "subaudible" or "undefined"
6743:55: element "witDetail" not allowed anywhere; expected the element end-tag or element "note", "noteGrp", "rdg", "rdgGrp" or "wit"
6753:59: value of attribute "type" is invalid; must be equal to "apparatus", "bibliography", "commentary", "edition", "textpart" or "translation"
6760:40: value of attribute "reason" is invalid; must be equal to "explanation", "lost", "omitted", "subaudible" or "undefined"
6796:59: value of attribute "type" is invalid; must be equal to "apparatus", "bibliography", "commentary", "edition", "textpart" or "translation"
6803:40: value of attribute "reason" is invalid; must be equal to "explanation", "lost", "omitted", "subaudible" or "undefined"
6832:59: value of attribute "type" is invalid; must be equal to "apparatus", "bibliography", "commentary", "edition", "textpart" or "translation"
6839:40: value of attribute "reason" is invalid; must be equal to "explanation", "lost", "omitted", "subaudible" or "undefined"
6872:59: value of attribute "type" is invalid; must be equal to "apparatus", "bibliography", "commentary", "edition", "textpart" or "translation"
6894:40: value of attribute "reason" is invalid; must be equal to "explanation", "lost", "omitted", "subaudible" or "undefined"
6934:59: value of attribute "type" is invalid; must be equal to "apparatus", "bibliography", "commentary", "edition", "textpart" or "translation"
6941:40: value of attribute "reason" is invalid; must be equal to "explanation", "lost", "omitted", "subaudible" or "undefined"
6962:83: element "span" not allowed anywhere; expected the element end-tag, text or element "ab", "abbr", "add", "addName", "addSpan", "address", "am", "anchor", "annotationBlock", "app", "bibl", "biblFull", "biblStruct", "binaryObject", "bloc", "c", "catchwords", "cb", "certainty", "choice", "cit", "corr", "country", "damage", "date", "del", "delSpan", "depth", "desc", "dim", "dimensions", "distinct", "district", "div", "docAuthor", "docDate", "docEdition", "docImprint", "docTitle", "ellipsis", "email", "emph", "epigraph", "ex", "expan", "figure", "floatingText", "foreign", "forename", "fw", "g", "gap", "gb", "genName", "geo", "geogFeat", "geogName", "gloss", "graphic", "handShift", "height", "heraldry", "hi", "idno", "index", "interp", "interpGrp", "join", "l", "label", "lang", "lb", "lg", "link", "linkGrp", "list", "listApp", "listBibl", "listEvent", "listNym", "listObject", "listOrg", "listPerson", "listPlace", "listRelation", "listTranspose", "location", "locus", "locusGrp", "m", "material", "measure", "measureGrp", "media", "mentioned", "metamark", "milestone", "mod", "msDesc", "name", "notatedMusic", "note", "noteGrp", "num", "objectName", "objectType", "offset", "orgName", "orig", "origDate", "origPlace", "p", "pb", "pc", "persName", "persPronouns", "phr", "placeName", "precision", "ptr", "q", "quote", "redo", "ref", "reg", "region", "retrace", "roleName", "rs", "ruby", "s", "said", "secFol", "secl", "seg", "settlement", "sic", "signatures", "soCalled", "sp", "space", "stage", "stamp", "state", "subst", "substJoin", "supplied", "surname", "surplus", "table", "term", "time", "title", "unclear", "undo", "unit", "w", "watermark", "width" or "wit"
6962:83: value of attribute "type" is invalid
6979:59: value of attribute "type" is invalid; must be equal to "apparatus", "bibliography", "commentary", "edition", "textpart" or "translation"
6986:40: value of attribute "reason" is invalid; must be equal to "explanation", "lost", "omitted", "subaudible" or "undefined"
7009:55: element "span" not allowed anywhere; expected the element end-tag, text or element "ab", "abbr", "add", "addName", "addSpan", "address", "am", "anchor", "annotationBlock", "app", "bibl", "biblFull", "biblStruct", "binaryObject", "bloc", "c", "catchwords", "cb", "certainty", "choice", "cit", "corr", "country", "damage", "date", "del", "delSpan", "depth", "desc", "dim", "dimensions", "distinct", "district", "div", "docAuthor", "docDate", "docEdition", "docImprint", "docTitle", "ellipsis", "email", "emph", "epigraph", "ex", "expan", "figure", "floatingText", "foreign", "forename", "fw", "g", "gap", "gb", "genName", "geo", "geogFeat", "geogName", "gloss", "graphic", "handShift", "height", "heraldry", "hi", "idno", "index", "interp", "interpGrp", "join", "l", "label", "lang", "lb", "lg", "link", "linkGrp", "list", "listApp", "listBibl", "listEvent", "listNym", "listObject", "listOrg", "listPerson", "listPlace", "listRelation", "listTranspose", "location", "locus", "locusGrp", "m", "material", "measure", "measureGrp", "media", "mentioned", "metamark", "milestone", "mod", "msDesc", "name", "notatedMusic", "note", "noteGrp", "num", "objectName", "objectType", "offset", "orgName", "orig", "origDate", "origPlace", "p", "pb", "pc", "persName", "persPronouns", "phr", "placeName", "precision", "ptr", "q", "quote", "redo", "ref", "reg", "region", "retrace", "roleName", "rs", "ruby", "s", "said", "secFol", "secl", "seg", "settlement", "sic", "signatures", "soCalled", "sp", "space", "stage", "stamp", "state", "subst", "substJoin", "supplied", "surname", "surplus", "table", "term", "time", "title", "unclear", "undo", "unit", "w", "watermark", "width" or "wit"
7009:55: value of attribute "type" is invalid
7061:59: value of attribute "type" is invalid; must be equal to "apparatus", "bibliography", "commentary", "edition", "textpart" or "translation"
7068:40: value of attribute "reason" is invalid; must be equal to "explanation", "lost", "omitted", "subaudible" or "undefined"
7123:59: value of attribute "type" is invalid; must be equal to "apparatus", "bibliography", "commentary", "edition", "textpart" or "translation"
7130:40: value of attribute "reason" is invalid; must be equal to "explanation", "lost", "omitted", "subaudible" or "undefined"
7168:55: element "witDetail" not allowed anywhere; expected the element end-tag or element "note", "noteGrp", "rdg", "rdgGrp" or "wit"
7208:59: value of attribute "type" is invalid; must be equal to "apparatus", "bibliography", "commentary", "edition", "textpart" or "translation"
7216:40: value of attribute "reason" is invalid; must be equal to "explanation", "lost", "omitted", "subaudible" or "undefined"
7274:20: element "rdg" missing required attribute "wit"
7300:59: value of attribute "type" is invalid; must be equal to "apparatus", "bibliography", "commentary", "edition", "textpart" or "translation"
7307:40: value of attribute "reason" is invalid; must be equal to "explanation", "lost", "omitted", "subaudible" or "undefined"
733:57: value of attribute "type" is invalid; must be equal to "apparatus", "bibliography", "commentary", "edition", "textpart" or "translation"
7368:59: value of attribute "type" is invalid; must be equal to "apparatus", "bibliography", "commentary", "edition", "textpart" or "translation"
7375:40: value of attribute "reason" is invalid; must be equal to "explanation", "lost", "omitted", "subaudible" or "undefined"
740:40: value of attribute "reason" is invalid; must be equal to "explanation", "lost", "omitted", "subaudible" or "undefined"
7402:59: value of attribute "type" is invalid; must be equal to "apparatus", "bibliography", "commentary", "edition", "textpart" or "translation"
7409:40: value of attribute "reason" is invalid; must be equal to "explanation", "lost", "omitted", "subaudible" or "undefined"
7507:59: value of attribute "type" is invalid; must be equal to "apparatus", "bibliography", "commentary", "edition", "textpart" or "translation"
7515:40: value of attribute "reason" is invalid; must be equal to "explanation", "lost", "omitted", "subaudible" or "undefined"
7537:58: value of attribute "reason" is invalid; must be equal to "explanation", "lost", "omitted", "subaudible" or "undefined"
7549:46: value of attribute "reason" is invalid; must be equal to "explanation", "lost", "omitted", "subaudible" or "undefined"
7555:59: value of attribute "type" is invalid; must be equal to "apparatus", "bibliography", "commentary", "edition", "textpart" or "translation"
7562:40: value of attribute "reason" is invalid; must be equal to "explanation", "lost", "omitted", "subaudible" or "undefined"
7628:59: value of attribute "type" is invalid; must be equal to "apparatus", "bibliography", "commentary", "edition", "textpart" or "translation"
7635:40: value of attribute "reason" is invalid; must be equal to "explanation", "lost", "omitted", "subaudible" or "undefined"
7664:59: value of attribute "type" is invalid; must be equal to "apparatus", "bibliography", "commentary", "edition", "textpart" or "translation"
7671:40: value of attribute "reason" is invalid; must be equal to "explanation", "lost", "omitted", "subaudible" or "undefined"
77:22: element "listWit" not allowed anywhere; expected element "ab", "bibl", "biblFull", "biblStruct", "list", "listApp", "listBibl", "listEvent", "listNym", "listObject", "listOrg", "listPerson", "listPlace", "listRelation", "msDesc", "p" or "table"
7719:59: value of attribute "type" is invalid; must be equal to "apparatus", "bibliography", "commentary", "edition", "textpart" or "translation"
7726:40: value of attribute "reason" is invalid; must be equal to "explanation", "lost", "omitted", "subaudible" or "undefined"
7855:59: value of attribute "type" is invalid; must be equal to "apparatus", "bibliography", "commentary", "edition", "textpart" or "translation"
7862:40: value of attribute "reason" is invalid; must be equal to "explanation", "lost", "omitted", "subaudible" or "undefined"
7905:59: value of attribute "type" is invalid; must be equal to "apparatus", "bibliography", "commentary", "edition", "textpart" or "translation"
7912:40: value of attribute "reason" is invalid; must be equal to "explanation", "lost", "omitted", "subaudible" or "undefined"
7969:59: value of attribute "type" is invalid; must be equal to "apparatus", "bibliography", "commentary", "edition", "textpart" or "translation"
7976:40: value of attribute "reason" is invalid; must be equal to "explanation", "lost", "omitted", "subaudible" or "undefined"
798:57: value of attribute "type" is invalid; must be equal to "apparatus", "bibliography", "commentary", "edition", "textpart" or "translation"
805:40: value of attribute "reason" is invalid; must be equal to "explanation", "lost", "omitted", "subaudible" or "undefined"
8089:59: value of attribute "type" is invalid; must be equal to "apparatus", "bibliography", "commentary", "edition", "textpart" or "translation"
8096:40: value of attribute "reason" is invalid; must be equal to "explanation", "lost", "omitted", "subaudible" or "undefined"
8129:74: element "span" not allowed anywhere; expected the element end-tag, text or element "ab", "abbr", "add", "addName", "addSpan", "address", "am", "anchor", "annotationBlock", "app", "bibl", "biblFull", "biblStruct", "binaryObject", "bloc", "c", "catchwords", "cb", "certainty", "choice", "cit", "corr", "country", "damage", "date", "del", "delSpan", "depth", "desc", "dim", "dimensions", "distinct", "district", "div", "docAuthor", "docDate", "docEdition", "docImprint", "docTitle", "ellipsis", "email", "emph", "epigraph", "ex", "expan", "figure", "floatingText", "foreign", "forename", "fw", "g", "gap", "gb", "genName", "geo", "geogFeat", "geogName", "gloss", "graphic", "handShift", "height", "heraldry", "hi", "idno", "index", "interp", "interpGrp", "join", "l", "label", "lang", "lb", "lg", "link", "linkGrp", "list", "listApp", "listBibl", "listEvent", "listNym", "listObject", "listOrg", "listPerson", "listPlace", "listRelation", "listTranspose", "location", "locus", "locusGrp", "m", "material", "measure", "measureGrp", "media", "mentioned", "metamark", "milestone", "mod", "msDesc", "name", "notatedMusic", "note", "noteGrp", "num", "objectName", "objectType", "offset", "orgName", "orig", "origDate", "origPlace", "p", "pb", "pc", "persName", "persPronouns", "phr", "placeName", "precision", "ptr", "q", "quote", "redo", "ref", "reg", "region", "retrace", "roleName", "rs", "ruby", "s", "said", "secFol", "secl", "seg", "settlement", "sic", "signatures", "soCalled", "sp", "space", "stage", "stamp", "state", "subst", "substJoin", "supplied", "surname", "surplus", "table", "term", "time", "title", "unclear", "undo", "unit", "w", "watermark", "width" or "wit"
8129:74: value of attribute "type" is invalid
8142:59: value of attribute "type" is invalid; must be equal to "apparatus", "bibliography", "commentary", "edition", "textpart" or "translation"
8149:40: value of attribute "reason" is invalid; must be equal to "explanation", "lost", "omitted", "subaudible" or "undefined"
8192:55: element "span" not allowed anywhere; expected the element end-tag, text or element "ab", "abbr", "add", "addName", "addSpan", "address", "am", "anchor", "annotationBlock", "app", "bibl", "biblFull", "biblStruct", "binaryObject", "bloc", "c", "catchwords", "cb", "certainty", "choice", "cit", "corr", "country", "damage", "date", "del", "delSpan", "depth", "desc", "dim", "dimensions", "distinct", "district", "div", "docAuthor", "docDate", "docEdition", "docImprint", "docTitle", "ellipsis", "email", "emph", "epigraph", "ex", "expan", "figure", "floatingText", "foreign", "forename", "fw", "g", "gap", "gb", "genName", "geo", "geogFeat", "geogName", "gloss", "graphic", "handShift", "height", "heraldry", "hi", "idno", "index", "interp", "interpGrp", "join", "l", "label", "lang", "lb", "lg", "link", "linkGrp", "list", "listApp", "listBibl", "listEvent", "listNym", "listObject", "listOrg", "listPerson", "listPlace", "listRelation", "listTranspose", "location", "locus", "locusGrp", "m", "material", "measure", "measureGrp", "media", "mentioned", "metamark", "milestone", "mod", "msDesc", "name", "notatedMusic", "note", "noteGrp", "num", "objectName", "objectType", "offset", "orgName", "orig", "origDate", "origPlace", "p", "pb", "pc", "persName", "persPronouns", "phr", "placeName", "precision", "ptr", "q", "quote", "redo", "ref", "reg", "region", "retrace", "roleName", "rs", "ruby", "s", "said", "secFol", "secl", "seg", "settlement", "sic", "signatures", "soCalled", "sp", "space", "stage", "stamp", "state", "subst", "substJoin", "supplied", "surname", "surplus", "table", "term", "time", "title", "unclear", "undo", "unit", "w", "watermark", "width" or "wit"
8192:55: value of attribute "type" is invalid
8210:65: element "span" not allowed anywhere; expected the element end-tag, text or element "ab", "abbr", "add", "addName", "addSpan", "address", "am", "anchor", "annotationBlock", "app", "bibl", "biblFull", "biblStruct", "binaryObject", "bloc", "c", "catchwords", "cb", "certainty", "choice", "cit", "corr", "country", "damage", "date", "del", "delSpan", "depth", "desc", "dim", "dimensions", "distinct", "district", "div", "docAuthor", "docDate", "docEdition", "docImprint", "docTitle", "ellipsis", "email", "emph", "epigraph", "ex", "expan", "figure", "floatingText", "foreign", "forename", "fw", "g", "gap", "gb", "genName", "geo", "geogFeat", "geogName", "gloss", "graphic", "handShift", "height", "heraldry", "hi", "idno", "index", "interp", "interpGrp", "join", "l", "label", "lang", "lb", "lg", "link", "linkGrp", "list", "listApp", "listBibl", "listEvent", "listNym", "listObject", "listOrg", "listPerson", "listPlace", "listRelation", "listTranspose", "location", "locus", "locusGrp", "m", "material", "measure", "measureGrp", "media", "mentioned", "metamark", "milestone", "mod", "msDesc", "name", "notatedMusic", "note", "noteGrp", "num", "objectName", "objectType", "offset", "orgName", "orig", "origDate", "origPlace", "p", "pb", "pc", "persName", "persPronouns", "phr", "placeName", "precision", "ptr", "q", "quote", "redo", "ref", "reg", "region", "retrace", "roleName", "rs", "ruby", "s", "said", "secFol", "secl", "seg", "settlement", "sic", "signatures", "soCalled", "sp", "space", "stage", "stamp", "state", "subst", "substJoin", "supplied", "surname", "surplus", "table", "term", "time", "title", "unclear", "undo", "unit", "w", "watermark", "width" or "wit"
8210:65: value of attribute "type" is invalid
8246:55: element "span" not allowed anywhere; expected the element end-tag, text or element "ab", "abbr", "add", "addName", "addSpan", "address", "am", "anchor", "annotationBlock", "app", "bibl", "biblFull", "biblStruct", "binaryObject", "bloc", "c", "catchwords", "cb", "certainty", "choice", "cit", "corr", "country", "damage", "date", "del", "delSpan", "depth", "desc", "dim", "dimensions", "distinct", "district", "div", "docAuthor", "docDate", "docEdition", "docImprint", "docTitle", "ellipsis", "email", "emph", "epigraph", "ex", "expan", "figure", "floatingText", "foreign", "forename", "fw", "g", "gap", "gb", "genName", "geo", "geogFeat", "geogName", "gloss", "graphic", "handShift", "height", "heraldry", "hi", "idno", "index", "interp", "interpGrp", "join", "l", "label", "lang", "lb", "lg", "link", "linkGrp", "list", "listApp", "listBibl", "listEvent", "listNym", "listObject", "listOrg", "listPerson", "listPlace", "listRelation", "listTranspose", "location", "locus", "locusGrp", "m", "material", "measure", "measureGrp", "media", "mentioned", "metamark", "milestone", "mod", "msDesc", "name", "notatedMusic", "note", "noteGrp", "num", "objectName", "objectType", "offset", "orgName", "orig", "origDate", "origPlace", "p", "pb", "pc", "persName", "persPronouns", "phr", "placeName", "precision", "ptr", "q", "quote", "redo", "ref", "reg", "region", "retrace", "roleName", "rs", "ruby", "s", "said", "secFol", "secl", "seg", "settlement", "sic", "signatures", "soCalled", "sp", "space", "stage", "stamp", "state", "subst", "substJoin", "supplied", "surname", "surplus", "table", "term", "time", "title", "unclear", "undo", "unit", "w", "watermark", "width" or "wit"
8246:55: value of attribute "type" is invalid
8251:59: value of attribute "type" is invalid; must be equal to "apparatus", "bibliography", "commentary", "edition", "textpart" or "translation"
8258:40: value of attribute "reason" is invalid; must be equal to "explanation", "lost", "omitted", "subaudible" or "undefined"
8290:59: value of attribute "type" is invalid; must be equal to "apparatus", "bibliography", "commentary", "edition", "textpart" or "translation"
8297:40: value of attribute "reason" is invalid; must be equal to "explanation", "lost", "omitted", "subaudible" or "undefined"
8335:59: value of attribute "type" is invalid; must be equal to "apparatus", "bibliography", "commentary", "edition", "textpart" or "translation"
8342:40: value of attribute "reason" is invalid; must be equal to "explanation", "lost", "omitted", "subaudible" or "undefined"
8380:59: value of attribute "type" is invalid; must be equal to "apparatus", "bibliography", "commentary", "edition", "textpart" or "translation"
8388:40: value of attribute "reason" is invalid; must be equal to "explanation", "lost", "omitted", "subaudible" or "undefined"
844:57: value of attribute "type" is invalid; must be equal to "apparatus", "bibliography", "commentary", "edition", "textpart" or "translation"
8460:59: value of attribute "type" is invalid; must be equal to "apparatus", "bibliography", "commentary", "edition", "textpart" or "translation"
8467:40: value of attribute "reason" is invalid; must be equal to "explanation", "lost", "omitted", "subaudible" or "undefined"
8509:59: value of attribute "type" is invalid; must be equal to "apparatus", "bibliography", "commentary", "edition", "textpart" or "translation"
851:40: value of attribute "reason" is invalid; must be equal to "explanation", "lost", "omitted", "subaudible" or "undefined"
8516:40: value of attribute "reason" is invalid; must be equal to "explanation", "lost", "omitted", "subaudible" or "undefined"
8548:59: value of attribute "type" is invalid; must be equal to "apparatus", "bibliography", "commentary", "edition", "textpart" or "translation"
8555:40: value of attribute "reason" is invalid; must be equal to "explanation", "lost", "omitted", "subaudible" or "undefined"
8601:59: value of attribute "type" is invalid; must be equal to "apparatus", "bibliography", "commentary", "edition", "textpart" or "translation"
8608:40: value of attribute "reason" is invalid; must be equal to "explanation", "lost", "omitted", "subaudible" or "undefined"
8685:20: element "rdg" missing required attribute "wit"
8714:59: value of attribute "type" is invalid; must be equal to "apparatus", "bibliography", "commentary", "edition", "textpart" or "translation"
8721:40: value of attribute "reason" is invalid; must be equal to "explanation", "lost", "omitted", "subaudible" or "undefined"
8778:59: value of attribute "type" is invalid; must be equal to "apparatus", "bibliography", "commentary", "edition", "textpart" or "translation"
8785:40: value of attribute "reason" is invalid; must be equal to "explanation", "lost", "omitted", "subaudible" or "undefined"
88:41: element "listWit" not allowed anywhere; expected element "ab", "bibl", "biblFull", "biblStruct", "list", "listApp", "listBibl", "listEvent", "listNym", "listObject", "listOrg", "listPerson", "listPlace", "listRelation", "msDesc", "p" or "table"
8849:59: value of attribute "type" is invalid; must be equal to "apparatus", "bibliography", "commentary", "edition", "textpart" or "translation"
8857:40: value of attribute "reason" is invalid; must be equal to "explanation", "lost", "omitted", "subaudible" or "undefined"
8901:59: value of attribute "type" is invalid; must be equal to "apparatus", "bibliography", "commentary", "edition", "textpart" or "translation"
8909:40: value of attribute "reason" is invalid; must be equal to "explanation", "lost", "omitted", "subaudible" or "undefined"
892:57: value of attribute "type" is invalid; must be equal to "apparatus", "bibliography", "commentary", "edition", "textpart" or "translation"
8937:59: value of attribute "type" is invalid; must be equal to "apparatus", "bibliography", "commentary", "edition", "textpart" or "translation"
8945:40: value of attribute "reason" is invalid; must be equal to "explanation", "lost", "omitted", "subaudible" or "undefined"
899:40: value of attribute "reason" is invalid; must be equal to "explanation", "lost", "omitted", "subaudible" or "undefined"
9098:59: value of attribute "type" is invalid; must be equal to "apparatus", "bibliography", "commentary", "edition", "textpart" or "translation"
9120:40: value of attribute "reason" is invalid; must be equal to "explanation", "lost", "omitted", "subaudible" or "undefined"
9156:59: value of attribute "type" is invalid; must be equal to "apparatus", "bibliography", "commentary", "edition", "textpart" or "translation"
9179:40: value of attribute "reason" is invalid; must be equal to "explanation", "lost", "omitted", "subaudible" or "undefined"
9226:59: value of attribute "type" is invalid; must be equal to "apparatus", "bibliography", "commentary", "edition", "textpart" or "translation"
9233:40: value of attribute "reason" is invalid; must be equal to "explanation", "lost", "omitted", "subaudible" or "undefined"
9264:59: value of attribute "type" is invalid; must be equal to "apparatus", "bibliography", "commentary", "edition", "textpart" or "translation"
9271:40: value of attribute "reason" is invalid; must be equal to "explanation", "lost", "omitted", "subaudible" or "undefined"
9292:21: element "gap" missing required attribute "reason"
9296:46: element "witDetail" not allowed anywhere; expected the element end-tag or element "note", "noteGrp", "rdg", "rdgGrp" or "wit"
9298:46: element "witDetail" not allowed anywhere; expected the element end-tag or element "note", "noteGrp", "rdg", "rdgGrp" or "wit"
9304:59: value of attribute "type" is invalid; must be equal to "apparatus", "bibliography", "commentary", "edition", "textpart" or "translation"
9311:40: value of attribute "reason" is invalid; must be equal to "explanation", "lost", "omitted", "subaudible" or "undefined"
9341:59: value of attribute "type" is invalid; must be equal to "apparatus", "bibliography", "commentary", "edition", "textpart" or "translation"
9348:40: value of attribute "reason" is invalid; must be equal to "explanation", "lost", "omitted", "subaudible" or "undefined"
937:58: value of attribute "type" is invalid; must be equal to "apparatus", "bibliography", "commentary", "edition", "textpart" or "translation"
9392:59: value of attribute "type" is invalid; must be equal to "apparatus", "bibliography", "commentary", "edition", "textpart" or "translation"
9399:40: value of attribute "reason" is invalid; must be equal to "explanation", "lost", "omitted", "subaudible" or "undefined"
9423:59: value of attribute "type" is invalid; must be equal to "apparatus", "bibliography", "commentary", "edition", "textpart" or "translation"
9430:40: value of attribute "reason" is invalid; must be equal to "explanation", "lost", "omitted", "subaudible" or "undefined"
944:40: value of attribute "reason" is invalid; must be equal to "explanation", "lost", "omitted", "subaudible" or "undefined"
9474:59: value of attribute "type" is invalid; must be equal to "apparatus", "bibliography", "commentary", "edition", "textpart" or "translation"
9481:40: value of attribute "reason" is invalid; must be equal to "explanation", "lost", "omitted", "subaudible" or "undefined"
9554:59: value of attribute "type" is invalid; must be equal to "apparatus", "bibliography", "commentary", "edition", "textpart" or "translation"
9561:40: value of attribute "reason" is invalid; must be equal to "explanation", "lost", "omitted", "subaudible" or "undefined"
9605:59: value of attribute "type" is invalid; must be equal to "apparatus", "bibliography", "commentary", "edition", "textpart" or "translation"
9612:40: value of attribute "reason" is invalid; must be equal to "explanation", "lost", "omitted", "subaudible" or "undefined"
9661:39: element "div" missing required attribute "type"
9670:55: value of attribute "type" is invalid; must be equal to "apparatus", "bibliography", "commentary", "edition", "textpart" or "translation"
9673:59: value of attribute "type" is invalid; must be equal to "apparatus", "bibliography", "commentary", "edition", "textpart" or "translation"
9688:40: value of attribute "reason" is invalid; must be equal to "explanation", "lost", "omitted", "subaudible" or "undefined"
9736:59: value of attribute "type" is invalid; must be equal to "apparatus", "bibliography", "commentary", "edition", "textpart" or "translation"
9743:40: value of attribute "reason" is invalid; must be equal to "explanation", "lost", "omitted", "subaudible" or "undefined"
9788:59: value of attribute "type" is invalid; must be equal to "apparatus", "bibliography", "commentary", "edition", "textpart" or "translation"
9795:40: value of attribute "reason" is invalid; must be equal to "explanation", "lost", "omitted", "subaudible" or "undefined"
9847:59: value of attribute "type" is invalid; must be equal to "apparatus", "bibliography", "commentary", "edition", "textpart" or "translation"
9849:40: value of attribute "reason" is invalid; must be equal to "explanation", "lost", "omitted", "subaudible" or "undefined"
9850:21: element "gap" missing required attribute "reason"
9889:55: element "witDetail" not allowed anywhere; expected the element end-tag or element "note", "noteGrp", "rdg", "rdgGrp" or "wit"
9900:59: value of attribute "type" is invalid; must be equal to "apparatus", "bibliography", "commentary", "edition", "textpart" or "translation"
9902:40: value of attribute "reason" is invalid; must be equal to "explanation", "lost", "omitted", "subaudible" or "undefined"
9903:21: element "gap" missing required attribute "reason"
992:58: value of attribute "type" is invalid; must be equal to "apparatus", "bibliography", "commentary", "edition", "textpart" or "translation"
9958:59: value of attribute "type" is invalid; must be equal to "apparatus", "bibliography", "commentary", "edition", "textpart" or "translation"
9960:40: value of attribute "reason" is invalid; must be equal to "explanation", "lost", "omitted", "subaudible" or "undefined"
9961:21: element "gap" missing required attribute "reason"
999:40: value of attribute "reason" is invalid; must be equal to "explanation", "lost", "omitted", "subaudible" or "undefined"
