61:11:element "text" missing required attribute "xml:space"
63:30:value of attribute "type" is invalid; must be equal to "apparatus", "bibliography", "commentary", "edition", "textpart" or "translation"
64:23:element "head" missing required attribute "xml:lang"
65:37:value of attribute "type" is invalid; must be equal to "apparatus", "bibliography", "commentary", "edition", "textpart" or "translation"
66:27:element "head" missing required attribute "xml:lang"
68:41:value of attribute "type" is invalid; must be equal to "apparatus", "bibliography", "commentary", "edition", "textpart" or "translation"
69:31:element "head" missing required attribute "xml:lang"
71:30:value of attribute "rend" is invalid; must be equal to "bold", "expanded", "grantha", "italic", "large", "ornate", "small", "subscript", "superscript", "tall" or "wide"
73:30:value of attribute "rend" is invalid; must be equal to "bold", "expanded", "grantha", "italic", "large", "ornate", "small", "subscript", "superscript", "tall" or "wide"
74:39:value of attribute "rend" is invalid; must be equal to "bold", "expanded", "grantha", "italic", "large", "ornate", "small", "subscript", "superscript", "tall" or "wide"
77:30:value of attribute "rend" is invalid; must be equal to "bold", "expanded", "grantha", "italic", "large", "ornate", "small", "subscript", "superscript", "tall" or "wide"
94:39:value of attribute "rend" is invalid; must be equal to "bold", "expanded", "grantha", "italic", "large", "ornate", "small", "subscript", "superscript", "tall" or "wide"
101:30:value of attribute "rend" is invalid; must be equal to "bold", "expanded", "grantha", "italic", "large", "ornate", "small", "subscript", "superscript", "tall" or "wide"
105:30:value of attribute "rend" is invalid; must be equal to "bold", "expanded", "grantha", "italic", "large", "ornate", "small", "subscript", "superscript", "tall" or "wide"
108:30:value of attribute "rend" is invalid; must be equal to "bold", "expanded", "grantha", "italic", "large", "ornate", "small", "subscript", "superscript", "tall" or "wide"
108:75:value of attribute "rend" is invalid; must be equal to "bold", "expanded", "grantha", "italic", "large", "ornate", "small", "subscript", "superscript", "tall" or "wide"
115:39:value of attribute "rend" is invalid; must be equal to "bold", "expanded", "grantha", "italic", "large", "ornate", "small", "subscript", "superscript", "tall" or "wide"
119:30:value of attribute "rend" is invalid; must be equal to "bold", "expanded", "grantha", "italic", "large", "ornate", "small", "subscript", "superscript", "tall" or "wide"
121:30:value of attribute "rend" is invalid; must be equal to "bold", "expanded", "grantha", "italic", "large", "ornate", "small", "subscript", "superscript", "tall" or "wide"
127:78:value of attribute "rend" is invalid; must be equal to "bold", "expanded", "grantha", "italic", "large", "ornate", "small", "subscript", "superscript", "tall" or "wide"
151:30:value of attribute "rend" is invalid; must be equal to "bold", "expanded", "grantha", "italic", "large", "ornate", "small", "subscript", "superscript", "tall" or "wide"
156:30:value of attribute "rend" is invalid; must be equal to "bold", "expanded", "grantha", "italic", "large", "ornate", "small", "subscript", "superscript", "tall" or "wide"
167:39:value of attribute "rend" is invalid; must be equal to "bold", "expanded", "grantha", "italic", "large", "ornate", "small", "subscript", "superscript", "tall" or "wide"
170:30:value of attribute "rend" is invalid; must be equal to "bold", "expanded", "grantha", "italic", "large", "ornate", "small", "subscript", "superscript", "tall" or "wide"
175:30:value of attribute "rend" is invalid; must be equal to "bold", "expanded", "grantha", "italic", "large", "ornate", "small", "subscript", "superscript", "tall" or "wide"
176:30:value of attribute "rend" is invalid; must be equal to "bold", "expanded", "grantha", "italic", "large", "ornate", "small", "subscript", "superscript", "tall" or "wide"
177:39:value of attribute "rend" is invalid; must be equal to "bold", "expanded", "grantha", "italic", "large", "ornate", "small", "subscript", "superscript", "tall" or "wide"
180:30:value of attribute "rend" is invalid; must be equal to "bold", "expanded", "grantha", "italic", "large", "ornate", "small", "subscript", "superscript", "tall" or "wide"
182:41:value of attribute "type" is invalid; must be equal to "apparatus", "bibliography", "commentary", "edition", "textpart" or "translation"
183:31:element "head" missing required attribute "xml:lang"
184:48:value of attribute "rend" is invalid; must be equal to "bold", "expanded", "grantha", "italic", "large", "ornate", "small", "subscript", "superscript", "tall" or "wide"
193:30:value of attribute "rend" is invalid; must be equal to "bold", "expanded", "grantha", "italic", "large", "ornate", "small", "subscript", "superscript", "tall" or "wide"
196:39:value of attribute "rend" is invalid; must be equal to "bold", "expanded", "grantha", "italic", "large", "ornate", "small", "subscript", "superscript", "tall" or "wide"
197:30:value of attribute "rend" is invalid; must be equal to "bold", "expanded", "grantha", "italic", "large", "ornate", "small", "subscript", "superscript", "tall" or "wide"
198:39:value of attribute "rend" is invalid; must be equal to "bold", "expanded", "grantha", "italic", "large", "ornate", "small", "subscript", "superscript", "tall" or "wide"
199:30:value of attribute "rend" is invalid; must be equal to "bold", "expanded", "grantha", "italic", "large", "ornate", "small", "subscript", "superscript", "tall" or "wide"
206:30:value of attribute "rend" is invalid; must be equal to "bold", "expanded", "grantha", "italic", "large", "ornate", "small", "subscript", "superscript", "tall" or "wide"
207:30:value of attribute "rend" is invalid; must be equal to "bold", "expanded", "grantha", "italic", "large", "ornate", "small", "subscript", "superscript", "tall" or "wide"
208:30:value of attribute "rend" is invalid; must be equal to "bold", "expanded", "grantha", "italic", "large", "ornate", "small", "subscript", "superscript", "tall" or "wide"
213:30:value of attribute "rend" is invalid; must be equal to "bold", "expanded", "grantha", "italic", "large", "ornate", "small", "subscript", "superscript", "tall" or "wide"
215:30:value of attribute "rend" is invalid; must be equal to "bold", "expanded", "grantha", "italic", "large", "ornate", "small", "subscript", "superscript", "tall" or "wide"
217:41:value of attribute "type" is invalid; must be equal to "apparatus", "bibliography", "commentary", "edition", "textpart" or "translation"
218:31:element "head" missing required attribute "xml:lang"
220:30:value of attribute "rend" is invalid; must be equal to "bold", "expanded", "grantha", "italic", "large", "ornate", "small", "subscript", "superscript", "tall" or "wide"
233:41:value of attribute "type" is invalid; must be equal to "apparatus", "bibliography", "commentary", "edition", "textpart" or "translation"
234:31:element "head" missing required attribute "xml:lang"
235:48:value of attribute "rend" is invalid; must be equal to "bold", "expanded", "grantha", "italic", "large", "ornate", "small", "subscript", "superscript", "tall" or "wide"
239:81:value of attribute "rend" is invalid; must be equal to "bold", "expanded", "grantha", "italic", "large", "ornate", "small", "subscript", "superscript", "tall" or "wide"
242:30:value of attribute "rend" is invalid; must be equal to "bold", "expanded", "grantha", "italic", "large", "ornate", "small", "subscript", "superscript", "tall" or "wide"
244:30:value of attribute "rend" is invalid; must be equal to "bold", "expanded", "grantha", "italic", "large", "ornate", "small", "subscript", "superscript", "tall" or "wide"
253:39:value of attribute "rend" is invalid; must be equal to "bold", "expanded", "grantha", "italic", "large", "ornate", "small", "subscript", "superscript", "tall" or "wide"
254:30:value of attribute "rend" is invalid; must be equal to "bold", "expanded", "grantha", "italic", "large", "ornate", "small", "subscript", "superscript", "tall" or "wide"
259:39:value of attribute "rend" is invalid; must be equal to "bold", "expanded", "grantha", "italic", "large", "ornate", "small", "subscript", "superscript", "tall" or "wide"
260:30:value of attribute "rend" is invalid; must be equal to "bold", "expanded", "grantha", "italic", "large", "ornate", "small", "subscript", "superscript", "tall" or "wide"
267:39:value of attribute "rend" is invalid; must be equal to "bold", "expanded", "grantha", "italic", "large", "ornate", "small", "subscript", "superscript", "tall" or "wide"
272:39:value of attribute "rend" is invalid; must be equal to "bold", "expanded", "grantha", "italic", "large", "ornate", "small", "subscript", "superscript", "tall" or "wide"
276:41:value of attribute "type" is invalid; must be equal to "apparatus", "bibliography", "commentary", "edition", "textpart" or "translation"
277:31:element "head" missing required attribute "xml:lang"
278:48:value of attribute "rend" is invalid; must be equal to "bold", "expanded", "grantha", "italic", "large", "ornate", "small", "subscript", "superscript", "tall" or "wide"
293:41:value of attribute "type" is invalid; must be equal to "apparatus", "bibliography", "commentary", "edition", "textpart" or "translation"
294:31:element "head" missing required attribute "xml:lang"
296:30:value of attribute "rend" is invalid; must be equal to "bold", "expanded", "grantha", "italic", "large", "ornate", "small", "subscript", "superscript", "tall" or "wide"
310:41:value of attribute "type" is invalid; must be equal to "apparatus", "bibliography", "commentary", "edition", "textpart" or "translation"
311:31:element "head" missing required attribute "xml:lang"
313:48:value of attribute "rend" is invalid; must be equal to "bold", "expanded", "grantha", "italic", "large", "ornate", "small", "subscript", "superscript", "tall" or "wide"
327:41:value of attribute "type" is invalid; must be equal to "apparatus", "bibliography", "commentary", "edition", "textpart" or "translation"
328:31:element "head" missing required attribute "xml:lang"
329:48:value of attribute "rend" is invalid; must be equal to "bold", "expanded", "grantha", "italic", "large", "ornate", "small", "subscript", "superscript", "tall" or "wide"
331:32:element "table" not allowed anywhere; expected the element end-tag or element "ab", "app", "bibl", "biblFull", "biblStruct", "certainty", "cit", "dateline", "desc", "div", "docAuthor", "docDate", "epigraph", "floatingText", "fw", "gap", "head", "index", "interpGrp", "l", "label", "lb", "lg", "linkGrp", "list", "listApp", "listBibl", "listPerson", "listPlace", "listTranspose", "milestone", "msDesc", "note", "p", "pb", "q", "quote", "space" or "stage"
334:43:element "lg" missing required attributes "met" and "n"
337:42:element "lg" missing required attributes "met" and "n"
341:43:element "lg" missing required attributes "met" and "n"
344:42:element "lg" missing required attributes "met" and "n"
357:30:value of attribute "rend" is invalid; must be equal to "bold", "expanded", "grantha", "italic", "large", "ornate", "small", "subscript", "superscript", "tall" or "wide"
365:41:value of attribute "type" is invalid; must be equal to "apparatus", "bibliography", "commentary", "edition", "textpart" or "translation"
366:31:element "head" missing required attribute "xml:lang"
367:48:value of attribute "rend" is invalid; must be equal to "bold", "expanded", "grantha", "italic", "large", "ornate", "small", "subscript", "superscript", "tall" or "wide"
369:32:element "table" not allowed anywhere; expected the element end-tag or element "ab", "app", "bibl", "biblFull", "biblStruct", "certainty", "cit", "dateline", "desc", "div", "docAuthor", "docDate", "epigraph", "floatingText", "fw", "gap", "head", "index", "interpGrp", "l", "label", "lb", "lg", "linkGrp", "list", "listApp", "listBibl", "listPerson", "listPlace", "listTranspose", "milestone", "msDesc", "note", "p", "pb", "q", "quote", "space" or "stage"
372:43:element "lg" missing required attributes "met" and "n"
377:42:element "lg" missing required attributes "met" and "n"
382:30:value of attribute "rend" is invalid; must be equal to "bold", "expanded", "grantha", "italic", "large", "ornate", "small", "subscript", "superscript", "tall" or "wide"
383:30:value of attribute "rend" is invalid; must be equal to "bold", "expanded", "grantha", "italic", "large", "ornate", "small", "subscript", "superscript", "tall" or "wide"
384:39:value of attribute "rend" is invalid; must be equal to "bold", "expanded", "grantha", "italic", "large", "ornate", "small", "subscript", "superscript", "tall" or "wide"
415:41:value of attribute "type" is invalid; must be equal to "apparatus", "bibliography", "commentary", "edition", "textpart" or "translation"
416:31:element "head" missing required attribute "xml:lang"
417:48:value of attribute "rend" is invalid; must be equal to "bold", "expanded", "grantha", "italic", "large", "ornate", "small", "subscript", "superscript", "tall" or "wide"
420:37:element "lg" missing required attributes "met" and "n"
481:74:value of attribute "rend" is invalid; must be equal to "bold", "expanded", "grantha", "italic", "large", "ornate", "small", "subscript", "superscript", "tall" or "wide"
498:56:value of attribute "rend" is invalid; must be equal to "bold", "expanded", "grantha", "italic", "large", "ornate", "small", "subscript", "superscript", "tall" or "wide"
499:39:value of attribute "rend" is invalid; must be equal to "bold", "expanded", "grantha", "italic", "large", "ornate", "small", "subscript", "superscript", "tall" or "wide"
502:30:value of attribute "rend" is invalid; must be equal to "bold", "expanded", "grantha", "italic", "large", "ornate", "small", "subscript", "superscript", "tall" or "wide"
502:89:value of attribute "rend" is invalid; must be equal to "bold", "expanded", "grantha", "italic", "large", "ornate", "small", "subscript", "superscript", "tall" or "wide"
508:41:value of attribute "type" is invalid; must be equal to "apparatus", "bibliography", "commentary", "edition", "textpart" or "translation"
509:31:element "head" missing required attribute "xml:lang"
510:48:value of attribute "rend" is invalid; must be equal to "bold", "expanded", "grantha", "italic", "large", "ornate", "small", "subscript", "superscript", "tall" or "wide"
513:37:element "lg" missing required attributes "met" and "n"
563:37:element "lg" missing required attributes "met" and "n"
579:41:value of attribute "type" is invalid; must be equal to "apparatus", "bibliography", "commentary", "edition", "textpart" or "translation"
580:31:element "head" missing required attribute "xml:lang"
582:30:value of attribute "rend" is invalid; must be equal to "bold", "expanded", "grantha", "italic", "large", "ornate", "small", "subscript", "superscript", "tall" or "wide"
587:37:element "lg" missing required attributes "met" and "n"
599:37:element "lg" missing required attributes "met" and "n"
626:41:value of attribute "type" is invalid; must be equal to "apparatus", "bibliography", "commentary", "edition", "textpart" or "translation"
627:31:element "head" missing required attribute "xml:lang"
629:30:value of attribute "rend" is invalid; must be equal to "bold", "expanded", "grantha", "italic", "large", "ornate", "small", "subscript", "superscript", "tall" or "wide"
636:37:element "lg" missing required attributes "met" and "n"
677:37:element "lg" missing required attributes "met" and "n"
685:37:element "lg" missing required attributes "met" and "n"
696:41:value of attribute "type" is invalid; must be equal to "apparatus", "bibliography", "commentary", "edition", "textpart" or "translation"
697:31:element "head" missing required attribute "xml:lang"
699:30:value of attribute "rend" is invalid; must be equal to "bold", "expanded", "grantha", "italic", "large", "ornate", "small", "subscript", "superscript", "tall" or "wide"
704:37:element "lg" missing required attributes "met" and "n"
761:37:element "lg" missing required attributes "met" and "n"
767:37:element "lg" missing required attributes "met" and "n"
778:41:value of attribute "type" is invalid; must be equal to "apparatus", "bibliography", "commentary", "edition", "textpart" or "translation"
779:31:element "head" missing required attribute "xml:lang"
780:48:value of attribute "rend" is invalid; must be equal to "bold", "expanded", "grantha", "italic", "large", "ornate", "small", "subscript", "superscript", "tall" or "wide"
784:41:value of attribute "type" is invalid; must be equal to "apparatus", "bibliography", "commentary", "edition", "textpart" or "translation"
785:31:element "head" missing required attribute "xml:lang"
786:48:value of attribute "rend" is invalid; must be equal to "bold", "expanded", "grantha", "italic", "large", "ornate", "small", "subscript", "superscript", "tall" or "wide"
792:41:value of attribute "type" is invalid; must be equal to "apparatus", "bibliography", "commentary", "edition", "textpart" or "translation"
793:31:element "head" missing required attribute "xml:lang"
795:30:value of attribute "rend" is invalid; must be equal to "bold", "expanded", "grantha", "italic", "large", "ornate", "small", "subscript", "superscript", "tall" or "wide"
849:30:value of attribute "rend" is invalid; must be equal to "bold", "expanded", "grantha", "italic", "large", "ornate", "small", "subscript", "superscript", "tall" or "wide"
854:30:value of attribute "rend" is invalid; must be equal to "bold", "expanded", "grantha", "italic", "large", "ornate", "small", "subscript", "superscript", "tall" or "wide"
866:41:value of attribute "type" is invalid; must be equal to "apparatus", "bibliography", "commentary", "edition", "textpart" or "translation"
867:31:element "head" missing required attribute "xml:lang"
868:48:value of attribute "rend" is invalid; must be equal to "bold", "expanded", "grantha", "italic", "large", "ornate", "small", "subscript", "superscript", "tall" or "wide"
871:39:value of attribute "rend" is invalid; must be equal to "bold", "expanded", "grantha", "italic", "large", "ornate", "small", "subscript", "superscript", "tall" or "wide"
876:41:value of attribute "type" is invalid; must be equal to "apparatus", "bibliography", "commentary", "edition", "textpart" or "translation"
877:31:element "head" missing required attribute "xml:lang"
878:48:value of attribute "rend" is invalid; must be equal to "bold", "expanded", "grantha", "italic", "large", "ornate", "small", "subscript", "superscript", "tall" or "wide"
883:30:value of attribute "rend" is invalid; must be equal to "bold", "expanded", "grantha", "italic", "large", "ornate", "small", "subscript", "superscript", "tall" or "wide"
885:41:value of attribute "type" is invalid; must be equal to "apparatus", "bibliography", "commentary", "edition", "textpart" or "translation"
886:31:element "head" missing required attribute "xml:lang"
887:48:value of attribute "rend" is invalid; must be equal to "bold", "expanded", "grantha", "italic", "large", "ornate", "small", "subscript", "superscript", "tall" or "wide"
890:39:value of attribute "rend" is invalid; must be equal to "bold", "expanded", "grantha", "italic", "large", "ornate", "small", "subscript", "superscript", "tall" or "wide"
894:41:value of attribute "type" is invalid; must be equal to "apparatus", "bibliography", "commentary", "edition", "textpart" or "translation"
895:31:element "head" missing required attribute "xml:lang"
896:48:value of attribute "rend" is invalid; must be equal to "bold", "expanded", "grantha", "italic", "large", "ornate", "small", "subscript", "superscript", "tall" or "wide"
902:41:value of attribute "type" is invalid; must be equal to "apparatus", "bibliography", "commentary", "edition", "textpart" or "translation"
903:31:element "head" missing required attribute "xml:lang"
905:48:value of attribute "rend" is invalid; must be equal to "bold", "expanded", "grantha", "italic", "large", "ornate", "small", "subscript", "superscript", "tall" or "wide"
913:41:value of attribute "type" is invalid; must be equal to "apparatus", "bibliography", "commentary", "edition", "textpart" or "translation"
914:31:element "head" missing required attribute "xml:lang"
915:48:value of attribute "rend" is invalid; must be equal to "bold", "expanded", "grantha", "italic", "large", "ornate", "small", "subscript", "superscript", "tall" or "wide"
918:30:value of attribute "rend" is invalid; must be equal to "bold", "expanded", "grantha", "italic", "large", "ornate", "small", "subscript", "superscript", "tall" or "wide"
926:41:value of attribute "type" is invalid; must be equal to "apparatus", "bibliography", "commentary", "edition", "textpart" or "translation"
927:31:element "head" missing required attribute "xml:lang"
929:30:value of attribute "rend" is invalid; must be equal to "bold", "expanded", "grantha", "italic", "large", "ornate", "small", "subscript", "superscript", "tall" or "wide"
932:39:value of attribute "rend" is invalid; must be equal to "bold", "expanded", "grantha", "italic", "large", "ornate", "small", "subscript", "superscript", "tall" or "wide"
944:41:value of attribute "type" is invalid; must be equal to "apparatus", "bibliography", "commentary", "edition", "textpart" or "translation"
945:31:element "head" missing required attribute "xml:lang"
947:30:value of attribute "rend" is invalid; must be equal to "bold", "expanded", "grantha", "italic", "large", "ornate", "small", "subscript", "superscript", "tall" or "wide"
960:30:value of attribute "rend" is invalid; must be equal to "bold", "expanded", "grantha", "italic", "large", "ornate", "small", "subscript", "superscript", "tall" or "wide"
962:68:value of attribute "rend" is invalid; must be equal to "bold", "expanded", "grantha", "italic", "large", "ornate", "small", "subscript", "superscript", "tall" or "wide"
964:73:value of attribute "rend" is invalid; must be equal to "bold", "expanded", "grantha", "italic", "large", "ornate", "small", "subscript", "superscript", "tall" or "wide"
969:30:value of attribute "rend" is invalid; must be equal to "bold", "expanded", "grantha", "italic", "large", "ornate", "small", "subscript", "superscript", "tall" or "wide"
972:30:value of attribute "rend" is invalid; must be equal to "bold", "expanded", "grantha", "italic", "large", "ornate", "small", "subscript", "superscript", "tall" or "wide"
977:39:value of attribute "rend" is invalid; must be equal to "bold", "expanded", "grantha", "italic", "large", "ornate", "small", "subscript", "superscript", "tall" or "wide"
980:39:value of attribute "rend" is invalid; must be equal to "bold", "expanded", "grantha", "italic", "large", "ornate", "small", "subscript", "superscript", "tall" or "wide"
983:30:value of attribute "rend" is invalid; must be equal to "bold", "expanded", "grantha", "italic", "large", "ornate", "small", "subscript", "superscript", "tall" or "wide"
987:76:value of attribute "rend" is invalid; must be equal to "bold", "expanded", "grantha", "italic", "large", "ornate", "small", "subscript", "superscript", "tall" or "wide"
995:39:value of attribute "rend" is invalid; must be equal to "bold", "expanded", "grantha", "italic", "large", "ornate", "small", "subscript", "superscript", "tall" or "wide"
1014:30:value of attribute "rend" is invalid; must be equal to "bold", "expanded", "grantha", "italic", "large", "ornate", "small", "subscript", "superscript", "tall" or "wide"
1040:41:value of attribute "type" is invalid; must be equal to "apparatus", "bibliography", "commentary", "edition", "textpart" or "translation"
1041:31:element "head" missing required attribute "xml:lang"
1042:48:value of attribute "rend" is invalid; must be equal to "bold", "expanded", "grantha", "italic", "large", "ornate", "small", "subscript", "superscript", "tall" or "wide"
1053:41:value of attribute "type" is invalid; must be equal to "apparatus", "bibliography", "commentary", "edition", "textpart" or "translation"
1054:31:element "head" missing required attribute "xml:lang"
1056:30:value of attribute "rend" is invalid; must be equal to "bold", "expanded", "grantha", "italic", "large", "ornate", "small", "subscript", "superscript", "tall" or "wide"
1076:41:value of attribute "type" is invalid; must be equal to "apparatus", "bibliography", "commentary", "edition", "textpart" or "translation"
1077:31:element "head" missing required attribute "xml:lang"
1079:48:value of attribute "rend" is invalid; must be equal to "bold", "expanded", "grantha", "italic", "large", "ornate", "small", "subscript", "superscript", "tall" or "wide"
1090:41:value of attribute "type" is invalid; must be equal to "apparatus", "bibliography", "commentary", "edition", "textpart" or "translation"
1091:31:element "head" missing required attribute "xml:lang"
1093:30:value of attribute "rend" is invalid; must be equal to "bold", "expanded", "grantha", "italic", "large", "ornate", "small", "subscript", "superscript", "tall" or "wide"
1127:41:value of attribute "type" is invalid; must be equal to "apparatus", "bibliography", "commentary", "edition", "textpart" or "translation"
1128:31:element "head" missing required attribute "xml:lang"
1130:30:value of attribute "rend" is invalid; must be equal to "bold", "expanded", "grantha", "italic", "large", "ornate", "small", "subscript", "superscript", "tall" or "wide"
1140:41:value of attribute "type" is invalid; must be equal to "apparatus", "bibliography", "commentary", "edition", "textpart" or "translation"
1141:31:element "head" missing required attribute "xml:lang"
1143:30:value of attribute "rend" is invalid; must be equal to "bold", "expanded", "grantha", "italic", "large", "ornate", "small", "subscript", "superscript", "tall" or "wide"
1144:39:value of attribute "rend" is invalid; must be equal to "bold", "expanded", "grantha", "italic", "large", "ornate", "small", "subscript", "superscript", "tall" or "wide"
1145:37:element "lg" missing required attributes "met" and "n"
1151:37:element "lg" missing required attributes "met" and "n"
1162:41:value of attribute "type" is invalid; must be equal to "apparatus", "bibliography", "commentary", "edition", "textpart" or "translation"
1163:31:element "head" missing required attribute "xml:lang"
1166:30:value of attribute "rend" is invalid; must be equal to "bold", "expanded", "grantha", "italic", "large", "ornate", "small", "subscript", "superscript", "tall" or "wide"
1202:41:value of attribute "type" is invalid; must be equal to "apparatus", "bibliography", "commentary", "edition", "textpart" or "translation"
1203:31:element "head" missing required attribute "xml:lang"
1205:30:value of attribute "rend" is invalid; must be equal to "bold", "expanded", "grantha", "italic", "large", "ornate", "small", "subscript", "superscript", "tall" or "wide"
1220:39:value of attribute "rend" is invalid; must be equal to "bold", "expanded", "grantha", "italic", "large", "ornate", "small", "subscript", "superscript", "tall" or "wide"
1228:41:value of attribute "type" is invalid; must be equal to "apparatus", "bibliography", "commentary", "edition", "textpart" or "translation"
1229:31:element "head" missing required attribute "xml:lang"
1231:30:value of attribute "rend" is invalid; must be equal to "bold", "expanded", "grantha", "italic", "large", "ornate", "small", "subscript", "superscript", "tall" or "wide"
1233:51:value of attribute "rend" is invalid; must be equal to "bold", "expanded", "grantha", "italic", "large", "ornate", "small", "subscript", "superscript", "tall" or "wide"
1236:30:value of attribute "rend" is invalid; must be equal to "bold", "expanded", "grantha", "italic", "large", "ornate", "small", "subscript", "superscript", "tall" or "wide"
1240:64:value of attribute "rend" is invalid; must be equal to "bold", "expanded", "grantha", "italic", "large", "ornate", "small", "subscript", "superscript", "tall" or "wide"
1247:57:value of attribute "rend" is invalid; must be equal to "bold", "expanded", "grantha", "italic", "large", "ornate", "small", "subscript", "superscript", "tall" or "wide"
1255:41:value of attribute "type" is invalid; must be equal to "apparatus", "bibliography", "commentary", "edition", "textpart" or "translation"
1256:31:element "head" missing required attribute "xml:lang"
1257:48:value of attribute "rend" is invalid; must be equal to "bold", "expanded", "grantha", "italic", "large", "ornate", "small", "subscript", "superscript", "tall" or "wide"
1259:51:value of attribute "rend" is invalid; must be equal to "bold", "expanded", "grantha", "italic", "large", "ornate", "small", "subscript", "superscript", "tall" or "wide"
1264:30:value of attribute "rend" is invalid; must be equal to "bold", "expanded", "grantha", "italic", "large", "ornate", "small", "subscript", "superscript", "tall" or "wide"
1268:55:value of attribute "rend" is invalid; must be equal to "bold", "expanded", "grantha", "italic", "large", "ornate", "small", "subscript", "superscript", "tall" or "wide"
1271:30:value of attribute "rend" is invalid; must be equal to "bold", "expanded", "grantha", "italic", "large", "ornate", "small", "subscript", "superscript", "tall" or "wide"
1281:41:value of attribute "type" is invalid; must be equal to "apparatus", "bibliography", "commentary", "edition", "textpart" or "translation"
1282:31:element "head" missing required attribute "xml:lang"
1283:48:value of attribute "rend" is invalid; must be equal to "bold", "expanded", "grantha", "italic", "large", "ornate", "small", "subscript", "superscript", "tall" or "wide"
1297:41:value of attribute "type" is invalid; must be equal to "apparatus", "bibliography", "commentary", "edition", "textpart" or "translation"
1298:31:element "head" missing required attribute "xml:lang"
1300:30:value of attribute "rend" is invalid; must be equal to "bold", "expanded", "grantha", "italic", "large", "ornate", "small", "subscript", "superscript", "tall" or "wide"
1306:41:value of attribute "type" is invalid; must be equal to "apparatus", "bibliography", "commentary", "edition", "textpart" or "translation"
1307:31:element "head" missing required attribute "xml:lang"
1308:48:value of attribute "rend" is invalid; must be equal to "bold", "expanded", "grantha", "italic", "large", "ornate", "small", "subscript", "superscript", "tall" or "wide"
1316:41:value of attribute "type" is invalid; must be equal to "apparatus", "bibliography", "commentary", "edition", "textpart" or "translation"
1317:31:element "head" missing required attribute "xml:lang"
1319:30:value of attribute "rend" is invalid; must be equal to "bold", "expanded", "grantha", "italic", "large", "ornate", "small", "subscript", "superscript", "tall" or "wide"
1355:39:value of attribute "rend" is invalid; must be equal to "bold", "expanded", "grantha", "italic", "large", "ornate", "small", "subscript", "superscript", "tall" or "wide"
1371:41:value of attribute "type" is invalid; must be equal to "apparatus", "bibliography", "commentary", "edition", "textpart" or "translation"
1372:31:element "head" missing required attribute "xml:lang"
1374:30:value of attribute "rend" is invalid; must be equal to "bold", "expanded", "grantha", "italic", "large", "ornate", "small", "subscript", "superscript", "tall" or "wide"
1380:41:value of attribute "type" is invalid; must be equal to "apparatus", "bibliography", "commentary", "edition", "textpart" or "translation"
1381:31:element "head" missing required attribute "xml:lang"
1383:30:value of attribute "rend" is invalid; must be equal to "bold", "expanded", "grantha", "italic", "large", "ornate", "small", "subscript", "superscript", "tall" or "wide"
1387:41:value of attribute "type" is invalid; must be equal to "apparatus", "bibliography", "commentary", "edition", "textpart" or "translation"
1388:31:element "head" missing required attribute "xml:lang"
1390:30:value of attribute "rend" is invalid; must be equal to "bold", "expanded", "grantha", "italic", "large", "ornate", "small", "subscript", "superscript", "tall" or "wide"
1396:41:value of attribute "type" is invalid; must be equal to "apparatus", "bibliography", "commentary", "edition", "textpart" or "translation"
1397:31:element "head" missing required attribute "xml:lang"
1399:30:value of attribute "rend" is invalid; must be equal to "bold", "expanded", "grantha", "italic", "large", "ornate", "small", "subscript", "superscript", "tall" or "wide"
1407:41:value of attribute "type" is invalid; must be equal to "apparatus", "bibliography", "commentary", "edition", "textpart" or "translation"
1408:31:element "head" missing required attribute "xml:lang"
1410:48:value of attribute "rend" is invalid; must be equal to "bold", "expanded", "grantha", "italic", "large", "ornate", "small", "subscript", "superscript", "tall" or "wide"
1416:41:value of attribute "type" is invalid; must be equal to "apparatus", "bibliography", "commentary", "edition", "textpart" or "translation"
1417:31:element "head" missing required attribute "xml:lang"
1419:30:value of attribute "rend" is invalid; must be equal to "bold", "expanded", "grantha", "italic", "large", "ornate", "small", "subscript", "superscript", "tall" or "wide"
1421:50:value of attribute "rend" is invalid; must be equal to "bold", "expanded", "grantha", "italic", "large", "ornate", "small", "subscript", "superscript", "tall" or "wide"
1426:39:value of attribute "rend" is invalid; must be equal to "bold", "expanded", "grantha", "italic", "large", "ornate", "small", "subscript", "superscript", "tall" or "wide"
1433:39:value of attribute "rend" is invalid; must be equal to "bold", "expanded", "grantha", "italic", "large", "ornate", "small", "subscript", "superscript", "tall" or "wide"
1440:39:value of attribute "rend" is invalid; must be equal to "bold", "expanded", "grantha", "italic", "large", "ornate", "small", "subscript", "superscript", "tall" or "wide"
1448:41:value of attribute "type" is invalid; must be equal to "apparatus", "bibliography", "commentary", "edition", "textpart" or "translation"
1449:31:element "head" missing required attribute "xml:lang"
1451:30:value of attribute "rend" is invalid; must be equal to "bold", "expanded", "grantha", "italic", "large", "ornate", "small", "subscript", "superscript", "tall" or "wide"
1460:30:value of attribute "rend" is invalid; must be equal to "bold", "expanded", "grantha", "italic", "large", "ornate", "small", "subscript", "superscript", "tall" or "wide"
1461:39:value of attribute "rend" is invalid; must be equal to "bold", "expanded", "grantha", "italic", "large", "ornate", "small", "subscript", "superscript", "tall" or "wide"
1471:59:value of attribute "rend" is invalid; must be equal to "bold", "expanded", "grantha", "italic", "large", "ornate", "small", "subscript", "superscript", "tall" or "wide"
1473:41:value of attribute "type" is invalid; must be equal to "apparatus", "bibliography", "commentary", "edition", "textpart" or "translation"
1474:31:element "head" missing required attribute "xml:lang"
1475:48:value of attribute "rend" is invalid; must be equal to "bold", "expanded", "grantha", "italic", "large", "ornate", "small", "subscript", "superscript", "tall" or "wide"
1483:41:value of attribute "type" is invalid; must be equal to "apparatus", "bibliography", "commentary", "edition", "textpart" or "translation"
1484:31:element "head" missing required attribute "xml:lang"
1486:30:value of attribute "rend" is invalid; must be equal to "bold", "expanded", "grantha", "italic", "large", "ornate", "small", "subscript", "superscript", "tall" or "wide"
1498:41:value of attribute "type" is invalid; must be equal to "apparatus", "bibliography", "commentary", "edition", "textpart" or "translation"
1499:31:element "head" missing required attribute "xml:lang"
1502:30:value of attribute "rend" is invalid; must be equal to "bold", "expanded", "grantha", "italic", "large", "ornate", "small", "subscript", "superscript", "tall" or "wide"
1505:30:value of attribute "rend" is invalid; must be equal to "bold", "expanded", "grantha", "italic", "large", "ornate", "small", "subscript", "superscript", "tall" or "wide"
1523:41:value of attribute "type" is invalid; must be equal to "apparatus", "bibliography", "commentary", "edition", "textpart" or "translation"
1524:31:element "head" missing required attribute "xml:lang"
1526:30:value of attribute "rend" is invalid; must be equal to "bold", "expanded", "grantha", "italic", "large", "ornate", "small", "subscript", "superscript", "tall" or "wide"
1536:41:value of attribute "type" is invalid; must be equal to "apparatus", "bibliography", "commentary", "edition", "textpart" or "translation"
1537:31:element "head" missing required attribute "xml:lang"
1539:30:value of attribute "rend" is invalid; must be equal to "bold", "expanded", "grantha", "italic", "large", "ornate", "small", "subscript", "superscript", "tall" or "wide"
1547:41:value of attribute "type" is invalid; must be equal to "apparatus", "bibliography", "commentary", "edition", "textpart" or "translation"
1548:31:element "head" missing required attribute "xml:lang"
1550:30:value of attribute "rend" is invalid; must be equal to "bold", "expanded", "grantha", "italic", "large", "ornate", "small", "subscript", "superscript", "tall" or "wide"
1564:41:value of attribute "type" is invalid; must be equal to "apparatus", "bibliography", "commentary", "edition", "textpart" or "translation"
1565:31:element "head" missing required attribute "xml:lang"
1566:48:value of attribute "rend" is invalid; must be equal to "bold", "expanded", "grantha", "italic", "large", "ornate", "small", "subscript", "superscript", "tall" or "wide"
1578:41:value of attribute "type" is invalid; must be equal to "apparatus", "bibliography", "commentary", "edition", "textpart" or "translation"
1579:31:element "head" missing required attribute "xml:lang"
1581:30:value of attribute "rend" is invalid; must be equal to "bold", "expanded", "grantha", "italic", "large", "ornate", "small", "subscript", "superscript", "tall" or "wide"
1593:41:value of attribute "type" is invalid; must be equal to "apparatus", "bibliography", "commentary", "edition", "textpart" or "translation"
1594:31:element "head" missing required attribute "xml:lang"
1596:48:value of attribute "rend" is invalid; must be equal to "bold", "expanded", "grantha", "italic", "large", "ornate", "small", "subscript", "superscript", "tall" or "wide"
1598:50:value of attribute "rend" is invalid; must be equal to "bold", "expanded", "grantha", "italic", "large", "ornate", "small", "subscript", "superscript", "tall" or "wide"
1604:41:value of attribute "type" is invalid; must be equal to "apparatus", "bibliography", "commentary", "edition", "textpart" or "translation"
1605:31:element "head" missing required attribute "xml:lang"
1607:30:value of attribute "rend" is invalid; must be equal to "bold", "expanded", "grantha", "italic", "large", "ornate", "small", "subscript", "superscript", "tall" or "wide"
1615:41:value of attribute "type" is invalid; must be equal to "apparatus", "bibliography", "commentary", "edition", "textpart" or "translation"
1616:31:element "head" missing required attribute "xml:lang"
1618:30:value of attribute "rend" is invalid; must be equal to "bold", "expanded", "grantha", "italic", "large", "ornate", "small", "subscript", "superscript", "tall" or "wide"
1636:75:value of attribute "rend" is invalid; must be equal to "bold", "expanded", "grantha", "italic", "large", "ornate", "small", "subscript", "superscript", "tall" or "wide"
1654:41:value of attribute "type" is invalid; must be equal to "apparatus", "bibliography", "commentary", "edition", "textpart" or "translation"
1655:31:element "head" missing required attribute "xml:lang"
1657:30:value of attribute "rend" is invalid; must be equal to "bold", "expanded", "grantha", "italic", "large", "ornate", "small", "subscript", "superscript", "tall" or "wide"
1663:41:value of attribute "type" is invalid; must be equal to "apparatus", "bibliography", "commentary", "edition", "textpart" or "translation"
1664:31:element "head" missing required attribute "xml:lang"
1666:30:value of attribute "rend" is invalid; must be equal to "bold", "expanded", "grantha", "italic", "large", "ornate", "small", "subscript", "superscript", "tall" or "wide"
1688:41:value of attribute "type" is invalid; must be equal to "apparatus", "bibliography", "commentary", "edition", "textpart" or "translation"
1689:31:element "head" missing required attribute "xml:lang"
1692:30:value of attribute "rend" is invalid; must be equal to "bold", "expanded", "grantha", "italic", "large", "ornate", "small", "subscript", "superscript", "tall" or "wide"
1700:41:value of attribute "type" is invalid; must be equal to "apparatus", "bibliography", "commentary", "edition", "textpart" or "translation"
1701:31:element "head" missing required attribute "xml:lang"
1703:30:value of attribute "rend" is invalid; must be equal to "bold", "expanded", "grantha", "italic", "large", "ornate", "small", "subscript", "superscript", "tall" or "wide"
1709:41:value of attribute "type" is invalid; must be equal to "apparatus", "bibliography", "commentary", "edition", "textpart" or "translation"
1710:31:element "head" missing required attribute "xml:lang"
1712:30:value of attribute "rend" is invalid; must be equal to "bold", "expanded", "grantha", "italic", "large", "ornate", "small", "subscript", "superscript", "tall" or "wide"
1716:41:value of attribute "type" is invalid; must be equal to "apparatus", "bibliography", "commentary", "edition", "textpart" or "translation"
1717:31:element "head" missing required attribute "xml:lang"
1719:30:value of attribute "rend" is invalid; must be equal to "bold", "expanded", "grantha", "italic", "large", "ornate", "small", "subscript", "superscript", "tall" or "wide"
1725:41:value of attribute "type" is invalid; must be equal to "apparatus", "bibliography", "commentary", "edition", "textpart" or "translation"
1726:31:element "head" missing required attribute "xml:lang"
1728:30:value of attribute "rend" is invalid; must be equal to "bold", "expanded", "grantha", "italic", "large", "ornate", "small", "subscript", "superscript", "tall" or "wide"
1734:41:value of attribute "type" is invalid; must be equal to "apparatus", "bibliography", "commentary", "edition", "textpart" or "translation"
1735:31:element "head" missing required attribute "xml:lang"
1737:30:value of attribute "rend" is invalid; must be equal to "bold", "expanded", "grantha", "italic", "large", "ornate", "small", "subscript", "superscript", "tall" or "wide"
1751:41:value of attribute "type" is invalid; must be equal to "apparatus", "bibliography", "commentary", "edition", "textpart" or "translation"
1752:31:element "head" missing required attribute "xml:lang"
1754:30:value of attribute "rend" is invalid; must be equal to "bold", "expanded", "grantha", "italic", "large", "ornate", "small", "subscript", "superscript", "tall" or "wide"
1757:37:element "lg" missing required attributes "met" and "n"
1764:76:value of attribute "rend" is invalid; must be equal to "bold", "expanded", "grantha", "italic", "large", "ornate", "small", "subscript", "superscript", "tall" or "wide"
1766:41:value of attribute "type" is invalid; must be equal to "apparatus", "bibliography", "commentary", "edition", "textpart" or "translation"
1767:31:element "head" missing required attribute "xml:lang"
1769:30:value of attribute "rend" is invalid; must be equal to "bold", "expanded", "grantha", "italic", "large", "ornate", "small", "subscript", "superscript", "tall" or "wide"
1777:41:value of attribute "type" is invalid; must be equal to "apparatus", "bibliography", "commentary", "edition", "textpart" or "translation"
1778:31:element "head" missing required attribute "xml:lang"
1781:30:value of attribute "rend" is invalid; must be equal to "bold", "expanded", "grantha", "italic", "large", "ornate", "small", "subscript", "superscript", "tall" or "wide"
1791:41:value of attribute "type" is invalid; must be equal to "apparatus", "bibliography", "commentary", "edition", "textpart" or "translation"
1792:31:element "head" missing required attribute "xml:lang"
1793:48:value of attribute "rend" is invalid; must be equal to "bold", "expanded", "grantha", "italic", "large", "ornate", "small", "subscript", "superscript", "tall" or "wide"
1796:30:value of attribute "rend" is invalid; must be equal to "bold", "expanded", "grantha", "italic", "large", "ornate", "small", "subscript", "superscript", "tall" or "wide"
1796:62:value of attribute "rend" is invalid; must be equal to "bold", "expanded", "grantha", "italic", "large", "ornate", "small", "subscript", "superscript", "tall" or "wide"
1798:41:value of attribute "type" is invalid; must be equal to "apparatus", "bibliography", "commentary", "edition", "textpart" or "translation"
1799:31:element "head" missing required attribute "xml:lang"
1800:48:value of attribute "rend" is invalid; must be equal to "bold", "expanded", "grantha", "italic", "large", "ornate", "small", "subscript", "superscript", "tall" or "wide"
1812:41:value of attribute "type" is invalid; must be equal to "apparatus", "bibliography", "commentary", "edition", "textpart" or "translation"
1813:31:element "head" missing required attribute "xml:lang"
1815:30:value of attribute "rend" is invalid; must be equal to "bold", "expanded", "grantha", "italic", "large", "ornate", "small", "subscript", "superscript", "tall" or "wide"
1821:41:value of attribute "type" is invalid; must be equal to "apparatus", "bibliography", "commentary", "edition", "textpart" or "translation"
1822:31:element "head" missing required attribute "xml:lang"
1824:30:value of attribute "rend" is invalid; must be equal to "bold", "expanded", "grantha", "italic", "large", "ornate", "small", "subscript", "superscript", "tall" or "wide"
1828:41:value of attribute "type" is invalid; must be equal to "apparatus", "bibliography", "commentary", "edition", "textpart" or "translation"
1829:31:element "head" missing required attribute "xml:lang"
1831:30:value of attribute "rend" is invalid; must be equal to "bold", "expanded", "grantha", "italic", "large", "ornate", "small", "subscript", "superscript", "tall" or "wide"
1832:37:element "lg" missing required attributes "met" and "n"
1838:41:value of attribute "type" is invalid; must be equal to "apparatus", "bibliography", "commentary", "edition", "textpart" or "translation"
1839:31:element "head" missing required attribute "xml:lang"
1841:30:value of attribute "rend" is invalid; must be equal to "bold", "expanded", "grantha", "italic", "large", "ornate", "small", "subscript", "superscript", "tall" or "wide"
1847:41:value of attribute "type" is invalid; must be equal to "apparatus", "bibliography", "commentary", "edition", "textpart" or "translation"
1848:31:element "head" missing required attribute "xml:lang"
1850:30:value of attribute "rend" is invalid; must be equal to "bold", "expanded", "grantha", "italic", "large", "ornate", "small", "subscript", "superscript", "tall" or "wide"
