1000:24: element "lg" missing required attribute "met"
1012:24: element "lg" missing required attribute "met"
1024:24: element "lg" missing required attribute "met"
1036:24: element "lg" missing required attribute "met"
1048:24: element "lg" missing required attribute "met"
1060:24: element "lg" missing required attribute "met"
1072:24: element "lg" missing required attribute "met"
1084:24: element "lg" missing required attribute "met"
1090:24: element "lg" missing required attribute "met"
1102:24: element "lg" missing required attribute "met"
1114:24: element "lg" missing required attribute "met"
1126:24: element "lg" missing required attribute "met"
1140:24: element "lg" missing required attribute "met"
1152:24: element "lg" missing required attribute "met"
1164:24: element "lg" missing required attribute "met"
1176:24: element "lg" missing required attribute "met"
1189:24: element "lg" missing required attribute "met"
1202:24: element "lg" missing required attribute "met"
1214:24: element "lg" missing required attribute "met"
1226:24: element "lg" missing required attribute "met"
1238:24: element "lg" missing required attribute "met"
1250:24: element "lg" missing required attribute "met"
1262:24: element "lg" missing required attribute "met"
1274:24: element "lg" missing required attribute "met"
1286:24: element "lg" missing required attribute "met"
1298:24: element "lg" missing required attribute "met"
1310:24: element "lg" missing required attribute "met"
132:12: element "div" missing required attribute "type"
1322:24: element "lg" missing required attribute "met"
1334:24: element "lg" missing required attribute "met"
1346:24: element "lg" missing required attribute "met"
135:18: element "div" missing required attribute "type"
1358:24: element "lg" missing required attribute "met"
136:24: element "lg" missing required attribute "met"
1370:24: element "lg" missing required attribute "met"
1382:24: element "lg" missing required attribute "met"
1394:24: element "lg" missing required attribute "met"
1406:24: element "lg" missing required attribute "met"
1418:24: element "lg" missing required attribute "met"
1430:24: element "lg" missing required attribute "met"
1442:24: element "lg" missing required attribute "met"
1454:24: element "lg" missing required attribute "met"
1466:24: element "lg" missing required attribute "met"
1478:24: element "lg" missing required attribute "met"
148:24: element "lg" missing required attribute "met"
1490:24: element "lg" missing required attribute "met"
1503:24: element "lg" missing required attribute "met"
1516:24: element "lg" missing required attribute "met"
1529:24: element "lg" missing required attribute "met"
1541:24: element "lg" missing required attribute "met"
1553:24: element "lg" missing required attribute "met"
1567:18: element "div" missing required attribute "type"
1568:24: element "lg" missing required attribute "met"
1580:24: element "lg" missing required attribute "met"
1592:24: element "lg" missing required attribute "met"
160:24: element "lg" missing required attribute "met"
1604:24: element "lg" missing required attribute "met"
1616:24: element "lg" missing required attribute "met"
1628:24: element "lg" missing required attribute "met"
1640:24: element "lg" missing required attribute "met"
1652:24: element "lg" missing required attribute "met"
1664:24: element "lg" missing required attribute "met"
1676:24: element "lg" missing required attribute "met"
1688:24: element "lg" missing required attribute "met"
1700:24: element "lg" missing required attribute "met"
1712:24: element "lg" missing required attribute "met"
172:24: element "lg" missing required attribute "met"
1724:24: element "lg" missing required attribute "met"
1737:24: element "lg" missing required attribute "met"
1749:24: element "lg" missing required attribute "met"
1761:24: element "lg" missing required attribute "met"
1773:24: element "lg" missing required attribute "met"
1783:24: element "lg" missing required attribute "met"
1798:24: element "lg" missing required attribute "met"
1811:24: element "lg" missing required attribute "met"
1823:24: element "lg" missing required attribute "met"
1835:24: element "lg" missing required attribute "met"
184:24: element "lg" missing required attribute "met"
1847:24: element "lg" missing required attribute "met"
1859:24: element "lg" missing required attribute "met"
1871:24: element "lg" missing required attribute "met"
1883:24: element "lg" missing required attribute "met"
1896:24: element "lg" missing required attribute "met"
1909:24: element "lg" missing required attribute "met"
1921:24: element "lg" missing required attribute "met"
1933:24: element "lg" missing required attribute "met"
1946:24: element "lg" missing required attribute "met"
1959:24: element "lg" missing required attribute "met"
196:24: element "lg" missing required attribute "met"
1971:24: element "lg" missing required attribute "met"
1983:24: element "lg" missing required attribute "met"
1995:24: element "lg" missing required attribute "met"
2007:24: element "lg" missing required attribute "met"
2015:24: element "lg" missing required attribute "met"
2019:24: element "lg" missing required attribute "met"
2032:24: element "lg" missing required attribute "met"
2044:24: element "lg" missing required attribute "met"
2056:24: element "lg" missing required attribute "met"
2068:24: element "lg" missing required attribute "met"
208:24: element "lg" missing required attribute "met"
2080:24: element "lg" missing required attribute "met"
2092:24: element "lg" missing required attribute "met"
2105:24: element "lg" missing required attribute "met"
2118:24: element "lg" missing required attribute "met"
2130:24: element "lg" missing required attribute "met"
2142:24: element "lg" missing required attribute "met"
2154:24: element "lg" missing required attribute "met"
2166:24: element "lg" missing required attribute "met"
2178:24: element "lg" missing required attribute "met"
2190:24: element "lg" missing required attribute "met"
2202:24: element "lg" missing required attribute "met"
221:24: element "lg" missing required attribute "met"
2215:24: element "lg" missing required attribute "met"
2227:24: element "lg" missing required attribute "met"
2239:24: element "lg" missing required attribute "met"
2251:24: element "lg" missing required attribute "met"
2263:24: element "lg" missing required attribute "met"
2275:24: element "lg" missing required attribute "met"
2287:24: element "lg" missing required attribute "met"
2299:24: element "lg" missing required attribute "met"
2314:24: element "lg" missing required attribute "met"
2326:24: element "lg" missing required attribute "met"
233:24: element "lg" missing required attribute "met"
2338:24: element "lg" missing required attribute "met"
2350:24: element "lg" missing required attribute "met"
2362:24: element "lg" missing required attribute "met"
2374:24: element "lg" missing required attribute "met"
2386:24: element "lg" missing required attribute "met"
2398:24: element "lg" missing required attribute "met"
2410:24: element "lg" missing required attribute "met"
2422:24: element "lg" missing required attribute "met"
2434:24: element "lg" missing required attribute "met"
2447:24: element "lg" missing required attribute "met"
245:24: element "lg" missing required attribute "met"
2459:24: element "lg" missing required attribute "met"
2471:24: element "lg" missing required attribute "met"
2483:24: element "lg" missing required attribute "met"
2495:24: element "lg" missing required attribute "met"
2507:24: element "lg" missing required attribute "met"
2519:24: element "lg" missing required attribute "met"
2533:18: element "div" missing required attribute "type"
2534:24: element "lg" missing required attribute "met"
2544:24: element "lg" missing required attribute "met"
2554:24: element "lg" missing required attribute "met"
2562:24: element "lg" missing required attribute "met"
257:24: element "lg" missing required attribute "met"
2572:24: element "lg" missing required attribute "met"
2582:24: element "lg" missing required attribute "met"
2592:24: element "lg" missing required attribute "met"
2602:24: element "lg" missing required attribute "met"
2610:24: element "lg" missing required attribute "met"
2620:24: element "lg" missing required attribute "met"
2630:24: element "lg" missing required attribute "met"
2640:24: element "lg" missing required attribute "met"
2649:24: element "lg" missing required attribute "met"
2660:24: element "lg" missing required attribute "met"
2670:24: element "lg" missing required attribute "met"
2680:24: element "lg" missing required attribute "met"
269:24: element "lg" missing required attribute "met"
2690:24: element "lg" missing required attribute "met"
2703:24: element "lg" missing required attribute "met"
2715:24: element "lg" missing required attribute "met"
2725:24: element "lg" missing required attribute "met"
2735:24: element "lg" missing required attribute "met"
2745:24: element "lg" missing required attribute "met"
2756:24: element "lg" missing required attribute "met"
2766:24: element "lg" missing required attribute "met"
2775:24: element "lg" missing required attribute "met"
2785:24: element "lg" missing required attribute "met"
2796:24: element "lg" missing required attribute "met"
2806:24: element "lg" missing required attribute "met"
281:24: element "lg" missing required attribute "met"
2816:24: element "lg" missing required attribute "met"
2824:24: element "lg" missing required attribute "met"
2834:24: element "lg" missing required attribute "met"
2844:24: element "lg" missing required attribute "met"
2854:24: element "lg" missing required attribute "met"
2865:24: element "lg" missing required attribute "met"
2873:24: element "lg" missing required attribute "met"
2883:24: element "lg" missing required attribute "met"
2894:24: element "lg" missing required attribute "met"
2904:24: element "lg" missing required attribute "met"
2914:24: element "lg" missing required attribute "met"
2922:24: element "lg" missing required attribute "met"
2932:24: element "lg" missing required attribute "met"
2942:24: element "lg" missing required attribute "met"
2952:24: element "lg" missing required attribute "met"
2963:24: element "lg" missing required attribute "met"
2973:24: element "lg" missing required attribute "met"
298:24: element "lg" missing required attribute "met"
2983:24: element "lg" missing required attribute "met"
2991:24: element "lg" missing required attribute "met"
3000:24: element "lg" missing required attribute "met"
3010:24: element "lg" missing required attribute "met"
3020:24: element "lg" missing required attribute "met"
3031:24: element "lg" missing required attribute "met"
3041:24: element "lg" missing required attribute "met"
3051:24: element "lg" missing required attribute "met"
3061:24: element "lg" missing required attribute "met"
3069:24: element "lg" missing required attribute "met"
3079:24: element "lg" missing required attribute "met"
3089:24: element "lg" missing required attribute "met"
3099:24: element "lg" missing required attribute "met"
310:24: element "lg" missing required attribute "met"
3107:24: element "lg" missing required attribute "met"
3117:24: element "lg" missing required attribute "met"
3127:24: element "lg" missing required attribute "met"
3137:24: element "lg" missing required attribute "met"
3145:24: element "lg" missing required attribute "met"
3155:24: element "lg" missing required attribute "met"
3165:24: element "lg" missing required attribute "met"
3175:24: element "lg" missing required attribute "met"
3186:24: element "lg" missing required attribute "met"
3194:24: element "lg" missing required attribute "met"
3204:24: element "lg" missing required attribute "met"
3214:24: element "lg" missing required attribute "met"
3224:24: element "lg" missing required attribute "met"
3234:24: element "lg" missing required attribute "met"
3244:24: element "lg" missing required attribute "met"
325:24: element "lg" missing required attribute "met"
3252:24: element "lg" missing required attribute "met"
3262:24: element "lg" missing required attribute "met"
3272:24: element "lg" missing required attribute "met"
3282:24: element "lg" missing required attribute "met"
3292:24: element "lg" missing required attribute "met"
3300:24: element "lg" missing required attribute "met"
3310:18: element "div" missing required attribute "type"
3311:24: element "lg" missing required attribute "met"
3323:24: element "lg" missing required attribute "met"
3336:24: element "lg" missing required attribute "met"
3348:24: element "lg" missing required attribute "met"
3360:24: element "lg" missing required attribute "met"
337:24: element "lg" missing required attribute "met"
3372:24: element "lg" missing required attribute "met"
3384:24: element "lg" missing required attribute "met"
3396:24: element "lg" missing required attribute "met"
3408:24: element "lg" missing required attribute "met"
3420:24: element "lg" missing required attribute "met"
3432:24: element "lg" missing required attribute "met"
3444:24: element "lg" missing required attribute "met"
3456:24: element "lg" missing required attribute "met"
3468:24: element "lg" missing required attribute "met"
3480:24: element "lg" missing required attribute "met"
349:24: element "lg" missing required attribute "met"
3492:24: element "lg" missing required attribute "met"
3505:24: element "lg" missing required attribute "met"
3517:24: element "lg" missing required attribute "met"
3529:24: element "lg" missing required attribute "met"
3541:24: element "lg" missing required attribute "met"
3553:24: element "lg" missing required attribute "met"
3565:24: element "lg" missing required attribute "met"
3577:24: element "lg" missing required attribute "met"
3589:24: element "lg" missing required attribute "met"
3601:24: element "lg" missing required attribute "met"
361:24: element "lg" missing required attribute "met"
3613:24: element "lg" missing required attribute "met"
3625:24: element "lg" missing required attribute "met"
3637:24: element "lg" missing required attribute "met"
3649:24: element "lg" missing required attribute "met"
3661:24: element "lg" missing required attribute "met"
3673:24: element "lg" missing required attribute "met"
3685:24: element "lg" missing required attribute "met"
3697:24: element "lg" missing required attribute "met"
3709:24: element "lg" missing required attribute "met"
3721:24: element "lg" missing required attribute "met"
373:24: element "lg" missing required attribute "met"
3735:24: element "lg" missing required attribute "met"
3747:24: element "lg" missing required attribute "met"
3759:24: element "lg" missing required attribute "met"
3771:24: element "lg" missing required attribute "met"
3783:24: element "lg" missing required attribute "met"
3795:24: element "lg" missing required attribute "met"
3807:24: element "lg" missing required attribute "met"
3819:24: element "lg" missing required attribute "met"
3831:24: element "lg" missing required attribute "met"
3843:24: element "lg" missing required attribute "met"
385:24: element "lg" missing required attribute "met"
3855:24: element "lg" missing required attribute "met"
3867:24: element "lg" missing required attribute "met"
3879:24: element "lg" missing required attribute "met"
3891:24: element "lg" missing required attribute "met"
3903:24: element "lg" missing required attribute "met"
3915:24: element "lg" missing required attribute "met"
3927:24: element "lg" missing required attribute "met"
3939:24: element "lg" missing required attribute "met"
3951:24: element "lg" missing required attribute "met"
3963:24: element "lg" missing required attribute "met"
397:24: element "lg" missing required attribute "met"
3975:24: element "lg" missing required attribute "met"
3987:24: element "lg" missing required attribute "met"
3999:24: element "lg" missing required attribute "met"
4011:24: element "lg" missing required attribute "met"
4023:24: element "lg" missing required attribute "met"
4035:24: element "lg" missing required attribute "met"
4047:24: element "lg" missing required attribute "met"
4059:24: element "lg" missing required attribute "met"
4071:24: element "lg" missing required attribute "met"
4083:24: element "lg" missing required attribute "met"
409:24: element "lg" missing required attribute "met"
4095:24: element "lg" missing required attribute "met"
4107:24: element "lg" missing required attribute "met"
4119:24: element "lg" missing required attribute "met"
4131:24: element "lg" missing required attribute "met"
4143:24: element "lg" missing required attribute "met"
4155:24: element "lg" missing required attribute "met"
4167:24: element "lg" missing required attribute "met"
4179:24: element "lg" missing required attribute "met"
4191:24: element "lg" missing required attribute "met"
4203:24: element "lg" missing required attribute "met"
4215:24: element "lg" missing required attribute "met"
422:24: element "lg" missing required attribute "met"
4227:24: element "lg" missing required attribute "met"
4239:24: element "lg" missing required attribute "met"
4251:24: element "lg" missing required attribute "met"
4263:24: element "lg" missing required attribute "met"
4275:24: element "lg" missing required attribute "met"
4287:24: element "lg" missing required attribute "met"
4299:24: element "lg" missing required attribute "met"
4311:24: element "lg" missing required attribute "met"
4323:24: element "lg" missing required attribute "met"
4335:24: element "lg" missing required attribute "met"
434:24: element "lg" missing required attribute "met"
4347:24: element "lg" missing required attribute "met"
4359:24: element "lg" missing required attribute "met"
4371:24: element "lg" missing required attribute "met"
4382:24: element "lg" missing required attribute "met"
4394:24: element "lg" missing required attribute "met"
4406:24: element "lg" missing required attribute "met"
4418:24: element "lg" missing required attribute "met"
4430:24: element "lg" missing required attribute "met"
4442:24: element "lg" missing required attribute "met"
4454:24: element "lg" missing required attribute "met"
446:24: element "lg" missing required attribute "met"
4466:24: element "lg" missing required attribute "met"
4478:24: element "lg" missing required attribute "met"
4490:24: element "lg" missing required attribute "met"
4502:24: element "lg" missing required attribute "met"
4514:24: element "lg" missing required attribute "met"
4526:24: element "lg" missing required attribute "met"
4538:24: element "lg" missing required attribute "met"
4550:24: element "lg" missing required attribute "met"
4562:24: element "lg" missing required attribute "met"
4574:24: element "lg" missing required attribute "met"
458:24: element "lg" missing required attribute "met"
4586:24: element "lg" missing required attribute "met"
4598:24: element "lg" missing required attribute "met"
4610:24: element "lg" missing required attribute "met"
4622:24: element "lg" missing required attribute "met"
4634:24: element "lg" missing required attribute "met"
4646:24: element "lg" missing required attribute "met"
4658:24: element "lg" missing required attribute "met"
4670:24: element "lg" missing required attribute "met"
4682:24: element "lg" missing required attribute "met"
4694:24: element "lg" missing required attribute "met"
470:24: element "lg" missing required attribute "met"
4706:24: element "lg" missing required attribute "met"
4718:24: element "lg" missing required attribute "met"
4730:24: element "lg" missing required attribute "met"
4742:24: element "lg" missing required attribute "met"
4754:24: element "lg" missing required attribute "met"
4766:24: element "lg" missing required attribute "met"
4778:24: element "lg" missing required attribute "met"
4790:24: element "lg" missing required attribute "met"
4802:24: element "lg" missing required attribute "met"
4814:24: element "lg" missing required attribute "met"
482:24: element "lg" missing required attribute "met"
4826:24: element "lg" missing required attribute "met"
4838:24: element "lg" missing required attribute "met"
4850:24: element "lg" missing required attribute "met"
4862:24: element "lg" missing required attribute "met"
4874:24: element "lg" missing required attribute "met"
4886:24: element "lg" missing required attribute "met"
4898:24: element "lg" missing required attribute "met"
4910:24: element "lg" missing required attribute "met"
4922:24: element "lg" missing required attribute "met"
4935:24: element "lg" missing required attribute "met"
494:24: element "lg" missing required attribute "met"
4947:24: element "lg" missing required attribute "met"
4959:24: element "lg" missing required attribute "met"
4971:24: element "lg" missing required attribute "met"
4983:24: element "lg" missing required attribute "met"
4995:24: element "lg" missing required attribute "met"
5007:24: element "lg" missing required attribute "met"
5019:24: element "lg" missing required attribute "met"
5031:24: element "lg" missing required attribute "met"
5043:24: element "lg" missing required attribute "met"
5055:24: element "lg" missing required attribute "met"
506:24: element "lg" missing required attribute "met"
5066:24: element "lg" missing required attribute "met"
5078:24: element "lg" missing required attribute "met"
5090:24: element "lg" missing required attribute "met"
5102:24: element "lg" missing required attribute "met"
5114:24: element "lg" missing required attribute "met"
5126:24: element "lg" missing required attribute "met"
5138:24: element "lg" missing required attribute "met"
5150:24: element "lg" missing required attribute "met"
5162:24: element "lg" missing required attribute "met"
5174:24: element "lg" missing required attribute "met"
518:24: element "lg" missing required attribute "met"
5186:24: element "lg" missing required attribute "met"
5198:24: element "lg" missing required attribute "met"
5210:24: element "lg" missing required attribute "met"
5222:24: element "lg" missing required attribute "met"
5234:24: element "lg" missing required attribute "met"
5246:24: element "lg" missing required attribute "met"
5258:24: element "lg" missing required attribute "met"
5270:24: element "lg" missing required attribute "met"
5282:24: element "lg" missing required attribute "met"
5294:24: element "lg" missing required attribute "met"
530:24: element "lg" missing required attribute "met"
5306:24: element "lg" missing required attribute "met"
5318:24: element "lg" missing required attribute "met"
5330:24: element "lg" missing required attribute "met"
5342:24: element "lg" missing required attribute "met"
5354:24: element "lg" missing required attribute "met"
5366:24: element "lg" missing required attribute "met"
5378:24: element "lg" missing required attribute "met"
5390:24: element "lg" missing required attribute "met"
5402:24: element "lg" missing required attribute "met"
5414:24: element "lg" missing required attribute "met"
542:24: element "lg" missing required attribute "met"
5426:24: element "lg" missing required attribute "met"
5438:24: element "lg" missing required attribute "met"
5450:24: element "lg" missing required attribute "met"
5462:24: element "lg" missing required attribute "met"
5474:24: element "lg" missing required attribute "met"
5486:24: element "lg" missing required attribute "met"
5498:24: element "lg" missing required attribute "met"
5510:24: element "lg" missing required attribute "met"
5522:24: element "lg" missing required attribute "met"
5534:24: element "lg" missing required attribute "met"
5546:24: element "lg" missing required attribute "met"
555:24: element "lg" missing required attribute "met"
5558:24: element "lg" missing required attribute "met"
5570:24: element "lg" missing required attribute "met"
5582:24: element "lg" missing required attribute "met"
5594:24: element "lg" missing required attribute "met"
5606:24: element "lg" missing required attribute "met"
5618:24: element "lg" missing required attribute "met"
5630:24: element "lg" missing required attribute "met"
5642:24: element "lg" missing required attribute "met"
5655:24: element "lg" missing required attribute "met"
5667:24: element "lg" missing required attribute "met"
5679:24: element "lg" missing required attribute "met"
569:24: element "lg" missing required attribute "met"
5691:24: element "lg" missing required attribute "met"
5702:24: element "lg" missing required attribute "met"
5714:24: element "lg" missing required attribute "met"
5726:24: element "lg" missing required attribute "met"
5738:24: element "lg" missing required attribute "met"
5750:24: element "lg" missing required attribute "met"
5762:24: element "lg" missing required attribute "met"
5774:24: element "lg" missing required attribute "met"
5786:24: element "lg" missing required attribute "met"
5798:24: element "lg" missing required attribute "met"
5810:24: element "lg" missing required attribute "met"
5822:24: element "lg" missing required attribute "met"
583:24: element "lg" missing required attribute "met"
5834:24: element "lg" missing required attribute "met"
5846:24: element "lg" missing required attribute "met"
5858:24: element "lg" missing required attribute "met"
5870:24: element "lg" missing required attribute "met"
5882:24: element "lg" missing required attribute "met"
5894:24: element "lg" missing required attribute "met"
5906:24: element "lg" missing required attribute "met"
5918:24: element "lg" missing required attribute "met"
5930:24: element "lg" missing required attribute "met"
5942:24: element "lg" missing required attribute "met"
5954:24: element "lg" missing required attribute "met"
596:24: element "lg" missing required attribute "met"
5966:24: element "lg" missing required attribute "met"
5978:24: element "lg" missing required attribute "met"
5990:24: element "lg" missing required attribute "met"
6002:24: element "lg" missing required attribute "met"
6014:24: element "lg" missing required attribute "met"
6026:24: element "lg" missing required attribute "met"
6038:24: element "lg" missing required attribute "met"
6050:24: element "lg" missing required attribute "met"
6063:24: element "lg" missing required attribute "met"
6075:24: element "lg" missing required attribute "met"
608:24: element "lg" missing required attribute "met"
6087:24: element "lg" missing required attribute "met"
6099:24: element "lg" missing required attribute "met"
6111:24: element "lg" missing required attribute "met"
6123:24: element "lg" missing required attribute "met"
6135:24: element "lg" missing required attribute "met"
6147:24: element "lg" missing required attribute "met"
6159:24: element "lg" missing required attribute "met"
6171:24: element "lg" missing required attribute "met"
6183:24: element "lg" missing required attribute "met"
6196:18: element "div" missing required attribute "type"
6197:24: element "lg" missing required attribute "met"
6205:24: element "lg" missing required attribute "met"
621:24: element "lg" missing required attribute "met"
6213:24: element "lg" missing required attribute "met"
6221:24: element "lg" missing required attribute "met"
6229:24: element "lg" missing required attribute "met"
6237:24: element "lg" missing required attribute "met"
6245:24: element "lg" missing required attribute "met"
6253:24: element "lg" missing required attribute "met"
6262:24: element "lg" missing required attribute "met"
6270:24: element "lg" missing required attribute "met"
6279:24: element "lg" missing required attribute "met"
6287:24: element "lg" missing required attribute "met"
6295:24: element "lg" missing required attribute "met"
6304:24: element "lg" missing required attribute "met"
6312:24: element "lg" missing required attribute "met"
6320:24: element "lg" missing required attribute "met"
6329:24: element "lg" missing required attribute "met"
6337:24: element "lg" missing required attribute "met"
634:24: element "lg" missing required attribute "met"
6347:24: element "lg" missing required attribute "met"
6355:24: element "lg" missing required attribute "met"
6363:24: element "lg" missing required attribute "met"
6370:24: element "lg" missing required attribute "met"
6370:29: element "lg" incomplete; expected element "addSpan", "anchor", "app", "cb", "certainty", "dateline", "delSpan", "desc", "docAuthor", "docDate", "ellipsis", "epigraph", "figure", "fw", "gap", "gb", "head", "index", "interp", "interpGrp", "join", "l", "label", "lb", "lg", "link", "linkGrp", "listTranspose", "meeting", "metamark", "milestone", "notatedMusic", "note", "noteGrp", "pb", "precision", "space", "stage" or "substJoin"
6370:29: element "lg" incomplete; expected element "app", "certainty", "dateline", "desc", "docAuthor", "docDate", "epigraph", "fw", "gap", "head", "index", "interpGrp", "l", "label", "lb", "lg", "linkGrp", "listTranspose", "milestone", "note", "pb", "space" or "stage"
6371:24: element "lg" missing required attribute "met"
6378:24: element "lg" missing required attribute "met"
6386:24: element "lg" missing required attribute "met"
6394:24: element "lg" missing required attribute "met"
6402:24: element "lg" missing required attribute "met"
6410:24: element "lg" missing required attribute "met"
6418:24: element "lg" missing required attribute "met"
6426:24: element "lg" missing required attribute "met"
6434:24: element "lg" missing required attribute "met"
6444:24: element "lg" missing required attribute "met"
6453:24: element "lg" missing required attribute "met"
646:24: element "lg" missing required attribute "met"
6461:24: element "lg" missing required attribute "met"
6469:24: element "lg" missing required attribute "met"
6478:24: element "lg" missing required attribute "met"
6486:24: element "lg" missing required attribute "met"
6494:24: element "lg" missing required attribute "met"
6502:24: element "lg" missing required attribute "met"
6511:24: element "lg" missing required attribute "met"
6519:24: element "lg" missing required attribute "met"
6527:24: element "lg" missing required attribute "met"
6536:24: element "lg" missing required attribute "met"
6544:24: element "lg" missing required attribute "met"
6552:24: element "lg" missing required attribute "met"
6561:24: element "lg" missing required attribute "met"
6569:24: element "lg" missing required attribute "met"
6578:24: element "lg" missing required attribute "met"
658:24: element "lg" missing required attribute "met"
6586:24: element "lg" missing required attribute "met"
6594:24: element "lg" missing required attribute "met"
6602:24: element "lg" missing required attribute "met"
6610:24: element "lg" missing required attribute "met"
6618:24: element "lg" missing required attribute "met"
6628:24: element "lg" missing required attribute "met"
6637:24: element "lg" missing required attribute "met"
6645:24: element "lg" missing required attribute "met"
6654:24: element "lg" missing required attribute "met"
6662:24: element "lg" missing required attribute "met"
6670:24: element "lg" missing required attribute "met"
6679:24: element "lg" missing required attribute "met"
6687:24: element "lg" missing required attribute "met"
6696:24: element "lg" missing required attribute "met"
670:24: element "lg" missing required attribute "met"
6704:24: element "lg" missing required attribute "met"
6713:24: element "lg" missing required attribute "met"
6721:24: element "lg" missing required attribute "met"
6730:24: element "lg" missing required attribute "met"
6739:24: element "lg" missing required attribute "met"
6744:24: element "lg" missing required attribute "met"
6753:24: element "lg" missing required attribute "met"
6761:24: element "lg" missing required attribute "met"
6769:24: element "lg" missing required attribute "met"
6777:24: element "lg" missing required attribute "met"
6785:24: element "lg" missing required attribute "met"
6794:24: element "lg" missing required attribute "met"
6802:24: element "lg" missing required attribute "met"
6810:24: element "lg" missing required attribute "met"
6820:24: element "lg" missing required attribute "met"
6828:24: element "lg" missing required attribute "met"
6836:24: element "lg" missing required attribute "met"
684:24: element "lg" missing required attribute "met"
6845:24: element "lg" missing required attribute "met"
6853:24: element "lg" missing required attribute "met"
6862:24: element "lg" missing required attribute "met"
6871:24: element "lg" missing required attribute "met"
6880:24: element "lg" missing required attribute "met"
6888:24: element "lg" missing required attribute "met"
6898:24: element "lg" missing required attribute "met"
6907:24: element "lg" missing required attribute "met"
6915:24: element "lg" missing required attribute "met"
6923:24: element "lg" missing required attribute "met"
6932:24: element "lg" missing required attribute "met"
6940:24: element "lg" missing required attribute "met"
6950:24: element "lg" missing required attribute "met"
696:24: element "lg" missing required attribute "met"
6960:24: element "lg" missing required attribute "met"
6968:24: element "lg" missing required attribute "met"
6976:24: element "lg" missing required attribute "met"
6984:24: element "lg" missing required attribute "met"
6994:24: element "lg" missing required attribute "met"
7004:24: element "lg" missing required attribute "met"
7012:24: element "lg" missing required attribute "met"
7020:24: element "lg" missing required attribute "met"
7028:24: element "lg" missing required attribute "met"
7038:24: element "lg" missing required attribute "met"
7047:24: element "lg" missing required attribute "met"
7056:24: element "lg" missing required attribute "met"
7064:24: element "lg" missing required attribute "met"
7073:24: element "lg" missing required attribute "met"
708:24: element "lg" missing required attribute "met"
7081:24: element "lg" missing required attribute "met"
7090:24: element "lg" missing required attribute "met"
7098:24: element "lg" missing required attribute "met"
7108:24: element "lg" missing required attribute "met"
7118:24: element "lg" missing required attribute "met"
7126:24: element "lg" missing required attribute "met"
7135:24: element "lg" missing required attribute "met"
7145:24: element "lg" missing required attribute "met"
7153:24: element "lg" missing required attribute "met"
7163:24: element "lg" missing required attribute "met"
7171:24: element "lg" missing required attribute "met"
7179:24: element "lg" missing required attribute "met"
7187:24: element "lg" missing required attribute "met"
7195:24: element "lg" missing required attribute "met"
720:24: element "lg" missing required attribute "met"
7203:24: element "lg" missing required attribute "met"
7212:24: element "lg" missing required attribute "met"
7220:24: element "lg" missing required attribute "met"
7228:24: element "lg" missing required attribute "met"
7236:24: element "lg" missing required attribute "met"
7244:24: element "lg" missing required attribute "met"
7252:24: element "lg" missing required attribute "met"
7260:24: element "lg" missing required attribute "met"
7268:24: element "lg" missing required attribute "met"
7277:24: element "lg" missing required attribute "met"
7285:24: element "lg" missing required attribute "met"
7293:24: element "lg" missing required attribute "met"
7302:24: element "lg" missing required attribute "met"
7312:18: element "div" missing required attribute "type"
7313:24: element "lg" missing required attribute "met"
732:24: element "lg" missing required attribute "met"
7325:24: element "lg" missing required attribute "met"
7337:24: element "lg" missing required attribute "met"
7349:24: element "lg" missing required attribute "met"
7361:24: element "lg" missing required attribute "met"
7373:24: element "lg" missing required attribute "met"
7385:24: element "lg" missing required attribute "met"
7397:24: element "lg" missing required attribute "met"
7409:24: element "lg" missing required attribute "met"
7421:24: element "lg" missing required attribute "met"
7433:24: element "lg" missing required attribute "met"
744:24: element "lg" missing required attribute "met"
7445:24: element "lg" missing required attribute "met"
7457:24: element "lg" missing required attribute "met"
7469:24: element "lg" missing required attribute "met"
7481:24: element "lg" missing required attribute "met"
7493:24: element "lg" missing required attribute "met"
7505:24: element "lg" missing required attribute "met"
7517:24: element "lg" missing required attribute "met"
7529:24: element "lg" missing required attribute "met"
7541:24: element "lg" missing required attribute "met"
7553:24: element "lg" missing required attribute "met"
756:24: element "lg" missing required attribute "met"
7565:24: element "lg" missing required attribute "met"
7577:24: element "lg" missing required attribute "met"
7589:24: element "lg" missing required attribute "met"
7601:24: element "lg" missing required attribute "met"
7614:24: element "lg" missing required attribute "met"
7625:24: element "lg" missing required attribute "met"
7637:24: element "lg" missing required attribute "met"
7649:24: element "lg" missing required attribute "met"
7661:24: element "lg" missing required attribute "met"
767:24: element "lg" missing required attribute "met"
7673:24: element "lg" missing required attribute "met"
7685:24: element "lg" missing required attribute "met"
7697:24: element "lg" missing required attribute "met"
7709:24: element "lg" missing required attribute "met"
7721:24: element "lg" missing required attribute "met"
7733:24: element "lg" missing required attribute "met"
7745:24: element "lg" missing required attribute "met"
7757:24: element "lg" missing required attribute "met"
7769:24: element "lg" missing required attribute "met"
7781:24: element "lg" missing required attribute "met"
779:24: element "lg" missing required attribute "met"
7796:24: element "lg" missing required attribute "met"
7809:24: element "lg" missing required attribute "met"
7820:24: element "lg" missing required attribute "met"
7832:24: element "lg" missing required attribute "met"
7844:24: element "lg" missing required attribute "met"
7856:24: element "lg" missing required attribute "met"
7868:24: element "lg" missing required attribute "met"
7880:24: element "lg" missing required attribute "met"
7892:24: element "lg" missing required attribute "met"
7904:24: element "lg" missing required attribute "met"
791:24: element "lg" missing required attribute "met"
7918:18: element "div" missing required attribute "type"
7919:24: element "lg" missing required attribute "met"
7929:24: element "lg" missing required attribute "met"
7939:24: element "lg" missing required attribute "met"
7949:24: element "lg" missing required attribute "met"
7959:24: element "lg" missing required attribute "met"
7969:24: element "lg" missing required attribute "met"
7979:24: element "lg" missing required attribute "met"
7989:24: element "lg" missing required attribute "met"
8000:24: element "lg" missing required attribute "met"
8010:24: element "lg" missing required attribute "met"
8020:24: element "lg" missing required attribute "met"
803:24: element "lg" missing required attribute "met"
8030:24: element "lg" missing required attribute "met"
8041:24: element "lg" missing required attribute "met"
8051:24: element "lg" missing required attribute "met"
8061:24: element "lg" missing required attribute "met"
8071:24: element "lg" missing required attribute "met"
8081:24: element "lg" missing required attribute "met"
8091:24: element "lg" missing required attribute "met"
8101:24: element "lg" missing required attribute "met"
8111:24: element "lg" missing required attribute "met"
8121:24: element "lg" missing required attribute "met"
8131:24: element "lg" missing required attribute "met"
8141:24: element "lg" missing required attribute "met"
815:24: element "lg" missing required attribute "met"
8151:24: element "lg" missing required attribute "met"
8161:24: element "lg" missing required attribute "met"
8172:24: element "lg" missing required attribute "met"
8182:24: element "lg" missing required attribute "met"
8194:24: element "lg" missing required attribute "met"
8204:24: element "lg" missing required attribute "met"
8214:24: element "lg" missing required attribute "met"
8224:24: element "lg" missing required attribute "met"
8234:24: element "lg" missing required attribute "met"
8244:24: element "lg" missing required attribute "met"
8254:24: element "lg" missing required attribute "met"
8264:24: element "lg" missing required attribute "met"
827:24: element "lg" missing required attribute "met"
8274:24: element "lg" missing required attribute "met"
8284:24: element "lg" missing required attribute "met"
8294:24: element "lg" missing required attribute "met"
8305:24: element "lg" missing required attribute "met"
8314:24: element "lg" missing required attribute "met"
8324:24: element "lg" missing required attribute "met"
8334:24: element "lg" missing required attribute "met"
8344:24: element "lg" missing required attribute "met"
8354:24: element "lg" missing required attribute "met"
8364:24: element "lg" missing required attribute "met"
8374:24: element "lg" missing required attribute "met"
8384:24: element "lg" missing required attribute "met"
839:24: element "lg" missing required attribute "met"
8394:24: element "lg" missing required attribute "met"
8404:24: element "lg" missing required attribute "met"
8414:24: element "lg" missing required attribute "met"
8424:24: element "lg" missing required attribute "met"
8434:24: element "lg" missing required attribute "met"
8444:24: element "lg" missing required attribute "met"
8454:24: element "lg" missing required attribute "met"
8464:24: element "lg" missing required attribute "met"
8474:24: element "lg" missing required attribute "met"
8484:24: element "lg" missing required attribute "met"
8494:24: element "lg" missing required attribute "met"
8504:24: element "lg" missing required attribute "met"
851:24: element "lg" missing required attribute "met"
8514:24: element "lg" missing required attribute "met"
8524:24: element "lg" missing required attribute "met"
8534:24: element "lg" missing required attribute "met"
8544:24: element "lg" missing required attribute "met"
8554:24: element "lg" missing required attribute "met"
8564:24: element "lg" missing required attribute "met"
8574:24: element "lg" missing required attribute "met"
8584:24: element "lg" missing required attribute "met"
8594:24: element "lg" missing required attribute "met"
8604:24: element "lg" missing required attribute "met"
8614:24: element "lg" missing required attribute "met"
8624:24: element "lg" missing required attribute "met"
863:24: element "lg" missing required attribute "met"
8634:24: element "lg" missing required attribute "met"
8644:24: element "lg" missing required attribute "met"
8654:24: element "lg" missing required attribute "met"
8664:24: element "lg" missing required attribute "met"
8674:24: element "lg" missing required attribute "met"
8684:24: element "lg" missing required attribute "met"
8694:24: element "lg" missing required attribute "met"
8704:24: element "lg" missing required attribute "met"
8714:24: element "lg" missing required attribute "met"
8724:24: element "lg" missing required attribute "met"
8734:24: element "lg" missing required attribute "met"
8744:24: element "lg" missing required attribute "met"
875:24: element "lg" missing required attribute "met"
8754:24: element "lg" missing required attribute "met"
8764:24: element "lg" missing required attribute "met"
8774:24: element "lg" missing required attribute "met"
8784:24: element "lg" missing required attribute "met"
8794:24: element "lg" missing required attribute "met"
8804:24: element "lg" missing required attribute "met"
8814:24: element "lg" missing required attribute "met"
8824:24: element "lg" missing required attribute "met"
8834:24: element "lg" missing required attribute "met"
8844:24: element "lg" missing required attribute "met"
8854:24: element "lg" missing required attribute "met"
8864:24: element "lg" missing required attribute "met"
8874:24: element "lg" missing required attribute "met"
888:24: element "lg" missing required attribute "met"
8884:24: element "lg" missing required attribute "met"
8894:24: element "lg" missing required attribute "met"
8904:24: element "lg" missing required attribute "met"
8914:24: element "lg" missing required attribute "met"
8924:24: element "lg" missing required attribute "met"
8934:24: element "lg" missing required attribute "met"
8944:24: element "lg" missing required attribute "met"
8954:24: element "lg" missing required attribute "met"
8964:24: element "lg" missing required attribute "met"
8980:24: element "lg" missing required attribute "met"
8990:24: element "lg" missing required attribute "met"
900:24: element "lg" missing required attribute "met"
9000:24: element "lg" missing required attribute "met"
9011:12: element "div" missing required attribute "type"
912:24: element "lg" missing required attribute "met"
924:24: element "lg" missing required attribute "met"
936:24: element "lg" missing required attribute "met"
948:24: element "lg" missing required attribute "met"
964:24: element "lg" missing required attribute "met"
976:24: element "lg" missing required attribute "met"
988:24: element "lg" missing required attribute "met"
