45:18: element "listWit" not allowed anywhere; expected element "ab", "bibl", "biblFull", "biblStruct", "list", "listApp", "listBibl", "listEvent", "listNym", "listObject", "listOrg", "listPerson", "listPlace", "listRelation", "msDesc", "p" or "table"
47:73: element "listWit" not allowed anywhere; expected element "ab", "bibl", "biblFull", "biblStruct", "list", "listApp", "listBibl", "listEvent", "listNym", "listObject", "listOrg", "listPerson", "listPlace", "listRelation", "msDesc", "p" or "table"
50:20: element "listWit" not allowed anywhere; expected element "ab", "bibl", "biblFull", "biblStruct", "list", "listApp", "listBibl", "listEvent", "listNym", "listObject", "listOrg", "listPerson", "listPlace", "listRelation", "msDesc", "p" or "table"
53:20: element "sourceDesc" incomplete; expected element "ab", "bibl", "biblFull", "biblStruct", "list", "listApp", "listBibl", "listEvent", "listNym", "listObject", "listOrg", "listPerson", "listPlace", "listRelation", "msDesc", "p" or "table"
124:12: element "div" missing required attribute "type"
133:78: element "app" not allowed here; expected the element end-tag, text or element "g"
187:183: element "note" not allowed here; expected the element end-tag, text or element "g"
187:229: element "note" not allowed here; expected the element end-tag, text or element "g"
187:249: element "app" not allowed here; expected the element end-tag, text or element "g"
189:88: element "note" not allowed here; expected the element end-tag, text or element "g"
189:116: element "q" not allowed here; expected the element end-tag, text or element "g"
189:214: element "note" not allowed here; expected the element end-tag, text or element "g"
189:228: element "app" not allowed here; expected the element end-tag, text or element "g"
191:105: element "unclear" not allowed here; expected the element end-tag, text or element "g"
191:130: element "q" not allowed here; expected the element end-tag, text or element "g"
193:113: element "q" not allowed here; expected the element end-tag, text or element "g"
195:326: element "note" not allowed here; expected the element end-tag, text or element "g"
195:365: element "app" not allowed here; expected the element end-tag, text or element "g"
197:22: element "q" not allowed here; expected the element end-tag, text or element "g"
197:295: element "q" not allowed here; expected the element end-tag, text or element "g"
197:466: element "q" not allowed here; expected the element end-tag, text or element "g"
199:45: element "app" not allowed here; expected the element end-tag, text or element "g"
201:58: element "app" not allowed here; expected the element end-tag, text or element "g"
203:24: element "app" not allowed here; expected the element end-tag, text or element "g"
205:26: element "app" not allowed here; expected the element end-tag, text or element "g"
207:80: element "app" not allowed here; expected the element end-tag, text or element "g"
234:25: element "note" not allowed here; expected the element end-tag, text or element "g"
735:128: element "supplied" missing required attribute "reason"
964:48: element "supplied" missing required attribute "reason"
1235:165: element "pb" not allowed here; expected the element end-tag, text or element "g"
1237:193: element "note" not allowed here; expected the element end-tag, text or element "g"
1495:209: element "supplied" missing required attribute "reason"
1495:232: element "supplied" missing required attribute "reason"
1503:325: element "supplied" missing required attribute "reason"
