116:22: element "listWit" not allowed anywhere; expected element "ab", "bibl", "biblFull", "biblStruct", "list", "listApp", "listBibl", "listEvent", "listNym", "listObject", "listOrg", "listPerson", "listPlace", "listRelation", "msDesc", "p" or "table"
1424:55: value of attribute "type" is invalid; must be equal to "apparatus", "bibliography", "commentary", "edition", "textpart" or "translation"
161:22: element "listWit" not allowed anywhere; expected element "ab", "bibl", "biblFull", "biblStruct", "list", "listApp", "listBibl", "listEvent", "listNym", "listObject", "listOrg", "listPerson", "listPlace", "listRelation", "msDesc", "p" or "table"
164:20: element "sourceDesc" incomplete; expected element "ab", "bibl", "biblFull", "biblStruct", "list", "listApp", "listBibl", "listEvent", "listNym", "listObject", "listOrg", "listPerson", "listPlace", "listRelation", "msDesc", "p" or "table"
1642:55: value of attribute "type" is invalid; must be equal to "apparatus", "bibliography", "commentary", "edition", "textpart" or "translation"
1997:55: value of attribute "type" is invalid; must be equal to "apparatus", "bibliography", "commentary", "edition", "textpart" or "translation"
2219:46: element "witDetail" not allowed anywhere; expected the element end-tag or element "note", "noteGrp", "rdg", "rdgGrp" or "wit"
2221:46: element "witDetail" not allowed anywhere; expected the element end-tag or element "note", "noteGrp", "rdg", "rdgGrp" or "wit"
2338:55: value of attribute "type" is invalid; must be equal to "apparatus", "bibliography", "commentary", "edition", "textpart" or "translation"
234:55: value of attribute "type" is invalid; must be equal to "apparatus", "bibliography", "commentary", "edition", "textpart" or "translation"
2369:44: element "witDetail" not allowed anywhere; expected the element end-tag or element "note", "noteGrp", "rdg", "rdgGrp" or "wit"
2371:44: element "witDetail" not allowed anywhere; expected the element end-tag or element "note", "noteGrp", "rdg", "rdgGrp" or "wit"
239:29: element "lacunaStart" not allowed anywhere; expected the element end-tag, text or element "ab", "abbr", "add", "addName", "addSpan", "address", "am", "anchor", "annotationBlock", "app", "bibl", "biblFull", "biblStruct", "binaryObject", "bloc", "c", "catchwords", "cb", "certainty", "choice", "cit", "corr", "country", "damage", "date", "del", "delSpan", "depth", "desc", "dim", "dimensions", "distinct", "district", "div", "docAuthor", "docDate", "docEdition", "docImprint", "docTitle", "ellipsis", "email", "emph", "epigraph", "ex", "expan", "figure", "floatingText", "foreign", "forename", "fw", "g", "gap", "gb", "genName", "geo", "geogFeat", "geogName", "gloss", "graphic", "handShift", "height", "heraldry", "hi", "idno", "index", "interp", "interpGrp", "join", "l", "label", "lang", "lb", "lg", "link", "linkGrp", "list", "listApp", "listBibl", "listEvent", "listNym", "listObject", "listOrg", "listPerson", "listPlace", "listRelation", "listTranspose", "location", "locus", "locusGrp", "m", "material", "measure", "measureGrp", "media", "mentioned", "metamark", "milestone", "mod", "msDesc", "name", "notatedMusic", "note", "noteGrp", "num", "objectName", "objectType", "offset", "orgName", "orig", "origDate", "origPlace", "p", "pb", "pc", "persName", "persPronouns", "phr", "placeName", "precision", "ptr", "q", "quote", "redo", "ref", "reg", "region", "retrace", "roleName", "rs", "ruby", "s", "said", "secFol", "secl", "seg", "settlement", "sic", "signatures", "soCalled", "sp", "space", "stage", "stamp", "state", "subst", "substJoin", "supplied", "surname", "surplus", "table", "term", "time", "title", "unclear", "undo", "unit", "w", "watermark", "width" or "wit"
2419:55: value of attribute "type" is invalid; must be equal to "apparatus", "bibliography", "commentary", "edition", "textpart" or "translation"
2530:53: element "witDetail" not allowed anywhere; expected the element end-tag or element "note", "noteGrp", "rdg", "rdgGrp" or "wit"
2601:55: value of attribute "type" is invalid; must be equal to "apparatus", "bibliography", "commentary", "edition", "textpart" or "translation"
3023:55: value of attribute "type" is invalid; must be equal to "apparatus", "bibliography", "commentary", "edition", "textpart" or "translation"
306:39: element "lacunaEnd" not allowed anywhere; expected the element end-tag, text or element "ab", "abbr", "add", "addName", "addSpan", "address", "am", "anchor", "annotationBlock", "app", "bibl", "biblFull", "biblStruct", "binaryObject", "bloc", "c", "catchwords", "cb", "certainty", "choice", "cit", "corr", "country", "damage", "date", "del", "delSpan", "depth", "desc", "dim", "dimensions", "distinct", "district", "div", "docAuthor", "docDate", "docEdition", "docImprint", "docTitle", "ellipsis", "email", "emph", "epigraph", "ex", "expan", "figure", "floatingText", "foreign", "forename", "fw", "g", "gap", "gb", "genName", "geo", "geogFeat", "geogName", "gloss", "graphic", "handShift", "height", "heraldry", "hi", "idno", "index", "interp", "interpGrp", "join", "l", "label", "lang", "lb", "lg", "link", "linkGrp", "list", "listApp", "listBibl", "listEvent", "listNym", "listObject", "listOrg", "listPerson", "listPlace", "listRelation", "listTranspose", "location", "locus", "locusGrp", "m", "material", "measure", "measureGrp", "media", "mentioned", "metamark", "milestone", "mod", "msDesc", "name", "notatedMusic", "note", "noteGrp", "num", "objectName", "objectType", "offset", "orgName", "orig", "origDate", "origPlace", "p", "pb", "pc", "persName", "persPronouns", "phr", "placeName", "precision", "ptr", "q", "quote", "redo", "ref", "reg", "region", "retrace", "roleName", "rs", "ruby", "s", "said", "secFol", "secl", "seg", "settlement", "sic", "signatures", "soCalled", "sp", "space", "stage", "stamp", "state", "subst", "substJoin", "supplied", "surname", "surplus", "table", "term", "time", "title", "unclear", "undo", "unit", "w", "watermark", "width" or "wit"
3224:56: value of attribute "type" is invalid; must be equal to "apparatus", "bibliography", "commentary", "edition", "textpart" or "translation"
3421:56: value of attribute "type" is invalid; must be equal to "apparatus", "bibliography", "commentary", "edition", "textpart" or "translation"
3565:56: value of attribute "type" is invalid; must be equal to "apparatus", "bibliography", "commentary", "edition", "textpart" or "translation"
3613:56: value of attribute "type" is invalid; must be equal to "apparatus", "bibliography", "commentary", "edition", "textpart" or "translation"
3985:49: value of attribute "type" is invalid; must be equal to "apparatus", "bibliography", "commentary", "edition", "textpart" or "translation"
45:18: element "listWit" not allowed anywhere; expected element "ab", "bibl", "biblFull", "biblStruct", "list", "listApp", "listBibl", "listEvent", "listNym", "listObject", "listOrg", "listPerson", "listPlace", "listRelation", "msDesc", "p" or "table"
580:148: value of attribute "reason" is invalid; must be equal to "explanation", "lost", "omitted", "subaudible" or "undefined"
755:55: value of attribute "type" is invalid; must be equal to "apparatus", "bibliography", "commentary", "edition", "textpart" or "translation"
80:22: element "listWit" not allowed anywhere; expected element "ab", "bibl", "biblFull", "biblStruct", "list", "listApp", "listBibl", "listEvent", "listNym", "listObject", "listOrg", "listPerson", "listPlace", "listRelation", "msDesc", "p" or "table"
