54:18:element "listWit" not allowed anywhere; expected element "ab", "bibl", "biblFull", "biblStruct", "list", "listApp", "listBibl", "listEvent", "listNym", "listObject", "listOrg", "listPerson", "listPlace", "listRelation", "msDesc", "p" or "table"
92:22:element "listWit" not allowed anywhere; expected element "ab", "bibl", "biblFull", "biblStruct", "list", "listApp", "listBibl", "listEvent", "listNym", "listObject", "listOrg", "listPerson", "listPlace", "listRelation", "msDesc", "p" or "table"
108:22:element "listWit" not allowed anywhere; expected element "ab", "bibl", "biblFull", "biblStruct", "list", "listApp", "listBibl", "listEvent", "listNym", "listObject", "listOrg", "listPerson", "listPlace", "listRelation", "msDesc", "p" or "table"
125:22:element "listWit" not allowed anywhere; expected element "ab", "bibl", "biblFull", "biblStruct", "list", "listApp", "listBibl", "listEvent", "listNym", "listObject", "listOrg", "listPerson", "listPlace", "listRelation", "msDesc", "p" or "table"
144:22:element "listWit" not allowed anywhere; expected element "ab", "bibl", "biblFull", "biblStruct", "list", "listApp", "listBibl", "listEvent", "listNym", "listObject", "listOrg", "listPerson", "listPlace", "listRelation", "msDesc", "p" or "table"
148:20:element "sourceDesc" incomplete; expected element "ab", "bibl", "biblFull", "biblStruct", "list", "listApp", "listBibl", "listEvent", "listNym", "listObject", "listOrg", "listPerson", "listPlace", "listRelation", "msDesc", "p" or "table"
179:34:element "div" missing required attribute "type"
185:55:value of attribute "type" is invalid; must be equal to "apparatus", "bibliography", "commentary", "edition", "textpart" or "translation"
295:55:value of attribute "type" is invalid; must be equal to "apparatus", "bibliography", "commentary", "edition", "textpart" or "translation"
316:21:element "gap" missing required attribute "reason"
329:21:element "gap" missing required attribute "reason"
376:55:value of attribute "type" is invalid; must be equal to "apparatus", "bibliography", "commentary", "edition", "textpart" or "translation"
420:21:element "gap" missing required attribute "reason"
450:21:element "gap" missing required attribute "reason"
477:21:element "gap" missing required attribute "reason"
496:21:element "gap" missing required attribute "reason"
501:55:value of attribute "type" is invalid; must be equal to "apparatus", "bibliography", "commentary", "edition", "textpart" or "translation"
516:18:element "rdg" missing required attribute "wit"
520:21:element "gap" missing required attribute "reason"
568:21:element "gap" missing required attribute "reason"
631:55:value of attribute "type" is invalid; must be equal to "apparatus", "bibliography", "commentary", "edition", "textpart" or "translation"
748:55:value of attribute "type" is invalid; must be equal to "apparatus", "bibliography", "commentary", "edition", "textpart" or "translation"
802:55:value of attribute "type" is invalid; must be equal to "apparatus", "bibliography", "commentary", "edition", "textpart" or "translation"
840:55:value of attribute "type" is invalid; must be equal to "apparatus", "bibliography", "commentary", "edition", "textpart" or "translation"
917:21:element "gap" missing required attribute "reason"
931:55:value of attribute "type" is invalid; must be equal to "apparatus", "bibliography", "commentary", "edition", "textpart" or "translation"
954:56:value of attribute "type" is invalid; must be equal to "apparatus", "bibliography", "commentary", "edition", "textpart" or "translation"
1121:56:value of attribute "type" is invalid; must be equal to "apparatus", "bibliography", "commentary", "edition", "textpart" or "translation"
1150:21:element "gap" missing required attribute "reason"
1162:21:element "gap" missing required attribute "reason"
1171:56:value of attribute "type" is invalid; must be equal to "apparatus", "bibliography", "commentary", "edition", "textpart" or "translation"
1193:21:element "gap" missing required attribute "reason"
1296:25:element "gap" missing required attribute "reason"
1302:25:element "gap" missing required attribute "reason"
1310:25:element "gap" missing required attribute "reason"
1316:25:element "gap" missing required attribute "reason"
1339:25:element "gap" missing required attribute "reason"
1348:25:element "gap" missing required attribute "reason"
1355:25:element "gap" missing required attribute "reason"
1362:25:element "gap" missing required attribute "reason"
1368:25:element "gap" missing required attribute "reason"
1394:25:element "gap" missing required attribute "reason"
1576:56:value of attribute "type" is invalid; must be equal to "apparatus", "bibliography", "commentary", "edition", "textpart" or "translation"
1619:56:value of attribute "type" is invalid; must be equal to "apparatus", "bibliography", "commentary", "edition", "textpart" or "translation"
1704:23:element "gap" missing required attribute "reason"
1767:18:element "rdg" missing required attribute "wit"
1772:21:element "gap" missing required attribute "reason"
1790:56:value of attribute "type" is invalid; must be equal to "apparatus", "bibliography", "commentary", "edition", "textpart" or "translation"
1877:34:element "div" missing required attribute "type"
