31:18: element "listWit" not allowed anywhere; expected element "ab", "bibl", "biblFull", "biblStruct", "list", "listApp", "listBibl", "listEvent", "listNym", "listObject", "listOrg", "listPerson", "listPlace", "listRelation", "msDesc", "p" or "table"
34:68: element "listWit" not allowed anywhere; expected element "ab", "bibl", "biblFull", "biblStruct", "list", "listApp", "listBibl", "listEvent", "listNym", "listObject", "listOrg", "listPerson", "listPlace", "listRelation", "msDesc", "p" or "table"
74:22: element "listWit" not allowed anywhere; expected element "ab", "bibl", "biblFull", "biblStruct", "list", "listApp", "listBibl", "listEvent", "listNym", "listObject", "listOrg", "listPerson", "listPlace", "listRelation", "msDesc", "p" or "table"
77:68: element "listWit" not allowed anywhere; expected element "ab", "bibl", "biblFull", "biblStruct", "list", "listApp", "listBibl", "listEvent", "listNym", "listObject", "listOrg", "listPerson", "listPlace", "listRelation", "msDesc", "p" or "table"
118:22: element "listWit" not allowed anywhere; expected element "ab", "bibl", "biblFull", "biblStruct", "list", "listApp", "listBibl", "listEvent", "listNym", "listObject", "listOrg", "listPerson", "listPlace", "listRelation", "msDesc", "p" or "table"
121:68: element "listWit" not allowed anywhere; expected element "ab", "bibl", "biblFull", "biblStruct", "list", "listApp", "listBibl", "listEvent", "listNym", "listObject", "listOrg", "listPerson", "listPlace", "listRelation", "msDesc", "p" or "table"
162:22: element "listWit" not allowed anywhere; expected element "ab", "bibl", "biblFull", "biblStruct", "list", "listApp", "listBibl", "listEvent", "listNym", "listObject", "listOrg", "listPerson", "listPlace", "listRelation", "msDesc", "p" or "table"
206:20: element "sourceDesc" incomplete; expected element "ab", "bibl", "biblFull", "biblStruct", "list", "listApp", "listBibl", "listEvent", "listNym", "listObject", "listOrg", "listPerson", "listPlace", "listRelation", "msDesc", "p" or "table"
305:33: value of attribute "type" is invalid; must be equal to "apparatus", "bibliography", "commentary", "edition", "textpart" or "translation"
309:33: value of attribute "type" is invalid; must be equal to "apparatus", "bibliography", "commentary", "edition", "textpart" or "translation"
930:33: value of attribute "type" is invalid; must be equal to "apparatus", "bibliography", "commentary", "edition", "textpart" or "translation"
978:33: value of attribute "type" is invalid; must be equal to "apparatus", "bibliography", "commentary", "edition", "textpart" or "translation"
1185:44: element "witDetail" not allowed anywhere; expected the element end-tag or element "note", "noteGrp", "rdg", "rdgGrp" or "wit"
1187:44: element "witDetail" not allowed anywhere; expected the element end-tag or element "note", "noteGrp", "rdg", "rdgGrp" or "wit"
1594:33: value of attribute "type" is invalid; must be equal to "apparatus", "bibliography", "commentary", "edition", "textpart" or "translation"
3004:33: value of attribute "type" is invalid; must be equal to "apparatus", "bibliography", "commentary", "edition", "textpart" or "translation"
3528:50: element "witDetail" not allowed anywhere; expected the element end-tag or element "note", "noteGrp", "rdg", "rdgGrp" or "wit"
3530:50: element "witDetail" not allowed anywhere; expected the element end-tag or element "note", "noteGrp", "rdg", "rdgGrp" or "wit"
3876:44: element "witDetail" not allowed anywhere; expected the element end-tag or element "note", "noteGrp", "rdg", "rdgGrp" or "wit"
3880:44: element "witDetail" not allowed anywhere; expected the element end-tag or element "note", "noteGrp", "rdg", "rdgGrp" or "wit"
4252:33: value of attribute "type" is invalid; must be equal to "apparatus", "bibliography", "commentary", "edition", "textpart" or "translation"
4597:44: element "witDetail" not allowed anywhere; expected the element end-tag or element "note", "noteGrp", "rdg", "rdgGrp" or "wit"
4599:44: element "witDetail" not allowed anywhere; expected the element end-tag or element "note", "noteGrp", "rdg", "rdgGrp" or "wit"
5312:33: value of attribute "type" is invalid; must be equal to "apparatus", "bibliography", "commentary", "edition", "textpart" or "translation"
5512:33: value of attribute "type" is invalid; must be equal to "apparatus", "bibliography", "commentary", "edition", "textpart" or "translation"
6045:33: value of attribute "type" is invalid; must be equal to "apparatus", "bibliography", "commentary", "edition", "textpart" or "translation"
6086:44: element "witDetail" not allowed anywhere; expected the element end-tag or element "note", "noteGrp", "rdg", "rdgGrp" or "wit"
6088:44: element "witDetail" not allowed anywhere; expected the element end-tag or element "note", "noteGrp", "rdg", "rdgGrp" or "wit"
6473:46: element "witDetail" not allowed anywhere; expected the element end-tag or element "note", "noteGrp", "rdg", "rdgGrp" or "wit"
6475:46: element "witDetail" not allowed anywhere; expected the element end-tag or element "note", "noteGrp", "rdg", "rdgGrp" or "wit"
6605:33: value of attribute "type" is invalid; must be equal to "apparatus", "bibliography", "commentary", "edition", "textpart" or "translation"
7083:44: element "witDetail" not allowed anywhere; expected the element end-tag or element "note", "noteGrp", "rdg", "rdgGrp" or "wit"
7085:44: element "witDetail" not allowed anywhere; expected the element end-tag or element "note", "noteGrp", "rdg", "rdgGrp" or "wit"
7189:34: value of attribute "type" is invalid; must be equal to "apparatus", "bibliography", "commentary", "edition", "textpart" or "translation"
7235:32: attribute "type" not allowed here; expected attribute "ana", "cert", "change", "copyOf", "corresp", "decls", "exclude", "facs", "hand", "next", "part", "prev", "rend", "rendition", "resp", "sameAs", "select", "source", "style", "synch", "xml:base", "xml:id", "xml:lang" or "xml:space"
7632:46: element "witDetail" not allowed anywhere; expected the element end-tag or element "note", "noteGrp", "rdg", "rdgGrp" or "wit"
7634:46: element "witDetail" not allowed anywhere; expected the element end-tag or element "note", "noteGrp", "rdg", "rdgGrp" or "wit"
7639:44: element "witDetail" not allowed anywhere; expected the element end-tag or element "note", "noteGrp", "rdg", "rdgGrp" or "wit"
7641:44: element "witDetail" not allowed anywhere; expected the element end-tag or element "note", "noteGrp", "rdg", "rdgGrp" or "wit"
7754:34: value of attribute "type" is invalid; must be equal to "apparatus", "bibliography", "commentary", "edition", "textpart" or "translation"
7830:46: element "witDetail" not allowed anywhere; expected the element end-tag or element "note", "noteGrp", "rdg", "rdgGrp" or "wit"
7832:46: element "witDetail" not allowed anywhere; expected the element end-tag or element "note", "noteGrp", "rdg", "rdgGrp" or "wit"
8046:46: element "witDetail" not allowed anywhere; expected the element end-tag or element "note", "noteGrp", "rdg", "rdgGrp" or "wit"
8048:46: element "witDetail" not allowed anywhere; expected the element end-tag or element "note", "noteGrp", "rdg", "rdgGrp" or "wit"
8267:46: element "witDetail" not allowed anywhere; expected the element end-tag or element "note", "noteGrp", "rdg", "rdgGrp" or "wit"
8269:46: element "witDetail" not allowed anywhere; expected the element end-tag or element "note", "noteGrp", "rdg", "rdgGrp" or "wit"
