10004:60: value of attribute "type" is invalid; must be equal to "apparatus", "bibliography", "commentary", "edition", "textpart" or "translation"
10107:61: value of attribute "type" is invalid; must be equal to "apparatus", "bibliography", "commentary", "edition", "textpart" or "translation"
10112:48: element "lacunaEnd" not allowed anywhere; expected the element end-tag, text or element "ab", "abbr", "add", "addName", "addSpan", "address", "am", "anchor", "annotationBlock", "app", "bibl", "biblFull", "biblStruct", "binaryObject", "bloc", "c", "catchwords", "cb", "certainty", "choice", "cit", "corr", "country", "damage", "date", "del", "delSpan", "depth", "desc", "dim", "dimensions", "distinct", "district", "div", "docAuthor", "docDate", "docEdition", "docImprint", "docTitle", "ellipsis", "email", "emph", "epigraph", "ex", "expan", "figure", "floatingText", "foreign", "forename", "fw", "g", "gap", "gb", "genName", "geo", "geogFeat", "geogName", "gloss", "graphic", "handShift", "height", "heraldry", "hi", "idno", "index", "interp", "interpGrp", "join", "l", "label", "lang", "lb", "lg", "link", "linkGrp", "list", "listApp", "listBibl", "listEvent", "listNym", "listObject", "listOrg", "listPerson", "listPlace", "listRelation", "listTranspose", "location", "locus", "locusGrp", "m", "material", "measure", "measureGrp", "media", "mentioned", "metamark", "milestone", "mod", "msDesc", "name", "notatedMusic", "note", "noteGrp", "num", "objectName", "objectType", "offset", "orgName", "orig", "origDate", "origPlace", "p", "pb", "pc", "persName", "persPronouns", "phr", "placeName", "precision", "ptr", "q", "quote", "redo", "ref", "reg", "region", "retrace", "roleName", "rs", "ruby", "s", "said", "secFol", "secl", "seg", "settlement", "sic", "signatures", "soCalled", "sp", "space", "stage", "stamp", "state", "subst", "substJoin", "supplied", "surname", "surplus", "table", "term", "time", "title", "unclear", "undo", "unit", "w", "watermark", "width" or "wit"
10222:66: value of attribute "type" is invalid; must be equal to "apparatus", "bibliography", "commentary", "edition", "textpart" or "translation"
10318:57: value of attribute "type" is invalid; must be equal to "apparatus", "bibliography", "commentary", "edition", "textpart" or "translation"
10408:59: value of attribute "type" is invalid; must be equal to "apparatus", "bibliography", "commentary", "edition", "textpart" or "translation"
105:22: element "listWit" not allowed anywhere; expected element "ab", "bibl", "biblFull", "biblStruct", "list", "listApp", "listBibl", "listEvent", "listNym", "listObject", "listOrg", "listPerson", "listPlace", "listRelation", "msDesc", "p" or "table"
10525:56: value of attribute "type" is invalid; must be equal to "apparatus", "bibliography", "commentary", "edition", "textpart" or "translation"
10620:61: value of attribute "type" is invalid; must be equal to "apparatus", "bibliography", "commentary", "edition", "textpart" or "translation"
1072:59: value of attribute "type" is invalid; must be equal to "apparatus", "bibliography", "commentary", "edition", "textpart" or "translation"
10732:62: value of attribute "type" is invalid; must be equal to "apparatus", "bibliography", "commentary", "edition", "textpart" or "translation"
10862:66: value of attribute "type" is invalid; must be equal to "apparatus", "bibliography", "commentary", "edition", "textpart" or "translation"
109:26: element "listWit" not allowed anywhere; expected element "ab", "bibl", "biblFull", "biblStruct", "list", "listApp", "listBibl", "listEvent", "listNym", "listObject", "listOrg", "listPerson", "listPlace", "listRelation", "msDesc", "p" or "table"
10969:58: value of attribute "type" is invalid; must be equal to "apparatus", "bibliography", "commentary", "edition", "textpart" or "translation"
11079:64: value of attribute "type" is invalid; must be equal to "apparatus", "bibliography", "commentary", "edition", "textpart" or "translation"
11155:59: value of attribute "type" is invalid; must be equal to "apparatus", "bibliography", "commentary", "edition", "textpart" or "translation"
11410:57: value of attribute "type" is invalid; must be equal to "apparatus", "bibliography", "commentary", "edition", "textpart" or "translation"
11512:60: value of attribute "type" is invalid; must be equal to "apparatus", "bibliography", "commentary", "edition", "textpart" or "translation"
11611:60: value of attribute "type" is invalid; must be equal to "apparatus", "bibliography", "commentary", "edition", "textpart" or "translation"
11619:49: element "span" not allowed anywhere; expected the element end-tag, text or element "ab", "abbr", "add", "addName", "addSpan", "address", "am", "anchor", "annotationBlock", "app", "bibl", "biblFull", "biblStruct", "binaryObject", "bloc", "c", "catchwords", "cb", "certainty", "choice", "cit", "corr", "country", "damage", "date", "del", "delSpan", "depth", "desc", "dim", "dimensions", "distinct", "district", "div", "docAuthor", "docDate", "docEdition", "docImprint", "docTitle", "ellipsis", "email", "emph", "epigraph", "ex", "expan", "figure", "floatingText", "foreign", "forename", "fw", "g", "gap", "gb", "genName", "geo", "geogFeat", "geogName", "gloss", "graphic", "handShift", "height", "heraldry", "hi", "idno", "index", "interp", "interpGrp", "join", "l", "label", "lang", "lb", "lg", "link", "linkGrp", "list", "listApp", "listBibl", "listEvent", "listNym", "listObject", "listOrg", "listPerson", "listPlace", "listRelation", "listTranspose", "location", "locus", "locusGrp", "m", "material", "measure", "measureGrp", "media", "mentioned", "metamark", "milestone", "mod", "msDesc", "name", "notatedMusic", "note", "noteGrp", "num", "objectName", "objectType", "offset", "orgName", "orig", "origDate", "origPlace", "p", "pb", "pc", "persName", "persPronouns", "phr", "placeName", "precision", "ptr", "q", "quote", "redo", "ref", "reg", "region", "retrace", "roleName", "rs", "ruby", "s", "said", "secFol", "secl", "seg", "settlement", "sic", "signatures", "soCalled", "sp", "space", "stage", "stamp", "state", "subst", "substJoin", "supplied", "surname", "surplus", "table", "term", "time", "title", "unclear", "undo", "unit", "w", "watermark", "width" or "wit"
11619:49: value of attribute "type" is invalid
11622:49: element "span" not allowed anywhere; expected the element end-tag, text or element "ab", "abbr", "add", "addName", "addSpan", "address", "am", "anchor", "annotationBlock", "app", "bibl", "biblFull", "biblStruct", "binaryObject", "bloc", "c", "catchwords", "cb", "certainty", "choice", "cit", "corr", "country", "damage", "date", "del", "delSpan", "depth", "desc", "dim", "dimensions", "distinct", "district", "div", "docAuthor", "docDate", "docEdition", "docImprint", "docTitle", "ellipsis", "email", "emph", "epigraph", "ex", "expan", "figure", "floatingText", "foreign", "forename", "fw", "g", "gap", "gb", "genName", "geo", "geogFeat", "geogName", "gloss", "graphic", "handShift", "height", "heraldry", "hi", "idno", "index", "interp", "interpGrp", "join", "l", "label", "lang", "lb", "lg", "link", "linkGrp", "list", "listApp", "listBibl", "listEvent", "listNym", "listObject", "listOrg", "listPerson", "listPlace", "listRelation", "listTranspose", "location", "locus", "locusGrp", "m", "material", "measure", "measureGrp", "media", "mentioned", "metamark", "milestone", "mod", "msDesc", "name", "notatedMusic", "note", "noteGrp", "num", "objectName", "objectType", "offset", "orgName", "orig", "origDate", "origPlace", "p", "pb", "pc", "persName", "persPronouns", "phr", "placeName", "precision", "ptr", "q", "quote", "redo", "ref", "reg", "region", "retrace", "roleName", "rs", "ruby", "s", "said", "secFol", "secl", "seg", "settlement", "sic", "signatures", "soCalled", "sp", "space", "stage", "stamp", "state", "subst", "substJoin", "supplied", "surname", "surplus", "table", "term", "time", "title", "unclear", "undo", "unit", "w", "watermark", "width" or "wit"
11622:49: value of attribute "type" is invalid
11721:47: element "span" not allowed anywhere; expected the element end-tag, text or element "ab", "abbr", "add", "addName", "addSpan", "address", "am", "anchor", "annotationBlock", "app", "bibl", "biblFull", "biblStruct", "binaryObject", "bloc", "c", "catchwords", "cb", "certainty", "choice", "cit", "corr", "country", "damage", "date", "del", "delSpan", "depth", "desc", "dim", "dimensions", "distinct", "district", "div", "docAuthor", "docDate", "docEdition", "docImprint", "docTitle", "ellipsis", "email", "emph", "epigraph", "ex", "expan", "figure", "floatingText", "foreign", "forename", "fw", "g", "gap", "gb", "genName", "geo", "geogFeat", "geogName", "gloss", "graphic", "handShift", "height", "heraldry", "hi", "idno", "index", "interp", "interpGrp", "join", "l", "label", "lang", "lb", "lg", "link", "linkGrp", "list", "listApp", "listBibl", "listEvent", "listNym", "listObject", "listOrg", "listPerson", "listPlace", "listRelation", "listTranspose", "location", "locus", "locusGrp", "m", "material", "measure", "measureGrp", "media", "mentioned", "metamark", "milestone", "mod", "msDesc", "name", "notatedMusic", "note", "noteGrp", "num", "objectName", "objectType", "offset", "orgName", "orig", "origDate", "origPlace", "p", "pb", "pc", "persName", "persPronouns", "phr", "placeName", "precision", "ptr", "q", "quote", "redo", "ref", "reg", "region", "retrace", "roleName", "rs", "ruby", "s", "said", "secFol", "secl", "seg", "settlement", "sic", "signatures", "soCalled", "sp", "space", "stage", "stamp", "state", "subst", "substJoin", "supplied", "surname", "surplus", "table", "term", "time", "title", "unclear", "undo", "unit", "w", "watermark", "width" or "wit"
11721:47: value of attribute "type" is invalid
11724:47: element "span" not allowed anywhere; expected the element end-tag, text or element "ab", "abbr", "add", "addName", "addSpan", "address", "am", "anchor", "annotationBlock", "app", "bibl", "biblFull", "biblStruct", "binaryObject", "bloc", "c", "catchwords", "cb", "certainty", "choice", "cit", "corr", "country", "damage", "date", "del", "delSpan", "depth", "desc", "dim", "dimensions", "distinct", "district", "div", "docAuthor", "docDate", "docEdition", "docImprint", "docTitle", "ellipsis", "email", "emph", "epigraph", "ex", "expan", "figure", "floatingText", "foreign", "forename", "fw", "g", "gap", "gb", "genName", "geo", "geogFeat", "geogName", "gloss", "graphic", "handShift", "height", "heraldry", "hi", "idno", "index", "interp", "interpGrp", "join", "l", "label", "lang", "lb", "lg", "link", "linkGrp", "list", "listApp", "listBibl", "listEvent", "listNym", "listObject", "listOrg", "listPerson", "listPlace", "listRelation", "listTranspose", "location", "locus", "locusGrp", "m", "material", "measure", "measureGrp", "media", "mentioned", "metamark", "milestone", "mod", "msDesc", "name", "notatedMusic", "note", "noteGrp", "num", "objectName", "objectType", "offset", "orgName", "orig", "origDate", "origPlace", "p", "pb", "pc", "persName", "persPronouns", "phr", "placeName", "precision", "ptr", "q", "quote", "redo", "ref", "reg", "region", "retrace", "roleName", "rs", "ruby", "s", "said", "secFol", "secl", "seg", "settlement", "sic", "signatures", "soCalled", "sp", "space", "stage", "stamp", "state", "subst", "substJoin", "supplied", "surname", "surplus", "table", "term", "time", "title", "unclear", "undo", "unit", "w", "watermark", "width" or "wit"
11724:47: value of attribute "type" is invalid
11736:57: value of attribute "type" is invalid; must be equal to "apparatus", "bibliography", "commentary", "edition", "textpart" or "translation"
11863:60: value of attribute "type" is invalid; must be equal to "apparatus", "bibliography", "commentary", "edition", "textpart" or "translation"
12020:61: value of attribute "type" is invalid; must be equal to "apparatus", "bibliography", "commentary", "edition", "textpart" or "translation"
12174:61: value of attribute "type" is invalid; must be equal to "apparatus", "bibliography", "commentary", "edition", "textpart" or "translation"
12306:69: value of attribute "type" is invalid; must be equal to "apparatus", "bibliography", "commentary", "edition", "textpart" or "translation"
1233:58: value of attribute "type" is invalid; must be equal to "apparatus", "bibliography", "commentary", "edition", "textpart" or "translation"
1235:64: value of attribute "type" is invalid; must be equal to "apparatus", "bibliography", "commentary", "edition", "textpart" or "translation"
12476:58: value of attribute "type" is invalid; must be equal to "apparatus", "bibliography", "commentary", "edition", "textpart" or "translation"
12506:65: value of attribute "type" is invalid; must be equal to "apparatus", "bibliography", "commentary", "edition", "textpart" or "translation"
12527:64: value of attribute "type" is invalid; must be equal to "apparatus", "bibliography", "commentary", "edition", "textpart" or "translation"
12549:66: value of attribute "type" is invalid; must be equal to "apparatus", "bibliography", "commentary", "edition", "textpart" or "translation"
12572:62: value of attribute "type" is invalid; must be equal to "apparatus", "bibliography", "commentary", "edition", "textpart" or "translation"
12605:60: value of attribute "type" is invalid; must be equal to "apparatus", "bibliography", "commentary", "edition", "textpart" or "translation"
12628:60: value of attribute "type" is invalid; must be equal to "apparatus", "bibliography", "commentary", "edition", "textpart" or "translation"
12675:60: value of attribute "type" is invalid; must be equal to "apparatus", "bibliography", "commentary", "edition", "textpart" or "translation"
1269:63: element "witDetail" not allowed anywhere; expected the element end-tag or element "note", "noteGrp", "rdg", "rdgGrp" or "wit"
12709:60: value of attribute "type" is invalid; must be equal to "apparatus", "bibliography", "commentary", "edition", "textpart" or "translation"
12730:59: value of attribute "type" is invalid; must be equal to "apparatus", "bibliography", "commentary", "edition", "textpart" or "translation"
12749:54: value of attribute "type" is invalid; must be equal to "apparatus", "bibliography", "commentary", "edition", "textpart" or "translation"
12814:55: value of attribute "type" is invalid; must be equal to "apparatus", "bibliography", "commentary", "edition", "textpart" or "translation"
12881:63: value of attribute "type" is invalid; must be equal to "apparatus", "bibliography", "commentary", "edition", "textpart" or "translation"
12886:57: value of attribute "type" is invalid; must be equal to "apparatus", "bibliography", "commentary", "edition", "textpart" or "translation"
131:22: element "listWit" not allowed anywhere; expected element "ab", "bibl", "biblFull", "biblStruct", "list", "listApp", "listBibl", "listEvent", "listNym", "listObject", "listOrg", "listPerson", "listPlace", "listRelation", "msDesc", "p" or "table"
13354:58: value of attribute "type" is invalid; must be equal to "apparatus", "bibliography", "commentary", "edition", "textpart" or "translation"
135:26: element "listWit" not allowed anywhere; expected element "ab", "bibl", "biblFull", "biblStruct", "list", "listApp", "listBibl", "listEvent", "listNym", "listObject", "listOrg", "listPerson", "listPlace", "listRelation", "msDesc", "p" or "table"
13622:60: value of attribute "type" is invalid; must be equal to "apparatus", "bibliography", "commentary", "edition", "textpart" or "translation"
13825:63: value of attribute "type" is invalid; must be equal to "apparatus", "bibliography", "commentary", "edition", "textpart" or "translation"
13864:37: element "div" missing required attribute "type"
13884:37: element "div" missing required attribute "type"
13889:59: value of attribute "type" is invalid; must be equal to "apparatus", "bibliography", "commentary", "edition", "textpart" or "translation"
13939:59: value of attribute "type" is invalid; must be equal to "apparatus", "bibliography", "commentary", "edition", "textpart" or "translation"
14049:59: value of attribute "type" is invalid; must be equal to "apparatus", "bibliography", "commentary", "edition", "textpart" or "translation"
14359:59: value of attribute "type" is invalid; must be equal to "apparatus", "bibliography", "commentary", "edition", "textpart" or "translation"
14363:62: value of attribute "type" is invalid; must be equal to "apparatus", "bibliography", "commentary", "edition", "textpart" or "translation"
14517:57: value of attribute "type" is invalid; must be equal to "apparatus", "bibliography", "commentary", "edition", "textpart" or "translation"
14594:58: value of attribute "type" is invalid; must be equal to "apparatus", "bibliography", "commentary", "edition", "textpart" or "translation"
14759:57: value of attribute "type" is invalid; must be equal to "apparatus", "bibliography", "commentary", "edition", "textpart" or "translation"
1487:58: value of attribute "type" is invalid; must be equal to "apparatus", "bibliography", "commentary", "edition", "textpart" or "translation"
1489:62: value of attribute "type" is invalid; must be equal to "apparatus", "bibliography", "commentary", "edition", "textpart" or "translation"
14956:14: element "div" missing required attribute "type"
14967:60: value of attribute "type" is invalid; must be equal to "apparatus", "bibliography", "commentary", "edition", "textpart" or "translation"
15288:14: element "div" missing required attribute "type"
15299:59: value of attribute "type" is invalid; must be equal to "apparatus", "bibliography", "commentary", "edition", "textpart" or "translation"
15303:63: value of attribute "type" is invalid; must be equal to "apparatus", "bibliography", "commentary", "edition", "textpart" or "translation"
157:22: element "listWit" not allowed anywhere; expected element "ab", "bibl", "biblFull", "biblStruct", "list", "listApp", "listBibl", "listEvent", "listNym", "listObject", "listOrg", "listPerson", "listPlace", "listRelation", "msDesc", "p" or "table"
15717:14: element "div" missing required attribute "type"
15725:61: element "witDetail" not allowed anywhere; expected the element end-tag or element "note", "noteGrp", "rdg", "rdgGrp" or "wit"
15733:45: element "div" missing required attribute "type"
15737:55: element "witDetail" not allowed anywhere; expected the element end-tag or element "note", "noteGrp", "rdg", "rdgGrp" or "wit"
15745:63: value of attribute "type" is invalid; must be equal to "apparatus", "bibliography", "commentary", "edition", "textpart" or "translation"
15807:63: value of attribute "type" is invalid; must be equal to "apparatus", "bibliography", "commentary", "edition", "textpart" or "translation"
15867:63: value of attribute "type" is invalid; must be equal to "apparatus", "bibliography", "commentary", "edition", "textpart" or "translation"
15879:63: value of attribute "type" is invalid; must be equal to "apparatus", "bibliography", "commentary", "edition", "textpart" or "translation"
15915:63: value of attribute "type" is invalid; must be equal to "apparatus", "bibliography", "commentary", "edition", "textpart" or "translation"
15927:63: value of attribute "type" is invalid; must be equal to "apparatus", "bibliography", "commentary", "edition", "textpart" or "translation"
15976:63: value of attribute "type" is invalid; must be equal to "apparatus", "bibliography", "commentary", "edition", "textpart" or "translation"
15996:63: value of attribute "type" is invalid; must be equal to "apparatus", "bibliography", "commentary", "edition", "textpart" or "translation"
16044:64: value of attribute "type" is invalid; must be equal to "apparatus", "bibliography", "commentary", "edition", "textpart" or "translation"
16101:64: value of attribute "type" is invalid; must be equal to "apparatus", "bibliography", "commentary", "edition", "textpart" or "translation"
16150:64: value of attribute "type" is invalid; must be equal to "apparatus", "bibliography", "commentary", "edition", "textpart" or "translation"
16186:64: value of attribute "type" is invalid; must be equal to "apparatus", "bibliography", "commentary", "edition", "textpart" or "translation"
16222:64: value of attribute "type" is invalid; must be equal to "apparatus", "bibliography", "commentary", "edition", "textpart" or "translation"
16258:64: value of attribute "type" is invalid; must be equal to "apparatus", "bibliography", "commentary", "edition", "textpart" or "translation"
16294:64: value of attribute "type" is invalid; must be equal to "apparatus", "bibliography", "commentary", "edition", "textpart" or "translation"
16329:64: value of attribute "type" is invalid; must be equal to "apparatus", "bibliography", "commentary", "edition", "textpart" or "translation"
16384:64: value of attribute "type" is invalid; must be equal to "apparatus", "bibliography", "commentary", "edition", "textpart" or "translation"
16420:64: value of attribute "type" is invalid; must be equal to "apparatus", "bibliography", "commentary", "edition", "textpart" or "translation"
16432:64: value of attribute "type" is invalid; must be equal to "apparatus", "bibliography", "commentary", "edition", "textpart" or "translation"
16468:64: value of attribute "type" is invalid; must be equal to "apparatus", "bibliography", "commentary", "edition", "textpart" or "translation"
16504:64: value of attribute "type" is invalid; must be equal to "apparatus", "bibliography", "commentary", "edition", "textpart" or "translation"
16516:64: value of attribute "type" is invalid; must be equal to "apparatus", "bibliography", "commentary", "edition", "textpart" or "translation"
16552:64: value of attribute "type" is invalid; must be equal to "apparatus", "bibliography", "commentary", "edition", "textpart" or "translation"
16600:64: value of attribute "type" is invalid; must be equal to "apparatus", "bibliography", "commentary", "edition", "textpart" or "translation"
16624:64: value of attribute "type" is invalid; must be equal to "apparatus", "bibliography", "commentary", "edition", "textpart" or "translation"
16648:64: value of attribute "type" is invalid; must be equal to "apparatus", "bibliography", "commentary", "edition", "textpart" or "translation"
16672:64: value of attribute "type" is invalid; must be equal to "apparatus", "bibliography", "commentary", "edition", "textpart" or "translation"
16696:64: value of attribute "type" is invalid; must be equal to "apparatus", "bibliography", "commentary", "edition", "textpart" or "translation"
16720:64: value of attribute "type" is invalid; must be equal to "apparatus", "bibliography", "commentary", "edition", "textpart" or "translation"
16744:64: value of attribute "type" is invalid; must be equal to "apparatus", "bibliography", "commentary", "edition", "textpart" or "translation"
16768:64: value of attribute "type" is invalid; must be equal to "apparatus", "bibliography", "commentary", "edition", "textpart" or "translation"
16792:64: value of attribute "type" is invalid; must be equal to "apparatus", "bibliography", "commentary", "edition", "textpart" or "translation"
16816:64: value of attribute "type" is invalid; must be equal to "apparatus", "bibliography", "commentary", "edition", "textpart" or "translation"
1684:58: value of attribute "type" is invalid; must be equal to "apparatus", "bibliography", "commentary", "edition", "textpart" or "translation"
16840:64: value of attribute "type" is invalid; must be equal to "apparatus", "bibliography", "commentary", "edition", "textpart" or "translation"
1686:59: value of attribute "type" is invalid; must be equal to "apparatus", "bibliography", "commentary", "edition", "textpart" or "translation"
16864:64: value of attribute "type" is invalid; must be equal to "apparatus", "bibliography", "commentary", "edition", "textpart" or "translation"
16888:64: value of attribute "type" is invalid; must be equal to "apparatus", "bibliography", "commentary", "edition", "textpart" or "translation"
16912:64: value of attribute "type" is invalid; must be equal to "apparatus", "bibliography", "commentary", "edition", "textpart" or "translation"
16950:64: value of attribute "type" is invalid; must be equal to "apparatus", "bibliography", "commentary", "edition", "textpart" or "translation"
16971:64: value of attribute "type" is invalid; must be equal to "apparatus", "bibliography", "commentary", "edition", "textpart" or "translation"
16995:64: value of attribute "type" is invalid; must be equal to "apparatus", "bibliography", "commentary", "edition", "textpart" or "translation"
17006:64: value of attribute "type" is invalid; must be equal to "apparatus", "bibliography", "commentary", "edition", "textpart" or "translation"
17030:64: value of attribute "type" is invalid; must be equal to "apparatus", "bibliography", "commentary", "edition", "textpart" or "translation"
17042:64: value of attribute "type" is invalid; must be equal to "apparatus", "bibliography", "commentary", "edition", "textpart" or "translation"
17054:64: value of attribute "type" is invalid; must be equal to "apparatus", "bibliography", "commentary", "edition", "textpart" or "translation"
17078:64: value of attribute "type" is invalid; must be equal to "apparatus", "bibliography", "commentary", "edition", "textpart" or "translation"
17102:64: value of attribute "type" is invalid; must be equal to "apparatus", "bibliography", "commentary", "edition", "textpart" or "translation"
17126:64: value of attribute "type" is invalid; must be equal to "apparatus", "bibliography", "commentary", "edition", "textpart" or "translation"
17150:64: value of attribute "type" is invalid; must be equal to "apparatus", "bibliography", "commentary", "edition", "textpart" or "translation"
17174:64: value of attribute "type" is invalid; must be equal to "apparatus", "bibliography", "commentary", "edition", "textpart" or "translation"
17198:64: value of attribute "type" is invalid; must be equal to "apparatus", "bibliography", "commentary", "edition", "textpart" or "translation"
17222:64: value of attribute "type" is invalid; must be equal to "apparatus", "bibliography", "commentary", "edition", "textpart" or "translation"
17246:64: value of attribute "type" is invalid; must be equal to "apparatus", "bibliography", "commentary", "edition", "textpart" or "translation"
17270:64: value of attribute "type" is invalid; must be equal to "apparatus", "bibliography", "commentary", "edition", "textpart" or "translation"
17282:64: value of attribute "type" is invalid; must be equal to "apparatus", "bibliography", "commentary", "edition", "textpart" or "translation"
17294:64: value of attribute "type" is invalid; must be equal to "apparatus", "bibliography", "commentary", "edition", "textpart" or "translation"
17306:64: value of attribute "type" is invalid; must be equal to "apparatus", "bibliography", "commentary", "edition", "textpart" or "translation"
17318:64: value of attribute "type" is invalid; must be equal to "apparatus", "bibliography", "commentary", "edition", "textpart" or "translation"
17330:64: value of attribute "type" is invalid; must be equal to "apparatus", "bibliography", "commentary", "edition", "textpart" or "translation"
17342:64: value of attribute "type" is invalid; must be equal to "apparatus", "bibliography", "commentary", "edition", "textpart" or "translation"
17354:64: value of attribute "type" is invalid; must be equal to "apparatus", "bibliography", "commentary", "edition", "textpart" or "translation"
17366:64: value of attribute "type" is invalid; must be equal to "apparatus", "bibliography", "commentary", "edition", "textpart" or "translation"
17402:64: value of attribute "type" is invalid; must be equal to "apparatus", "bibliography", "commentary", "edition", "textpart" or "translation"
17414:64: value of attribute "type" is invalid; must be equal to "apparatus", "bibliography", "commentary", "edition", "textpart" or "translation"
17426:64: value of attribute "type" is invalid; must be equal to "apparatus", "bibliography", "commentary", "edition", "textpart" or "translation"
17438:64: value of attribute "type" is invalid; must be equal to "apparatus", "bibliography", "commentary", "edition", "textpart" or "translation"
17450:64: value of attribute "type" is invalid; must be equal to "apparatus", "bibliography", "commentary", "edition", "textpart" or "translation"
17462:64: value of attribute "type" is invalid; must be equal to "apparatus", "bibliography", "commentary", "edition", "textpart" or "translation"
1747:63: value of attribute "type" is invalid; must be equal to "apparatus", "bibliography", "commentary", "edition", "textpart" or "translation"
17474:64: value of attribute "type" is invalid; must be equal to "apparatus", "bibliography", "commentary", "edition", "textpart" or "translation"
17486:64: value of attribute "type" is invalid; must be equal to "apparatus", "bibliography", "commentary", "edition", "textpart" or "translation"
17498:64: value of attribute "type" is invalid; must be equal to "apparatus", "bibliography", "commentary", "edition", "textpart" or "translation"
17510:64: value of attribute "type" is invalid; must be equal to "apparatus", "bibliography", "commentary", "edition", "textpart" or "translation"
17522:64: value of attribute "type" is invalid; must be equal to "apparatus", "bibliography", "commentary", "edition", "textpart" or "translation"
17534:64: value of attribute "type" is invalid; must be equal to "apparatus", "bibliography", "commentary", "edition", "textpart" or "translation"
17546:64: value of attribute "type" is invalid; must be equal to "apparatus", "bibliography", "commentary", "edition", "textpart" or "translation"
17558:64: value of attribute "type" is invalid; must be equal to "apparatus", "bibliography", "commentary", "edition", "textpart" or "translation"
17570:64: value of attribute "type" is invalid; must be equal to "apparatus", "bibliography", "commentary", "edition", "textpart" or "translation"
17582:64: value of attribute "type" is invalid; must be equal to "apparatus", "bibliography", "commentary", "edition", "textpart" or "translation"
17594:64: value of attribute "type" is invalid; must be equal to "apparatus", "bibliography", "commentary", "edition", "textpart" or "translation"
17606:64: value of attribute "type" is invalid; must be equal to "apparatus", "bibliography", "commentary", "edition", "textpart" or "translation"
17618:64: value of attribute "type" is invalid; must be equal to "apparatus", "bibliography", "commentary", "edition", "textpart" or "translation"
17630:64: value of attribute "type" is invalid; must be equal to "apparatus", "bibliography", "commentary", "edition", "textpart" or "translation"
17642:64: value of attribute "type" is invalid; must be equal to "apparatus", "bibliography", "commentary", "edition", "textpart" or "translation"
17654:64: value of attribute "type" is invalid; must be equal to "apparatus", "bibliography", "commentary", "edition", "textpart" or "translation"
17666:64: value of attribute "type" is invalid; must be equal to "apparatus", "bibliography", "commentary", "edition", "textpart" or "translation"
17678:64: value of attribute "type" is invalid; must be equal to "apparatus", "bibliography", "commentary", "edition", "textpart" or "translation"
17690:64: value of attribute "type" is invalid; must be equal to "apparatus", "bibliography", "commentary", "edition", "textpart" or "translation"
17702:64: value of attribute "type" is invalid; must be equal to "apparatus", "bibliography", "commentary", "edition", "textpart" or "translation"
17714:64: value of attribute "type" is invalid; must be equal to "apparatus", "bibliography", "commentary", "edition", "textpart" or "translation"
17726:64: value of attribute "type" is invalid; must be equal to "apparatus", "bibliography", "commentary", "edition", "textpart" or "translation"
17738:64: value of attribute "type" is invalid; must be equal to "apparatus", "bibliography", "commentary", "edition", "textpart" or "translation"
17750:64: value of attribute "type" is invalid; must be equal to "apparatus", "bibliography", "commentary", "edition", "textpart" or "translation"
17762:64: value of attribute "type" is invalid; must be equal to "apparatus", "bibliography", "commentary", "edition", "textpart" or "translation"
17774:64: value of attribute "type" is invalid; must be equal to "apparatus", "bibliography", "commentary", "edition", "textpart" or "translation"
17786:64: value of attribute "type" is invalid; must be equal to "apparatus", "bibliography", "commentary", "edition", "textpart" or "translation"
17798:64: value of attribute "type" is invalid; must be equal to "apparatus", "bibliography", "commentary", "edition", "textpart" or "translation"
17810:64: value of attribute "type" is invalid; must be equal to "apparatus", "bibliography", "commentary", "edition", "textpart" or "translation"
17834:64: value of attribute "type" is invalid; must be equal to "apparatus", "bibliography", "commentary", "edition", "textpart" or "translation"
17870:64: value of attribute "type" is invalid; must be equal to "apparatus", "bibliography", "commentary", "edition", "textpart" or "translation"
17894:66: value of attribute "type" is invalid; must be equal to "apparatus", "bibliography", "commentary", "edition", "textpart" or "translation"
17906:66: value of attribute "type" is invalid; must be equal to "apparatus", "bibliography", "commentary", "edition", "textpart" or "translation"
17918:66: value of attribute "type" is invalid; must be equal to "apparatus", "bibliography", "commentary", "edition", "textpart" or "translation"
17930:66: value of attribute "type" is invalid; must be equal to "apparatus", "bibliography", "commentary", "edition", "textpart" or "translation"
17942:66: value of attribute "type" is invalid; must be equal to "apparatus", "bibliography", "commentary", "edition", "textpart" or "translation"
17954:66: value of attribute "type" is invalid; must be equal to "apparatus", "bibliography", "commentary", "edition", "textpart" or "translation"
17966:66: value of attribute "type" is invalid; must be equal to "apparatus", "bibliography", "commentary", "edition", "textpart" or "translation"
17978:66: value of attribute "type" is invalid; must be equal to "apparatus", "bibliography", "commentary", "edition", "textpart" or "translation"
17990:66: value of attribute "type" is invalid; must be equal to "apparatus", "bibliography", "commentary", "edition", "textpart" or "translation"
18002:66: value of attribute "type" is invalid; must be equal to "apparatus", "bibliography", "commentary", "edition", "textpart" or "translation"
18014:66: value of attribute "type" is invalid; must be equal to "apparatus", "bibliography", "commentary", "edition", "textpart" or "translation"
18026:66: value of attribute "type" is invalid; must be equal to "apparatus", "bibliography", "commentary", "edition", "textpart" or "translation"
18038:66: value of attribute "type" is invalid; must be equal to "apparatus", "bibliography", "commentary", "edition", "textpart" or "translation"
18050:66: value of attribute "type" is invalid; must be equal to "apparatus", "bibliography", "commentary", "edition", "textpart" or "translation"
18062:66: value of attribute "type" is invalid; must be equal to "apparatus", "bibliography", "commentary", "edition", "textpart" or "translation"
18074:66: value of attribute "type" is invalid; must be equal to "apparatus", "bibliography", "commentary", "edition", "textpart" or "translation"
18086:66: value of attribute "type" is invalid; must be equal to "apparatus", "bibliography", "commentary", "edition", "textpart" or "translation"
18098:66: value of attribute "type" is invalid; must be equal to "apparatus", "bibliography", "commentary", "edition", "textpart" or "translation"
18110:66: value of attribute "type" is invalid; must be equal to "apparatus", "bibliography", "commentary", "edition", "textpart" or "translation"
18122:66: value of attribute "type" is invalid; must be equal to "apparatus", "bibliography", "commentary", "edition", "textpart" or "translation"
18134:66: value of attribute "type" is invalid; must be equal to "apparatus", "bibliography", "commentary", "edition", "textpart" or "translation"
18146:66: value of attribute "type" is invalid; must be equal to "apparatus", "bibliography", "commentary", "edition", "textpart" or "translation"
18158:66: value of attribute "type" is invalid; must be equal to "apparatus", "bibliography", "commentary", "edition", "textpart" or "translation"
18170:66: value of attribute "type" is invalid; must be equal to "apparatus", "bibliography", "commentary", "edition", "textpart" or "translation"
18182:66: value of attribute "type" is invalid; must be equal to "apparatus", "bibliography", "commentary", "edition", "textpart" or "translation"
18194:66: value of attribute "type" is invalid; must be equal to "apparatus", "bibliography", "commentary", "edition", "textpart" or "translation"
18206:66: value of attribute "type" is invalid; must be equal to "apparatus", "bibliography", "commentary", "edition", "textpart" or "translation"
18218:66: value of attribute "type" is invalid; must be equal to "apparatus", "bibliography", "commentary", "edition", "textpart" or "translation"
1823:55: value of attribute "type" is invalid; must be equal to "apparatus", "bibliography", "commentary", "edition", "textpart" or "translation"
18230:66: value of attribute "type" is invalid; must be equal to "apparatus", "bibliography", "commentary", "edition", "textpart" or "translation"
18242:66: value of attribute "type" is invalid; must be equal to "apparatus", "bibliography", "commentary", "edition", "textpart" or "translation"
18254:66: value of attribute "type" is invalid; must be equal to "apparatus", "bibliography", "commentary", "edition", "textpart" or "translation"
18266:66: value of attribute "type" is invalid; must be equal to "apparatus", "bibliography", "commentary", "edition", "textpart" or "translation"
18278:66: value of attribute "type" is invalid; must be equal to "apparatus", "bibliography", "commentary", "edition", "textpart" or "translation"
18290:66: value of attribute "type" is invalid; must be equal to "apparatus", "bibliography", "commentary", "edition", "textpart" or "translation"
18302:66: value of attribute "type" is invalid; must be equal to "apparatus", "bibliography", "commentary", "edition", "textpart" or "translation"
18314:66: value of attribute "type" is invalid; must be equal to "apparatus", "bibliography", "commentary", "edition", "textpart" or "translation"
18327:59: value of attribute "type" is invalid; must be equal to "apparatus", "bibliography", "commentary", "edition", "textpart" or "translation"
18344:59: value of attribute "type" is invalid; must be equal to "apparatus", "bibliography", "commentary", "edition", "textpart" or "translation"
18379:59: value of attribute "type" is invalid; must be equal to "apparatus", "bibliography", "commentary", "edition", "textpart" or "translation"
1956:55: value of attribute "type" is invalid; must be equal to "apparatus", "bibliography", "commentary", "edition", "textpart" or "translation"
2018:55: value of attribute "type" is invalid; must be equal to "apparatus", "bibliography", "commentary", "edition", "textpart" or "translation"
2056:58: value of attribute "type" is invalid; must be equal to "apparatus", "bibliography", "commentary", "edition", "textpart" or "translation"
2058:58: value of attribute "type" is invalid; must be equal to "apparatus", "bibliography", "commentary", "edition", "textpart" or "translation"
206:20: element "sourceDesc" incomplete; expected element "ab", "bibl", "biblFull", "biblStruct", "list", "listApp", "listBibl", "listEvent", "listNym", "listObject", "listOrg", "listPerson", "listPlace", "listRelation", "msDesc", "p" or "table"
2127:61: value of attribute "type" is invalid; must be equal to "apparatus", "bibliography", "commentary", "edition", "textpart" or "translation"
2206:59: value of attribute "type" is invalid; must be equal to "apparatus", "bibliography", "commentary", "edition", "textpart" or "translation"
2438:58: value of attribute "type" is invalid; must be equal to "apparatus", "bibliography", "commentary", "edition", "textpart" or "translation"
2441:60: value of attribute "type" is invalid; must be equal to "apparatus", "bibliography", "commentary", "edition", "textpart" or "translation"
2522:57: value of attribute "type" is invalid; must be equal to "apparatus", "bibliography", "commentary", "edition", "textpart" or "translation"
2528:46: element "lacunaEnd" not allowed anywhere; expected the element end-tag, text or element "ab", "abbr", "add", "addName", "addSpan", "address", "am", "anchor", "annotationBlock", "app", "bibl", "biblFull", "biblStruct", "binaryObject", "bloc", "c", "catchwords", "cb", "certainty", "choice", "cit", "corr", "country", "damage", "date", "del", "delSpan", "depth", "desc", "dim", "dimensions", "distinct", "district", "div", "docAuthor", "docDate", "docEdition", "docImprint", "docTitle", "ellipsis", "email", "emph", "epigraph", "ex", "expan", "figure", "floatingText", "foreign", "forename", "fw", "g", "gap", "gb", "genName", "geo", "geogFeat", "geogName", "gloss", "graphic", "handShift", "height", "heraldry", "hi", "idno", "index", "interp", "interpGrp", "join", "l", "label", "lang", "lb", "lg", "link", "linkGrp", "list", "listApp", "listBibl", "listEvent", "listNym", "listObject", "listOrg", "listPerson", "listPlace", "listRelation", "listTranspose", "location", "locus", "locusGrp", "m", "material", "measure", "measureGrp", "media", "mentioned", "metamark", "milestone", "mod", "msDesc", "name", "notatedMusic", "note", "noteGrp", "num", "objectName", "objectType", "offset", "orgName", "orig", "origDate", "origPlace", "p", "pb", "pc", "persName", "persPronouns", "phr", "placeName", "precision", "ptr", "q", "quote", "redo", "ref", "reg", "region", "retrace", "roleName", "rs", "ruby", "s", "said", "secFol", "secl", "seg", "settlement", "sic", "signatures", "soCalled", "sp", "space", "stage", "stamp", "state", "subst", "substJoin", "supplied", "surname", "surplus", "table", "term", "time", "title", "unclear", "undo", "unit", "w", "watermark", "width" or "wit"
2648:46: element "lacunaEnd" not allowed anywhere; expected the element end-tag, text or element "ab", "abbr", "add", "addName", "addSpan", "address", "am", "anchor", "annotationBlock", "app", "bibl", "biblFull", "biblStruct", "binaryObject", "bloc", "c", "catchwords", "cb", "certainty", "choice", "cit", "corr", "country", "damage", "date", "del", "delSpan", "depth", "desc", "dim", "dimensions", "distinct", "district", "div", "docAuthor", "docDate", "docEdition", "docImprint", "docTitle", "ellipsis", "email", "emph", "epigraph", "ex", "expan", "figure", "floatingText", "foreign", "forename", "fw", "g", "gap", "gb", "genName", "geo", "geogFeat", "geogName", "gloss", "graphic", "handShift", "height", "heraldry", "hi", "idno", "index", "interp", "interpGrp", "join", "l", "label", "lang", "lb", "lg", "link", "linkGrp", "list", "listApp", "listBibl", "listEvent", "listNym", "listObject", "listOrg", "listPerson", "listPlace", "listRelation", "listTranspose", "location", "locus", "locusGrp", "m", "material", "measure", "measureGrp", "media", "mentioned", "metamark", "milestone", "mod", "msDesc", "name", "notatedMusic", "note", "noteGrp", "num", "objectName", "objectType", "offset", "orgName", "orig", "origDate", "origPlace", "p", "pb", "pc", "persName", "persPronouns", "phr", "placeName", "precision", "ptr", "q", "quote", "redo", "ref", "reg", "region", "retrace", "roleName", "rs", "ruby", "s", "said", "secFol", "secl", "seg", "settlement", "sic", "signatures", "soCalled", "sp", "space", "stage", "stamp", "state", "subst", "substJoin", "supplied", "surname", "surplus", "table", "term", "time", "title", "unclear", "undo", "unit", "w", "watermark", "width" or "wit"
2741:58: value of attribute "type" is invalid; must be equal to "apparatus", "bibliography", "commentary", "edition", "textpart" or "translation"
2743:59: value of attribute "type" is invalid; must be equal to "apparatus", "bibliography", "commentary", "edition", "textpart" or "translation"
279:37: element "div" missing required attribute "type"
289:29: element "lacunaStart" not allowed anywhere; expected the element end-tag, text or element "ab", "abbr", "add", "addName", "addSpan", "address", "am", "anchor", "annotationBlock", "app", "bibl", "biblFull", "biblStruct", "binaryObject", "bloc", "c", "catchwords", "cb", "certainty", "choice", "cit", "corr", "country", "damage", "date", "del", "delSpan", "depth", "desc", "dim", "dimensions", "distinct", "district", "div", "docAuthor", "docDate", "docEdition", "docImprint", "docTitle", "ellipsis", "email", "emph", "epigraph", "ex", "expan", "figure", "floatingText", "foreign", "forename", "fw", "g", "gap", "gb", "genName", "geo", "geogFeat", "geogName", "gloss", "graphic", "handShift", "height", "heraldry", "hi", "idno", "index", "interp", "interpGrp", "join", "l", "label", "lang", "lb", "lg", "link", "linkGrp", "list", "listApp", "listBibl", "listEvent", "listNym", "listObject", "listOrg", "listPerson", "listPlace", "listRelation", "listTranspose", "location", "locus", "locusGrp", "m", "material", "measure", "measureGrp", "media", "mentioned", "metamark", "milestone", "mod", "msDesc", "name", "notatedMusic", "note", "noteGrp", "num", "objectName", "objectType", "offset", "orgName", "orig", "origDate", "origPlace", "p", "pb", "pc", "persName", "persPronouns", "phr", "placeName", "precision", "ptr", "q", "quote", "redo", "ref", "reg", "region", "retrace", "roleName", "rs", "ruby", "s", "said", "secFol", "secl", "seg", "settlement", "sic", "signatures", "soCalled", "sp", "space", "stage", "stamp", "state", "subst", "substJoin", "supplied", "surname", "surplus", "table", "term", "time", "title", "unclear", "undo", "unit", "w", "watermark", "width" or "wit"
292:29: element "lacunaStart" not allowed anywhere; expected the element end-tag, text or element "ab", "abbr", "add", "addName", "addSpan", "address", "am", "anchor", "annotationBlock", "app", "bibl", "biblFull", "biblStruct", "binaryObject", "bloc", "c", "catchwords", "cb", "certainty", "choice", "cit", "corr", "country", "damage", "date", "del", "delSpan", "depth", "desc", "dim", "dimensions", "distinct", "district", "div", "docAuthor", "docDate", "docEdition", "docImprint", "docTitle", "ellipsis", "email", "emph", "epigraph", "ex", "expan", "figure", "floatingText", "foreign", "forename", "fw", "g", "gap", "gb", "genName", "geo", "geogFeat", "geogName", "gloss", "graphic", "handShift", "height", "heraldry", "hi", "idno", "index", "interp", "interpGrp", "join", "l", "label", "lang", "lb", "lg", "link", "linkGrp", "list", "listApp", "listBibl", "listEvent", "listNym", "listObject", "listOrg", "listPerson", "listPlace", "listRelation", "listTranspose", "location", "locus", "locusGrp", "m", "material", "measure", "measureGrp", "media", "mentioned", "metamark", "milestone", "mod", "msDesc", "name", "notatedMusic", "note", "noteGrp", "num", "objectName", "objectType", "offset", "orgName", "orig", "origDate", "origPlace", "p", "pb", "pc", "persName", "persPronouns", "phr", "placeName", "precision", "ptr", "q", "quote", "redo", "ref", "reg", "region", "retrace", "roleName", "rs", "ruby", "s", "said", "secFol", "secl", "seg", "settlement", "sic", "signatures", "soCalled", "sp", "space", "stage", "stamp", "state", "subst", "substJoin", "supplied", "surname", "surplus", "table", "term", "time", "title", "unclear", "undo", "unit", "w", "watermark", "width" or "wit"
297:58: value of attribute "type" is invalid; must be equal to "apparatus", "bibliography", "commentary", "edition", "textpart" or "translation"
3094:57: value of attribute "type" is invalid; must be equal to "apparatus", "bibliography", "commentary", "edition", "textpart" or "translation"
3248:59: value of attribute "type" is invalid; must be equal to "apparatus", "bibliography", "commentary", "edition", "textpart" or "translation"
3251:61: value of attribute "type" is invalid; must be equal to "apparatus", "bibliography", "commentary", "edition", "textpart" or "translation"
3558:57: value of attribute "type" is invalid; must be equal to "apparatus", "bibliography", "commentary", "edition", "textpart" or "translation"
3624:14: element "div" missing required attribute "type"
3641:59: value of attribute "type" is invalid; must be equal to "apparatus", "bibliography", "commentary", "edition", "textpart" or "translation"
3845:29: element "lacunaStart" not allowed anywhere; expected the element end-tag, text or element "ab", "abbr", "add", "addName", "addSpan", "address", "am", "anchor", "annotationBlock", "app", "bibl", "biblFull", "biblStruct", "binaryObject", "bloc", "c", "catchwords", "cb", "certainty", "choice", "cit", "corr", "country", "damage", "date", "del", "delSpan", "depth", "desc", "dim", "dimensions", "distinct", "district", "div", "docAuthor", "docDate", "docEdition", "docImprint", "docTitle", "ellipsis", "email", "emph", "epigraph", "ex", "expan", "figure", "floatingText", "foreign", "forename", "fw", "g", "gap", "gb", "genName", "geo", "geogFeat", "geogName", "gloss", "graphic", "handShift", "height", "heraldry", "hi", "idno", "index", "interp", "interpGrp", "join", "l", "label", "lang", "lb", "lg", "link", "linkGrp", "list", "listApp", "listBibl", "listEvent", "listNym", "listObject", "listOrg", "listPerson", "listPlace", "listRelation", "listTranspose", "location", "locus", "locusGrp", "m", "material", "measure", "measureGrp", "media", "mentioned", "metamark", "milestone", "mod", "msDesc", "name", "notatedMusic", "note", "noteGrp", "num", "objectName", "objectType", "offset", "orgName", "orig", "origDate", "origPlace", "p", "pb", "pc", "persName", "persPronouns", "phr", "placeName", "precision", "ptr", "q", "quote", "redo", "ref", "reg", "region", "retrace", "roleName", "rs", "ruby", "s", "said", "secFol", "secl", "seg", "settlement", "sic", "signatures", "soCalled", "sp", "space", "stage", "stamp", "state", "subst", "substJoin", "supplied", "surname", "surplus", "table", "term", "time", "title", "unclear", "undo", "unit", "w", "watermark", "width" or "wit"
39:18: element "listWit" not allowed anywhere; expected element "ab", "bibl", "biblFull", "biblStruct", "list", "listApp", "listBibl", "listEvent", "listNym", "listObject", "listOrg", "listPerson", "listPlace", "listRelation", "msDesc", "p" or "table"
3989:59: value of attribute "type" is invalid; must be equal to "apparatus", "bibliography", "commentary", "edition", "textpart" or "translation"
41:68: element "listWit" not allowed anywhere; expected element "ab", "bibl", "biblFull", "biblStruct", "list", "listApp", "listBibl", "listEvent", "listNym", "listObject", "listOrg", "listPerson", "listPlace", "listRelation", "msDesc", "p" or "table"
4650:43: element "span" not allowed anywhere; expected the element end-tag, text or element "ab", "abbr", "add", "addName", "addSpan", "address", "am", "anchor", "annotationBlock", "app", "bibl", "biblFull", "biblStruct", "binaryObject", "bloc", "c", "catchwords", "cb", "certainty", "choice", "cit", "corr", "country", "damage", "date", "del", "delSpan", "depth", "desc", "dim", "dimensions", "distinct", "district", "div", "docAuthor", "docDate", "docEdition", "docImprint", "docTitle", "ellipsis", "email", "emph", "epigraph", "ex", "expan", "figure", "floatingText", "foreign", "forename", "fw", "g", "gap", "gb", "genName", "geo", "geogFeat", "geogName", "gloss", "graphic", "handShift", "height", "heraldry", "hi", "idno", "index", "interp", "interpGrp", "join", "l", "label", "lang", "lb", "lg", "link", "linkGrp", "list", "listApp", "listBibl", "listEvent", "listNym", "listObject", "listOrg", "listPerson", "listPlace", "listRelation", "listTranspose", "location", "locus", "locusGrp", "m", "material", "measure", "measureGrp", "media", "mentioned", "metamark", "milestone", "mod", "msDesc", "name", "notatedMusic", "note", "noteGrp", "num", "objectName", "objectType", "offset", "orgName", "orig", "origDate", "origPlace", "p", "pb", "pc", "persName", "persPronouns", "phr", "placeName", "precision", "ptr", "q", "quote", "redo", "ref", "reg", "region", "retrace", "roleName", "rs", "ruby", "s", "said", "secFol", "secl", "seg", "settlement", "sic", "signatures", "soCalled", "sp", "space", "stage", "stamp", "state", "subst", "substJoin", "supplied", "surname", "surplus", "table", "term", "time", "title", "unclear", "undo", "unit", "w", "watermark", "width" or "wit"
4650:43: value of attribute "type" is invalid
4697:56: element "span" not allowed anywhere; expected the element end-tag, text or element "ab", "abbr", "add", "addName", "addSpan", "address", "am", "anchor", "annotationBlock", "app", "bibl", "biblFull", "biblStruct", "binaryObject", "bloc", "c", "catchwords", "cb", "certainty", "choice", "cit", "corr", "country", "damage", "date", "del", "delSpan", "depth", "desc", "dim", "dimensions", "distinct", "district", "div", "docAuthor", "docDate", "docEdition", "docImprint", "docTitle", "ellipsis", "email", "emph", "epigraph", "ex", "expan", "figure", "floatingText", "foreign", "forename", "fw", "g", "gap", "gb", "genName", "geo", "geogFeat", "geogName", "gloss", "graphic", "handShift", "height", "heraldry", "hi", "idno", "index", "interp", "interpGrp", "join", "l", "label", "lang", "lb", "lg", "link", "linkGrp", "list", "listApp", "listBibl", "listEvent", "listNym", "listObject", "listOrg", "listPerson", "listPlace", "listRelation", "listTranspose", "location", "locus", "locusGrp", "m", "material", "measure", "measureGrp", "media", "mentioned", "metamark", "milestone", "mod", "msDesc", "name", "notatedMusic", "note", "noteGrp", "num", "objectName", "objectType", "offset", "orgName", "orig", "origDate", "origPlace", "p", "pb", "pc", "persName", "persPronouns", "phr", "placeName", "precision", "ptr", "q", "quote", "redo", "ref", "reg", "region", "retrace", "roleName", "rs", "ruby", "s", "said", "secFol", "secl", "seg", "settlement", "sic", "signatures", "soCalled", "sp", "space", "stage", "stamp", "state", "subst", "substJoin", "supplied", "surname", "surplus", "table", "term", "time", "title", "unclear", "undo", "unit", "w", "watermark", "width" or "wit"
4697:56: value of attribute "type" is invalid
4870:59: value of attribute "type" is invalid; must be equal to "apparatus", "bibliography", "commentary", "edition", "textpart" or "translation"
4872:63: value of attribute "type" is invalid; must be equal to "apparatus", "bibliography", "commentary", "edition", "textpart" or "translation"
4874:61: value of attribute "type" is invalid; must be equal to "apparatus", "bibliography", "commentary", "edition", "textpart" or "translation"
5228:58: element "lacunaStart" not allowed anywhere; expected the element end-tag, text or element "ab", "abbr", "add", "addName", "addSpan", "address", "am", "anchor", "annotationBlock", "app", "bibl", "biblFull", "biblStruct", "binaryObject", "bloc", "c", "catchwords", "cb", "certainty", "choice", "cit", "corr", "country", "damage", "date", "del", "delSpan", "depth", "desc", "dim", "dimensions", "distinct", "district", "div", "docAuthor", "docDate", "docEdition", "docImprint", "docTitle", "ellipsis", "email", "emph", "epigraph", "ex", "expan", "figure", "floatingText", "foreign", "forename", "fw", "g", "gap", "gb", "genName", "geo", "geogFeat", "geogName", "gloss", "graphic", "handShift", "height", "heraldry", "hi", "idno", "index", "interp", "interpGrp", "join", "l", "label", "lang", "lb", "lg", "link", "linkGrp", "list", "listApp", "listBibl", "listEvent", "listNym", "listObject", "listOrg", "listPerson", "listPlace", "listRelation", "listTranspose", "location", "locus", "locusGrp", "m", "material", "measure", "measureGrp", "media", "mentioned", "metamark", "milestone", "mod", "msDesc", "name", "notatedMusic", "note", "noteGrp", "num", "objectName", "objectType", "offset", "orgName", "orig", "origDate", "origPlace", "p", "pb", "pc", "persName", "persPronouns", "phr", "placeName", "precision", "ptr", "q", "quote", "redo", "ref", "reg", "region", "retrace", "roleName", "rs", "ruby", "s", "said", "secFol", "secl", "seg", "settlement", "sic", "signatures", "soCalled", "sp", "space", "stage", "stamp", "state", "subst", "substJoin", "supplied", "surname", "surplus", "table", "term", "time", "title", "unclear", "undo", "unit", "w", "watermark", "width" or "wit"
525:58: value of attribute "type" is invalid; must be equal to "apparatus", "bibliography", "commentary", "edition", "textpart" or "translation"
527:59: value of attribute "type" is invalid; must be equal to "apparatus", "bibliography", "commentary", "edition", "textpart" or "translation"
5376:63: value of attribute "type" is invalid; must be equal to "apparatus", "bibliography", "commentary", "edition", "textpart" or "translation"
5741:75: element "span" not allowed anywhere; expected the element end-tag, text or element "ab", "abbr", "add", "addName", "addSpan", "address", "am", "anchor", "annotationBlock", "app", "bibl", "biblFull", "biblStruct", "binaryObject", "bloc", "c", "catchwords", "cb", "certainty", "choice", "cit", "corr", "country", "damage", "date", "del", "delSpan", "depth", "desc", "dim", "dimensions", "distinct", "district", "div", "docAuthor", "docDate", "docEdition", "docImprint", "docTitle", "ellipsis", "email", "emph", "epigraph", "ex", "expan", "figure", "floatingText", "foreign", "forename", "fw", "g", "gap", "gb", "genName", "geo", "geogFeat", "geogName", "gloss", "graphic", "handShift", "height", "heraldry", "hi", "idno", "index", "interp", "interpGrp", "join", "l", "label", "lang", "lb", "lg", "link", "linkGrp", "list", "listApp", "listBibl", "listEvent", "listNym", "listObject", "listOrg", "listPerson", "listPlace", "listRelation", "listTranspose", "location", "locus", "locusGrp", "m", "material", "measure", "measureGrp", "media", "mentioned", "metamark", "milestone", "mod", "msDesc", "name", "notatedMusic", "note", "noteGrp", "num", "objectName", "objectType", "offset", "orgName", "orig", "origDate", "origPlace", "p", "pb", "pc", "persName", "persPronouns", "phr", "placeName", "precision", "ptr", "q", "quote", "redo", "ref", "reg", "region", "retrace", "roleName", "rs", "ruby", "s", "said", "secFol", "secl", "seg", "settlement", "sic", "signatures", "soCalled", "sp", "space", "stage", "stamp", "state", "subst", "substJoin", "supplied", "surname", "surplus", "table", "term", "time", "title", "unclear", "undo", "unit", "w", "watermark", "width" or "wit"
5741:75: value of attribute "type" is invalid
5820:64: element "span" not allowed anywhere; expected the element end-tag, text or element "ab", "abbr", "add", "addName", "addSpan", "address", "am", "anchor", "annotationBlock", "app", "bibl", "biblFull", "biblStruct", "binaryObject", "bloc", "c", "catchwords", "cb", "certainty", "choice", "cit", "corr", "country", "damage", "date", "del", "delSpan", "depth", "desc", "dim", "dimensions", "distinct", "district", "div", "docAuthor", "docDate", "docEdition", "docImprint", "docTitle", "ellipsis", "email", "emph", "epigraph", "ex", "expan", "figure", "floatingText", "foreign", "forename", "fw", "g", "gap", "gb", "genName", "geo", "geogFeat", "geogName", "gloss", "graphic", "handShift", "height", "heraldry", "hi", "idno", "index", "interp", "interpGrp", "join", "l", "label", "lang", "lb", "lg", "link", "linkGrp", "list", "listApp", "listBibl", "listEvent", "listNym", "listObject", "listOrg", "listPerson", "listPlace", "listRelation", "listTranspose", "location", "locus", "locusGrp", "m", "material", "measure", "measureGrp", "media", "mentioned", "metamark", "milestone", "mod", "msDesc", "name", "notatedMusic", "note", "noteGrp", "num", "objectName", "objectType", "offset", "orgName", "orig", "origDate", "origPlace", "p", "pb", "pc", "persName", "persPronouns", "phr", "placeName", "precision", "ptr", "q", "quote", "redo", "ref", "reg", "region", "retrace", "roleName", "rs", "ruby", "s", "said", "secFol", "secl", "seg", "settlement", "sic", "signatures", "soCalled", "sp", "space", "stage", "stamp", "state", "subst", "substJoin", "supplied", "surname", "surplus", "table", "term", "time", "title", "unclear", "undo", "unit", "w", "watermark", "width" or "wit"
5820:64: value of attribute "type" is invalid
5853:44: element "lacunaEnd" not allowed anywhere; expected the element end-tag, text or element "ab", "abbr", "add", "addName", "addSpan", "address", "am", "anchor", "annotationBlock", "app", "bibl", "biblFull", "biblStruct", "binaryObject", "bloc", "c", "catchwords", "cb", "certainty", "choice", "cit", "corr", "country", "damage", "date", "del", "delSpan", "depth", "desc", "dim", "dimensions", "distinct", "district", "div", "docAuthor", "docDate", "docEdition", "docImprint", "docTitle", "ellipsis", "email", "emph", "epigraph", "ex", "expan", "figure", "floatingText", "foreign", "forename", "fw", "g", "gap", "gb", "genName", "geo", "geogFeat", "geogName", "gloss", "graphic", "handShift", "height", "heraldry", "hi", "idno", "index", "interp", "interpGrp", "join", "l", "label", "lang", "lb", "lg", "link", "linkGrp", "list", "listApp", "listBibl", "listEvent", "listNym", "listObject", "listOrg", "listPerson", "listPlace", "listRelation", "listTranspose", "location", "locus", "locusGrp", "m", "material", "measure", "measureGrp", "media", "mentioned", "metamark", "milestone", "mod", "msDesc", "name", "notatedMusic", "note", "noteGrp", "num", "objectName", "objectType", "offset", "orgName", "orig", "origDate", "origPlace", "p", "pb", "pc", "persName", "persPronouns", "phr", "placeName", "precision", "ptr", "q", "quote", "redo", "ref", "reg", "region", "retrace", "roleName", "rs", "ruby", "s", "said", "secFol", "secl", "seg", "settlement", "sic", "signatures", "soCalled", "sp", "space", "stage", "stamp", "state", "subst", "substJoin", "supplied", "surname", "surplus", "table", "term", "time", "title", "unclear", "undo", "unit", "w", "watermark", "width" or "wit"
6084:63: value of attribute "type" is invalid; must be equal to "apparatus", "bibliography", "commentary", "edition", "textpart" or "translation"
6086:55: value of attribute "type" is invalid; must be equal to "apparatus", "bibliography", "commentary", "edition", "textpart" or "translation"
6119:56: value of attribute "type" is invalid; must be equal to "apparatus", "bibliography", "commentary", "edition", "textpart" or "translation"
6147:58: value of attribute "type" is invalid; must be equal to "apparatus", "bibliography", "commentary", "edition", "textpart" or "translation"
6174:59: value of attribute "type" is invalid; must be equal to "apparatus", "bibliography", "commentary", "edition", "textpart" or "translation"
6205:59: value of attribute "type" is invalid; must be equal to "apparatus", "bibliography", "commentary", "edition", "textpart" or "translation"
6249:60: value of attribute "type" is invalid; must be equal to "apparatus", "bibliography", "commentary", "edition", "textpart" or "translation"
629:58: value of attribute "type" is invalid; must be equal to "apparatus", "bibliography", "commentary", "edition", "textpart" or "translation"
631:64: value of attribute "type" is invalid; must be equal to "apparatus", "bibliography", "commentary", "edition", "textpart" or "translation"
6319:64: value of attribute "type" is invalid; must be equal to "apparatus", "bibliography", "commentary", "edition", "textpart" or "translation"
6357:65: value of attribute "type" is invalid; must be equal to "apparatus", "bibliography", "commentary", "edition", "textpart" or "translation"
6395:59: value of attribute "type" is invalid; must be equal to "apparatus", "bibliography", "commentary", "edition", "textpart" or "translation"
6437:62: value of attribute "type" is invalid; must be equal to "apparatus", "bibliography", "commentary", "edition", "textpart" or "translation"
6496:60: value of attribute "type" is invalid; must be equal to "apparatus", "bibliography", "commentary", "edition", "textpart" or "translation"
65:22: element "listWit" not allowed anywhere; expected element "ab", "bibl", "biblFull", "biblStruct", "list", "listApp", "listBibl", "listEvent", "listNym", "listObject", "listOrg", "listPerson", "listPlace", "listRelation", "msDesc", "p" or "table"
6553:61: value of attribute "type" is invalid; must be equal to "apparatus", "bibliography", "commentary", "edition", "textpart" or "translation"
6607:59: value of attribute "type" is invalid; must be equal to "apparatus", "bibliography", "commentary", "edition", "textpart" or "translation"
6660:56: value of attribute "type" is invalid; must be equal to "apparatus", "bibliography", "commentary", "edition", "textpart" or "translation"
6708:65: value of attribute "type" is invalid; must be equal to "apparatus", "bibliography", "commentary", "edition", "textpart" or "translation"
6744:52: element "lacunaStart" not allowed anywhere; expected the element end-tag, text or element "ab", "abbr", "add", "addName", "addSpan", "address", "am", "anchor", "annotationBlock", "app", "bibl", "biblFull", "biblStruct", "binaryObject", "bloc", "c", "catchwords", "cb", "certainty", "choice", "cit", "corr", "country", "damage", "date", "del", "delSpan", "depth", "desc", "dim", "dimensions", "distinct", "district", "div", "docAuthor", "docDate", "docEdition", "docImprint", "docTitle", "ellipsis", "email", "emph", "epigraph", "ex", "expan", "figure", "floatingText", "foreign", "forename", "fw", "g", "gap", "gb", "genName", "geo", "geogFeat", "geogName", "gloss", "graphic", "handShift", "height", "heraldry", "hi", "idno", "index", "interp", "interpGrp", "join", "l", "label", "lang", "lb", "lg", "link", "linkGrp", "list", "listApp", "listBibl", "listEvent", "listNym", "listObject", "listOrg", "listPerson", "listPlace", "listRelation", "listTranspose", "location", "locus", "locusGrp", "m", "material", "measure", "measureGrp", "media", "mentioned", "metamark", "milestone", "mod", "msDesc", "name", "notatedMusic", "note", "noteGrp", "num", "objectName", "objectType", "offset", "orgName", "orig", "origDate", "origPlace", "p", "pb", "pc", "persName", "persPronouns", "phr", "placeName", "precision", "ptr", "q", "quote", "redo", "ref", "reg", "region", "retrace", "roleName", "rs", "ruby", "s", "said", "secFol", "secl", "seg", "settlement", "sic", "signatures", "soCalled", "sp", "space", "stage", "stamp", "state", "subst", "substJoin", "supplied", "surname", "surplus", "table", "term", "time", "title", "unclear", "undo", "unit", "w", "watermark", "width" or "wit"
6766:60: value of attribute "type" is invalid; must be equal to "apparatus", "bibliography", "commentary", "edition", "textpart" or "translation"
68:68: element "listWit" not allowed anywhere; expected element "ab", "bibl", "biblFull", "biblStruct", "list", "listApp", "listBibl", "listEvent", "listNym", "listObject", "listOrg", "listPerson", "listPlace", "listRelation", "msDesc", "p" or "table"
6810:67: value of attribute "type" is invalid; must be equal to "apparatus", "bibliography", "commentary", "edition", "textpart" or "translation"
6836:66: value of attribute "type" is invalid; must be equal to "apparatus", "bibliography", "commentary", "edition", "textpart" or "translation"
6872:58: value of attribute "type" is invalid; must be equal to "apparatus", "bibliography", "commentary", "edition", "textpart" or "translation"
6916:60: value of attribute "type" is invalid; must be equal to "apparatus", "bibliography", "commentary", "edition", "textpart" or "translation"
6966:62: value of attribute "type" is invalid; must be equal to "apparatus", "bibliography", "commentary", "edition", "textpart" or "translation"
7005:59: value of attribute "type" is invalid; must be equal to "apparatus", "bibliography", "commentary", "edition", "textpart" or "translation"
7078:56: value of attribute "type" is invalid; must be equal to "apparatus", "bibliography", "commentary", "edition", "textpart" or "translation"
7146:63: value of attribute "type" is invalid; must be equal to "apparatus", "bibliography", "commentary", "edition", "textpart" or "translation"
7208:62: value of attribute "type" is invalid; must be equal to "apparatus", "bibliography", "commentary", "edition", "textpart" or "translation"
7258:59: value of attribute "type" is invalid; must be equal to "apparatus", "bibliography", "commentary", "edition", "textpart" or "translation"
7322:57: value of attribute "type" is invalid; must be equal to "apparatus", "bibliography", "commentary", "edition", "textpart" or "translation"
7373:57: value of attribute "type" is invalid; must be equal to "apparatus", "bibliography", "commentary", "edition", "textpart" or "translation"
7439:56: value of attribute "type" is invalid; must be equal to "apparatus", "bibliography", "commentary", "edition", "textpart" or "translation"
7504:66: value of attribute "type" is invalid; must be equal to "apparatus", "bibliography", "commentary", "edition", "textpart" or "translation"
7547:57: value of attribute "type" is invalid; must be equal to "apparatus", "bibliography", "commentary", "edition", "textpart" or "translation"
7619:61: value of attribute "type" is invalid; must be equal to "apparatus", "bibliography", "commentary", "edition", "textpart" or "translation"
7672:64: value of attribute "type" is invalid; must be equal to "apparatus", "bibliography", "commentary", "edition", "textpart" or "translation"
7708:58: value of attribute "type" is invalid; must be equal to "apparatus", "bibliography", "commentary", "edition", "textpart" or "translation"
7759:64: value of attribute "type" is invalid; must be equal to "apparatus", "bibliography", "commentary", "edition", "textpart" or "translation"
7814:59: value of attribute "type" is invalid; must be equal to "apparatus", "bibliography", "commentary", "edition", "textpart" or "translation"
7886:56: value of attribute "type" is invalid; must be equal to "apparatus", "bibliography", "commentary", "edition", "textpart" or "translation"
7906:48: element "lacunaEnd" not allowed anywhere; expected the element end-tag, text or element "ab", "abbr", "add", "addName", "addSpan", "address", "am", "anchor", "annotationBlock", "app", "bibl", "biblFull", "biblStruct", "binaryObject", "bloc", "c", "catchwords", "cb", "certainty", "choice", "cit", "corr", "country", "damage", "date", "del", "delSpan", "depth", "desc", "dim", "dimensions", "distinct", "district", "div", "docAuthor", "docDate", "docEdition", "docImprint", "docTitle", "ellipsis", "email", "emph", "epigraph", "ex", "expan", "figure", "floatingText", "foreign", "forename", "fw", "g", "gap", "gb", "genName", "geo", "geogFeat", "geogName", "gloss", "graphic", "handShift", "height", "heraldry", "hi", "idno", "index", "interp", "interpGrp", "join", "l", "label", "lang", "lb", "lg", "link", "linkGrp", "list", "listApp", "listBibl", "listEvent", "listNym", "listObject", "listOrg", "listPerson", "listPlace", "listRelation", "listTranspose", "location", "locus", "locusGrp", "m", "material", "measure", "measureGrp", "media", "mentioned", "metamark", "milestone", "mod", "msDesc", "name", "notatedMusic", "note", "noteGrp", "num", "objectName", "objectType", "offset", "orgName", "orig", "origDate", "origPlace", "p", "pb", "pc", "persName", "persPronouns", "phr", "placeName", "precision", "ptr", "q", "quote", "redo", "ref", "reg", "region", "retrace", "roleName", "rs", "ruby", "s", "said", "secFol", "secl", "seg", "settlement", "sic", "signatures", "soCalled", "sp", "space", "stage", "stamp", "state", "subst", "substJoin", "supplied", "surname", "surplus", "table", "term", "time", "title", "unclear", "undo", "unit", "w", "watermark", "width" or "wit"
7956:59: value of attribute "type" is invalid; must be equal to "apparatus", "bibliography", "commentary", "edition", "textpart" or "translation"
7984:57: value of attribute "type" is invalid; must be equal to "apparatus", "bibliography", "commentary", "edition", "textpart" or "translation"
8075:63: value of attribute "type" is invalid; must be equal to "apparatus", "bibliography", "commentary", "edition", "textpart" or "translation"
8141:66: value of attribute "type" is invalid; must be equal to "apparatus", "bibliography", "commentary", "edition", "textpart" or "translation"
8212:48: element "lacunaEnd" not allowed anywhere; expected the element end-tag, text or element "ab", "abbr", "add", "addName", "addSpan", "address", "am", "anchor", "annotationBlock", "app", "bibl", "biblFull", "biblStruct", "binaryObject", "bloc", "c", "catchwords", "cb", "certainty", "choice", "cit", "corr", "country", "damage", "date", "del", "delSpan", "depth", "desc", "dim", "dimensions", "distinct", "district", "div", "docAuthor", "docDate", "docEdition", "docImprint", "docTitle", "ellipsis", "email", "emph", "epigraph", "ex", "expan", "figure", "floatingText", "foreign", "forename", "fw", "g", "gap", "gb", "genName", "geo", "geogFeat", "geogName", "gloss", "graphic", "handShift", "height", "heraldry", "hi", "idno", "index", "interp", "interpGrp", "join", "l", "label", "lang", "lb", "lg", "link", "linkGrp", "list", "listApp", "listBibl", "listEvent", "listNym", "listObject", "listOrg", "listPerson", "listPlace", "listRelation", "listTranspose", "location", "locus", "locusGrp", "m", "material", "measure", "measureGrp", "media", "mentioned", "metamark", "milestone", "mod", "msDesc", "name", "notatedMusic", "note", "noteGrp", "num", "objectName", "objectType", "offset", "orgName", "orig", "origDate", "origPlace", "p", "pb", "pc", "persName", "persPronouns", "phr", "placeName", "precision", "ptr", "q", "quote", "redo", "ref", "reg", "region", "retrace", "roleName", "rs", "ruby", "s", "said", "secFol", "secl", "seg", "settlement", "sic", "signatures", "soCalled", "sp", "space", "stage", "stamp", "state", "subst", "substJoin", "supplied", "surname", "surplus", "table", "term", "time", "title", "unclear", "undo", "unit", "w", "watermark", "width" or "wit"
8224:63: value of attribute "type" is invalid; must be equal to "apparatus", "bibliography", "commentary", "edition", "textpart" or "translation"
8271:60: value of attribute "type" is invalid; must be equal to "apparatus", "bibliography", "commentary", "edition", "textpart" or "translation"
8381:60: value of attribute "type" is invalid; must be equal to "apparatus", "bibliography", "commentary", "edition", "textpart" or "translation"
8444:60: value of attribute "type" is invalid; must be equal to "apparatus", "bibliography", "commentary", "edition", "textpart" or "translation"
85:22: element "listWit" not allowed anywhere; expected element "ab", "bibl", "biblFull", "biblStruct", "list", "listApp", "listBibl", "listEvent", "listNym", "listObject", "listOrg", "listPerson", "listPlace", "listRelation", "msDesc", "p" or "table"
8529:63: value of attribute "type" is invalid; must be equal to "apparatus", "bibliography", "commentary", "edition", "textpart" or "translation"
8610:60: value of attribute "type" is invalid; must be equal to "apparatus", "bibliography", "commentary", "edition", "textpart" or "translation"
8695:56: value of attribute "type" is invalid; must be equal to "apparatus", "bibliography", "commentary", "edition", "textpart" or "translation"
8780:61: value of attribute "type" is invalid; must be equal to "apparatus", "bibliography", "commentary", "edition", "textpart" or "translation"
89:26: element "listWit" not allowed anywhere; expected element "ab", "bibl", "biblFull", "biblStruct", "list", "listApp", "listBibl", "listEvent", "listNym", "listObject", "listOrg", "listPerson", "listPlace", "listRelation", "msDesc", "p" or "table"
8903:59: value of attribute "type" is invalid; must be equal to "apparatus", "bibliography", "commentary", "edition", "textpart" or "translation"
9002:59: value of attribute "type" is invalid; must be equal to "apparatus", "bibliography", "commentary", "edition", "textpart" or "translation"
9091:65: value of attribute "type" is invalid; must be equal to "apparatus", "bibliography", "commentary", "edition", "textpart" or "translation"
9167:63: value of attribute "type" is invalid; must be equal to "apparatus", "bibliography", "commentary", "edition", "textpart" or "translation"
9186:106: element "lacunaStart" not allowed anywhere; expected the element end-tag, text or element "ab", "abbr", "add", "addName", "addSpan", "address", "am", "anchor", "annotationBlock", "app", "bibl", "biblFull", "biblStruct", "binaryObject", "bloc", "c", "catchwords", "cb", "certainty", "choice", "cit", "corr", "country", "damage", "date", "del", "delSpan", "depth", "desc", "dim", "dimensions", "distinct", "district", "div", "docAuthor", "docDate", "docEdition", "docImprint", "docTitle", "ellipsis", "email", "emph", "epigraph", "ex", "expan", "figure", "floatingText", "foreign", "forename", "fw", "g", "gap", "gb", "genName", "geo", "geogFeat", "geogName", "gloss", "graphic", "handShift", "height", "heraldry", "hi", "idno", "index", "interp", "interpGrp", "join", "l", "label", "lang", "lb", "lg", "link", "linkGrp", "list", "listApp", "listBibl", "listEvent", "listNym", "listObject", "listOrg", "listPerson", "listPlace", "listRelation", "listTranspose", "location", "locus", "locusGrp", "m", "material", "measure", "measureGrp", "media", "mentioned", "metamark", "milestone", "mod", "msDesc", "name", "notatedMusic", "note", "noteGrp", "num", "objectName", "objectType", "offset", "orgName", "orig", "origDate", "origPlace", "p", "pb", "pc", "persName", "persPronouns", "phr", "placeName", "precision", "ptr", "q", "quote", "redo", "ref", "reg", "region", "retrace", "roleName", "rs", "ruby", "s", "said", "secFol", "secl", "seg", "settlement", "sic", "signatures", "soCalled", "sp", "space", "stage", "stamp", "state", "subst", "substJoin", "supplied", "surname", "surplus", "table", "term", "time", "title", "unclear", "undo", "unit", "w", "watermark", "width" or "wit"
9242:64: value of attribute "type" is invalid; must be equal to "apparatus", "bibliography", "commentary", "edition", "textpart" or "translation"
9307:56: value of attribute "type" is invalid; must be equal to "apparatus", "bibliography", "commentary", "edition", "textpart" or "translation"
9391:65: value of attribute "type" is invalid; must be equal to "apparatus", "bibliography", "commentary", "edition", "textpart" or "translation"
9474:64: value of attribute "type" is invalid; must be equal to "apparatus", "bibliography", "commentary", "edition", "textpart" or "translation"
950:62: value of attribute "type" is invalid; must be equal to "apparatus", "bibliography", "commentary", "edition", "textpart" or "translation"
9560:56: value of attribute "type" is invalid; must be equal to "apparatus", "bibliography", "commentary", "edition", "textpart" or "translation"
9651:61: value of attribute "type" is invalid; must be equal to "apparatus", "bibliography", "commentary", "edition", "textpart" or "translation"
9719:65: value of attribute "type" is invalid; must be equal to "apparatus", "bibliography", "commentary", "edition", "textpart" or "translation"
9838:64: value of attribute "type" is invalid; must be equal to "apparatus", "bibliography", "commentary", "edition", "textpart" or "translation"
9924:70: value of attribute "type" is invalid; must be equal to "apparatus", "bibliography", "commentary", "edition", "textpart" or "translation"
