45:55:attribute "type" not allowed here; expected attribute "rend"
45:55:attribute "xml:lang" not allowed here; expected attribute "rend"
53:55:element "handDesc" incomplete; expected element "ab", "handNote", "p" or "summary"
121:30:attribute "edRef" not allowed here; expected attribute "break", "n" or "xml:id"
121:59:attribute "edRef" not allowed here; expected attribute "break", "n", "rend" or "style"
121:85:attribute "edRef" not allowed here; expected attribute "break", "n" or "xml:id"
121:358:attribute "edRef" not allowed here; expected attribute "break", "n" or "xml:id"
122:30:attribute "edRef" not allowed here; expected attribute "break", "n" or "xml:id"
122:60:attribute "edRef" not allowed here; expected attribute "break", "n", "rend" or "style"
123:30:attribute "edRef" not allowed here; expected attribute "break", "n" or "xml:id"
123:60:attribute "edRef" not allowed here; expected attribute "break", "n", "rend" or "style"
123:142:attribute "edRef" not allowed here; expected attribute "break", "n" or "xml:id"
124:32:attribute "edRef" not allowed here; expected attribute "break", "n" or "xml:id"
124:61:attribute "edRef" not allowed here; expected attribute "break", "n", "rend" or "style"
124:315:attribute "edRef" not allowed here; expected attribute "break", "n" or "xml:id"
125:30:attribute "edRef" not allowed here; expected attribute "break", "n" or "xml:id"
125:58:attribute "edRef" not allowed here; expected attribute "break", "n", "rend" or "style"
126:30:attribute "edRef" not allowed here; expected attribute "break", "n" or "xml:id"
126:59:attribute "edRef" not allowed here; expected attribute "break", "n", "rend" or "style"
127:30:attribute "edRef" not allowed here; expected attribute "break", "n" or "xml:id"
127:60:attribute "edRef" not allowed here; expected attribute "break", "n", "rend" or "style"
128:32:attribute "edRef" not allowed here; expected attribute "break", "n" or "xml:id"
128:62:attribute "edRef" not allowed here; expected attribute "break", "n", "rend" or "style"
128:184:attribute "edRef" not allowed here; expected attribute "break", "n" or "xml:id"
129:30:attribute "edRef" not allowed here; expected attribute "break", "n" or "xml:id"
129:60:attribute "edRef" not allowed here; expected attribute "break", "n", "rend" or "style"
130:30:attribute "edRef" not allowed here; expected attribute "break", "n" or "xml:id"
130:60:attribute "edRef" not allowed here; expected attribute "break", "n", "rend" or "style"
130:86:attribute "edRef" not allowed here; expected attribute "break", "n" or "xml:id"
131:32:attribute "edRef" not allowed here; expected attribute "break", "n" or "xml:id"
131:62:attribute "edRef" not allowed here; expected attribute "break", "n", "rend" or "style"
131:140:attribute "edRef" not allowed here; expected attribute "break", "n" or "xml:id"
131:221:attribute "edRef" not allowed here; expected attribute "break", "n" or "xml:id"
131:305:element "rdg" missing required attribute "source"
132:30:attribute "edRef" not allowed here; expected attribute "break", "n" or "xml:id"
132:60:attribute "edRef" not allowed here; expected attribute "break", "n", "rend" or "style"
133:30:attribute "edRef" not allowed here; expected attribute "break", "n" or "xml:id"
133:60:attribute "edRef" not allowed here; expected attribute "break", "n", "rend" or "style"
133:181:attribute "edRef" not allowed here; expected attribute "break", "n" or "xml:id"
134:32:attribute "edRef" not allowed here; expected attribute "break", "n" or "xml:id"
134:61:attribute "edRef" not allowed here; expected attribute "break", "n", "rend" or "style"
134:341:attribute "edRef" not allowed here; expected attribute "break", "n" or "xml:id"
135:30:attribute "edRef" not allowed here; expected attribute "break", "n" or "xml:id"
135:59:attribute "edRef" not allowed here; expected attribute "break", "n", "rend" or "style"
135:150:attribute "edRef" not allowed here; expected attribute "break", "n" or "xml:id"
136:30:attribute "edRef" not allowed here; expected attribute "break", "n" or "xml:id"
136:60:attribute "edRef" not allowed here; expected attribute "break", "n", "rend" or "style"
137:32:attribute "edRef" not allowed here; expected attribute "break", "n" or "xml:id"
137:61:attribute "edRef" not allowed here; expected attribute "break", "n", "rend" or "style"
137:211:attribute "edRef" not allowed here; expected attribute "break", "n" or "xml:id"
137:464:attribute "edRef" not allowed here; expected attribute "break", "n" or "xml:id"
138:30:attribute "edRef" not allowed here; expected attribute "break", "n" or "xml:id"
138:58:attribute "edRef" not allowed here; expected attribute "break", "n", "rend" or "style"
139:30:attribute "edRef" not allowed here; expected attribute "break", "n" or "xml:id"
139:59:attribute "edRef" not allowed here; expected attribute "break", "n", "rend" or "style"
139:324:attribute "edRef" not allowed here; expected attribute "break", "n" or "xml:id"
140:32:attribute "edRef" not allowed here; expected attribute "break", "n" or "xml:id"
140:61:attribute "edRef" not allowed here; expected attribute "break", "n", "rend" or "style"
140:627:attribute "edRef" not allowed here; expected attribute "break", "n" or "xml:id"
140:719:attribute "edRef" not allowed here; expected attribute "break", "n" or "xml:id"
141:30:attribute "edRef" not allowed here; expected attribute "break", "n" or "xml:id"
141:59:attribute "edRef" not allowed here; expected attribute "break", "n", "rend" or "style"
142:30:attribute "edRef" not allowed here; expected attribute "break", "n" or "xml:id"
142:60:attribute "edRef" not allowed here; expected attribute "break", "n", "rend" or "style"
142:125:attribute "edRef" not allowed here; expected attribute "break", "n" or "xml:id"
143:30:attribute "edRef" not allowed here; expected attribute "break", "n" or "xml:id"
143:60:attribute "edRef" not allowed here; expected attribute "break", "n", "rend" or "style"
144:32:attribute "edRef" not allowed here; expected attribute "break", "n" or "xml:id"
144:62:attribute "edRef" not allowed here; expected attribute "break", "n", "rend" or "style"
144:171:attribute "edRef" not allowed here; expected attribute "break", "n" or "xml:id"
144:325:element "supplied" missing required attribute "reason"
144:369:attribute "edRef" not allowed here; expected attribute "break", "n" or "xml:id"
145:30:attribute "edRef" not allowed here; expected attribute "break", "n" or "xml:id"
145:60:attribute "edRef" not allowed here; expected attribute "break", "n", "rend" or "style"
145:135:attribute "edRef" not allowed here; expected attribute "break", "n" or "xml:id"
146:32:attribute "edRef" not allowed here; expected attribute "break", "n" or "xml:id"
146:61:attribute "edRef" not allowed here; expected attribute "break", "n", "rend" or "style"
146:169:attribute "edRef" not allowed here; expected attribute "break", "n" or "xml:id"
147:30:attribute "edRef" not allowed here; expected attribute "break", "n" or "xml:id"
147:58:attribute "edRef" not allowed here; expected attribute "break", "n", "rend" or "style"
148:30:attribute "edRef" not allowed here; expected attribute "break", "n" or "xml:id"
148:58:attribute "edRef" not allowed here; expected attribute "break", "n", "rend" or "style"
149:30:attribute "edRef" not allowed here; expected attribute "break", "n" or "xml:id"
149:59:attribute "edRef" not allowed here; expected attribute "break", "n", "rend" or "style"
149:190:attribute "edRef" not allowed here; expected attribute "break", "n" or "xml:id"
150:30:attribute "edRef" not allowed here; expected attribute "break", "n" or "xml:id"
150:60:attribute "edRef" not allowed here; expected attribute "break", "n", "rend" or "style"
151:30:attribute "edRef" not allowed here; expected attribute "break", "n" or "xml:id"
151:60:attribute "edRef" not allowed here; expected attribute "break", "n", "rend" or "style"
152:30:attribute "edRef" not allowed here; expected attribute "break", "n" or "xml:id"
152:60:attribute "edRef" not allowed here; expected attribute "break", "n", "rend" or "style"
153:33:attribute "edRef" not allowed here; expected attribute "break", "n" or "xml:id"
153:62:attribute "edRef" not allowed here; expected attribute "break", "n", "rend" or "style"
153:224:attribute "edRef" not allowed here; expected attribute "break", "n" or "xml:id"
153:326:attribute "edRef" not allowed here; expected attribute "break", "n" or "xml:id"
154:31:attribute "edRef" not allowed here; expected attribute "break", "n" or "xml:id"
154:59:attribute "edRef" not allowed here; expected attribute "break", "n", "rend" or "style"
155:31:attribute "edRef" not allowed here; expected attribute "break", "n" or "xml:id"
155:61:attribute "edRef" not allowed here; expected attribute "break", "n", "rend" or "style"
156:31:attribute "edRef" not allowed here; expected attribute "break", "n" or "xml:id"
156:58:attribute "edRef" not allowed here; expected attribute "break", "n", "rend" or "style"
156:148:attribute "edRef" not allowed here; expected attribute "break", "n" or "xml:id"
157:31:attribute "edRef" not allowed here; expected attribute "break", "n" or "xml:id"
157:61:attribute "edRef" not allowed here; expected attribute "break", "n", "rend" or "style"
158:34:attribute "edRef" not allowed here; expected attribute "break", "n" or "xml:id"
158:64:attribute "edRef" not allowed here; expected attribute "break", "n", "rend" or "style"
158:176:attribute "edRef" not allowed here; expected attribute "break", "n" or "xml:id"
159:79:attribute "edRef" not allowed here; expected attribute "break", "n" or "xml:id"
160:34:attribute "edRef" not allowed here; expected attribute "break", "n" or "xml:id"
160:64:attribute "edRef" not allowed here; expected attribute "break", "n", "rend" or "style"
160:546:attribute "edRef" not allowed here; expected attribute "break", "n" or "xml:id"
160:827:attribute "edRef" not allowed here; expected attribute "break", "n" or "xml:id"
160:1199:attribute "edRef" not allowed here; expected attribute "break", "n" or "xml:id"
161:31:attribute "edRef" not allowed here; expected attribute "break", "n" or "xml:id"
161:61:attribute "edRef" not allowed here; expected attribute "break", "n", "rend" or "style"
162:34:attribute "edRef" not allowed here; expected attribute "break", "n" or "xml:id"
162:63:attribute "edRef" not allowed here; expected attribute "break", "n", "rend" or "style"
162:333:attribute "edRef" not allowed here; expected attribute "break", "n" or "xml:id"
162:461:attribute "edRef" not allowed here; expected attribute "break", "n" or "xml:id"
163:31:attribute "edRef" not allowed here; expected attribute "break", "n" or "xml:id"
163:60:attribute "edRef" not allowed here; expected attribute "break", "n", "rend" or "style"
164:31:attribute "edRef" not allowed here; expected attribute "break", "n" or "xml:id"
164:61:attribute "edRef" not allowed here; expected attribute "break", "n", "rend" or "style"
165:31:attribute "edRef" not allowed here; expected attribute "break", "n" or "xml:id"
165:61:attribute "edRef" not allowed here; expected attribute "break", "n", "rend" or "style"
165:122:attribute "edRef" not allowed here; expected attribute "break", "n" or "xml:id"
166:31:attribute "edRef" not allowed here; expected attribute "break", "n" or "xml:id"
166:61:attribute "edRef" not allowed here; expected attribute "break", "n", "rend" or "style"
167:31:attribute "edRef" not allowed here; expected attribute "break", "n" or "xml:id"
167:61:attribute "edRef" not allowed here; expected attribute "break", "n", "rend" or "style"
168:34:attribute "edRef" not allowed here; expected attribute "break", "n" or "xml:id"
168:63:attribute "edRef" not allowed here; expected attribute "break", "n", "rend" or "style"
168:164:attribute "edRef" not allowed here; expected attribute "break", "n" or "xml:id"
169:31:attribute "edRef" not allowed here; expected attribute "break", "n" or "xml:id"
169:59:attribute "edRef" not allowed here; expected attribute "break", "n", "rend" or "style"
169:105:attribute "edRef" not allowed here; expected attribute "break", "n" or "xml:id"
170:31:attribute "edRef" not allowed here; expected attribute "break", "n" or "xml:id"
170:60:attribute "edRef" not allowed here; expected attribute "break", "n", "rend" or "style"
171:31:attribute "edRef" not allowed here; expected attribute "break", "n" or "xml:id"
171:61:attribute "edRef" not allowed here; expected attribute "break", "n", "rend" or "style"
172:31:attribute "edRef" not allowed here; expected attribute "break", "n" or "xml:id"
172:61:attribute "edRef" not allowed here; expected attribute "break", "n", "rend" or "style"
173:31:attribute "edRef" not allowed here; expected attribute "break", "n" or "xml:id"
173:61:attribute "edRef" not allowed here; expected attribute "break", "n", "rend" or "style"
173:95:attribute "edRef" not allowed here; expected attribute "break", "n" or "xml:id"
174:31:attribute "edRef" not allowed here; expected attribute "break", "n" or "xml:id"
174:59:attribute "edRef" not allowed here; expected attribute "break", "n", "rend" or "style"
175:31:attribute "edRef" not allowed here; expected attribute "break", "n" or "xml:id"
175:60:attribute "edRef" not allowed here; expected attribute "break", "n", "rend" or "style"
176:34:attribute "edRef" not allowed here; expected attribute "break", "n" or "xml:id"
176:63:attribute "edRef" not allowed here; expected attribute "break", "n", "rend" or "style"
176:124:attribute "edRef" not allowed here; expected attribute "break", "n" or "xml:id"
176:707:attribute "edRef" not allowed here; expected attribute "break", "n" or "xml:id"
176:769:attribute "edRef" not allowed here; expected attribute "break", "n" or "xml:id"
176:819:attribute "edRef" not allowed here; expected attribute "break", "n" or "xml:id"
177:31:attribute "edRef" not allowed here; expected attribute "break", "n" or "xml:id"
177:59:attribute "edRef" not allowed here; expected attribute "break", "n", "rend" or "style"
178:31:attribute "edRef" not allowed here; expected attribute "break", "n" or "xml:id"
178:60:attribute "edRef" not allowed here; expected attribute "break", "n", "rend" or "style"
178:513:attribute "edRef" not allowed here; expected attribute "break", "n" or "xml:id"
178:798:element "rdg" missing required attribute "source"
179:34:attribute "edRef" not allowed here; expected attribute "break", "n" or "xml:id"
179:64:attribute "edRef" not allowed here; expected attribute "break", "n", "rend" or "style"
179:121:attribute "edRef" not allowed here; expected attribute "break", "n" or "xml:id"
179:366:attribute "edRef" not allowed here; expected attribute "break", "n" or "xml:id"
180:31:attribute "edRef" not allowed here; expected attribute "break", "n" or "xml:id"
180:61:attribute "edRef" not allowed here; expected attribute "break", "n", "rend" or "style"
181:31:attribute "edRef" not allowed here; expected attribute "break", "n" or "xml:id"
181:61:attribute "edRef" not allowed here; expected attribute "break", "n", "rend" or "style"
182:31:attribute "edRef" not allowed here; expected attribute "break", "n" or "xml:id"
182:61:attribute "edRef" not allowed here; expected attribute "break", "n", "rend" or "style"
182:171:attribute "edRef" not allowed here; expected attribute "break", "n" or "xml:id"
183:34:attribute "edRef" not allowed here; expected attribute "break", "n" or "xml:id"
183:64:attribute "edRef" not allowed here; expected attribute "break", "n", "rend" or "style"
183:111:attribute "edRef" not allowed here; expected attribute "break", "n" or "xml:id"
183:481:attribute "edRef" not allowed here; expected attribute "break", "n" or "xml:id"
184:34:attribute "edRef" not allowed here; expected attribute "break", "n" or "xml:id"
184:63:attribute "edRef" not allowed here; expected attribute "break", "n", "rend" or "style"
184:97:element "rdg" missing required attribute "source"
184:174:element "rdg" missing required attribute "source"
184:480:attribute "edRef" not allowed here; expected attribute "break", "n" or "xml:id"
184:727:attribute "edRef" not allowed here; expected attribute "break", "n" or "xml:id"
185:31:attribute "edRef" not allowed here; expected attribute "break", "n" or "xml:id"
185:60:attribute "edRef" not allowed here; expected attribute "break", "n", "rend" or "style"
185:257:element "rdg" missing required attribute "source"
185:411:attribute "edRef" not allowed here; expected attribute "break", "n" or "xml:id"
186:31:attribute "edRef" not allowed here; expected attribute "break", "n" or "xml:id"
186:61:attribute "edRef" not allowed here; expected attribute "break", "n", "rend" or "style"
186:436:element "rdg" missing required attribute "source"
186:450:element "rdg" missing required attribute "source"
187:31:attribute "edRef" not allowed here; expected attribute "break", "n" or "xml:id"
187:61:attribute "edRef" not allowed here; expected attribute "break", "n", "rend" or "style"
187:195:attribute "edRef" not allowed here; expected attribute "break", "n" or "xml:id"
188:34:attribute "edRef" not allowed here; expected attribute "break", "n" or "xml:id"
188:63:attribute "edRef" not allowed here; expected attribute "break", "n", "rend" or "style"
188:235:attribute "edRef" not allowed here; expected attribute "break", "n" or "xml:id"
189:31:attribute "edRef" not allowed here; expected attribute "break", "n" or "xml:id"
189:60:attribute "edRef" not allowed here; expected attribute "break", "n", "rend" or "style"
189:226:attribute "edRef" not allowed here; expected attribute "break", "n" or "xml:id"
190:31:attribute "edRef" not allowed here; expected attribute "break", "n" or "xml:id"
190:61:attribute "edRef" not allowed here; expected attribute "break", "n", "rend" or "style"
191:31:attribute "edRef" not allowed here; expected attribute "break", "n" or "xml:id"
191:61:attribute "edRef" not allowed here; expected attribute "break", "n", "rend" or "style"
191:90:attribute "edRef" not allowed here; expected attribute "break", "n" or "xml:id"
192:34:attribute "edRef" not allowed here; expected attribute "break", "n" or "xml:id"
192:64:attribute "edRef" not allowed here; expected attribute "break", "n", "rend" or "style"
192:152:attribute "edRef" not allowed here; expected attribute "break", "n" or "xml:id"
193:31:attribute "edRef" not allowed here; expected attribute "break", "n" or "xml:id"
193:61:attribute "edRef" not allowed here; expected attribute "break", "n", "rend" or "style"
193:143:attribute "edRef" not allowed here; expected attribute "break", "n" or "xml:id"
194:31:attribute "edRef" not allowed here; expected attribute "break", "n" or "xml:id"
194:61:attribute "edRef" not allowed here; expected attribute "break", "n", "rend" or "style"
195:31:attribute "edRef" not allowed here; expected attribute "break", "n" or "xml:id"
195:61:attribute "edRef" not allowed here; expected attribute "break", "n", "rend" or "style"
195:190:attribute "edRef" not allowed here; expected attribute "break", "n" or "xml:id"
196:31:attribute "edRef" not allowed here; expected attribute "break", "n" or "xml:id"
196:61:attribute "edRef" not allowed here; expected attribute "break", "n", "rend" or "style"
197:34:attribute "edRef" not allowed here; expected attribute "break", "n" or "xml:id"
197:64:attribute "edRef" not allowed here; expected attribute "break", "n", "rend" or "style"
197:148:attribute "edRef" not allowed here; expected attribute "break", "n" or "xml:id"
197:434:element "rdg" missing required attribute "source"
198:31:attribute "edRef" not allowed here; expected attribute "break", "n" or "xml:id"
198:61:attribute "edRef" not allowed here; expected attribute "break", "n", "rend" or "style"
198:97:attribute "edRef" not allowed here; expected attribute "break", "n" or "xml:id"
199:31:attribute "edRef" not allowed here; expected attribute "break", "n" or "xml:id"
199:61:attribute "edRef" not allowed here; expected attribute "break", "n", "rend" or "style"
200:34:attribute "edRef" not allowed here; expected attribute "break", "n" or "xml:id"
200:63:attribute "edRef" not allowed here; expected attribute "break", "n", "rend" or "style"
200:272:attribute "edRef" not allowed here; expected attribute "break", "n" or "xml:id"
200:547:attribute "edRef" not allowed here; expected attribute "break", "n" or "xml:id"
201:31:attribute "edRef" not allowed here; expected attribute "break", "n" or "xml:id"
201:61:attribute "edRef" not allowed here; expected attribute "break", "n", "rend" or "style"
201:96:attribute "edRef" not allowed here; expected attribute "break", "n" or "xml:id"
202:31:attribute "edRef" not allowed here; expected attribute "break", "n" or "xml:id"
202:61:attribute "edRef" not allowed here; expected attribute "break", "n", "rend" or "style"
202:353:element "rdg" missing required attribute "source"
202:526:attribute "edRef" not allowed here; expected attribute "break", "n" or "xml:id"
203:34:attribute "edRef" not allowed here; expected attribute "break", "n" or "xml:id"
203:63:attribute "edRef" not allowed here; expected attribute "break", "n", "rend" or "style"
203:160:attribute "edRef" not allowed here; expected attribute "break", "n" or "xml:id"
204:31:attribute "edRef" not allowed here; expected attribute "break", "n" or "xml:id"
204:60:attribute "edRef" not allowed here; expected attribute "break", "n", "rend" or "style"
204:157:element "rdg" missing required attribute "source"
205:31:attribute "edRef" not allowed here; expected attribute "break", "n" or "xml:id"
205:61:attribute "edRef" not allowed here; expected attribute "break", "n", "rend" or "style"
205:166:attribute "edRef" not allowed here; expected attribute "break", "n" or "xml:id"
206:31:attribute "edRef" not allowed here; expected attribute "break", "n" or "xml:id"
206:58:attribute "edRef" not allowed here; expected attribute "break", "n", "rend" or "style"
206:472:attribute "edRef" not allowed here; expected attribute "break", "n" or "xml:id"
206:537:attribute "edRef" not allowed here; expected attribute "break", "n" or "xml:id"
207:31:attribute "edRef" not allowed here; expected attribute "break", "n" or "xml:id"
207:61:attribute "edRef" not allowed here; expected attribute "break", "n", "rend" or "style"
208:31:attribute "edRef" not allowed here; expected attribute "break", "n" or "xml:id"
208:61:attribute "edRef" not allowed here; expected attribute "break", "n", "rend" or "style"
208:361:attribute "edRef" not allowed here; expected attribute "break", "n" or "xml:id"
209:34:attribute "edRef" not allowed here; expected attribute "break", "n" or "xml:id"
209:63:attribute "edRef" not allowed here; expected attribute "break", "n", "rend" or "style"
209:116:attribute "edRef" not allowed here; expected attribute "break", "n" or "xml:id"
210:31:attribute "edRef" not allowed here; expected attribute "break", "n" or "xml:id"
210:60:attribute "edRef" not allowed here; expected attribute "break", "n", "rend" or "style"
210:161:attribute "edRef" not allowed here; expected attribute "break", "n" or "xml:id"
210:442:element "rdg" missing required attribute "source"
211:31:attribute "edRef" not allowed here; expected attribute "break", "n" or "xml:id"
211:61:attribute "edRef" not allowed here; expected attribute "break", "n", "rend" or "style"
211:118:attribute "edRef" not allowed here; expected attribute "break", "n" or "xml:id"
212:31:attribute "edRef" not allowed here; expected attribute "break", "n" or "xml:id"
212:61:attribute "edRef" not allowed here; expected attribute "break", "n", "rend" or "style"
213:31:attribute "edRef" not allowed here; expected attribute "break", "n" or "xml:id"
213:60:attribute "edRef" not allowed here; expected attribute "break", "n", "rend" or "style"
213:312:attribute "edRef" not allowed here; expected attribute "break", "n" or "xml:id"
213:935:attribute "edRef" not allowed here; expected attribute "break", "n" or "xml:id"
214:34:attribute "edRef" not allowed here; expected attribute "break", "n" or "xml:id"
214:64:attribute "edRef" not allowed here; expected attribute "break", "n", "rend" or "style"
214:149:attribute "edRef" not allowed here; expected attribute "break", "n" or "xml:id"
214:516:attribute "edRef" not allowed here; expected attribute "break", "n" or "xml:id"
215:31:attribute "edRef" not allowed here; expected attribute "break", "n" or "xml:id"
215:61:attribute "edRef" not allowed here; expected attribute "break", "n", "rend" or "style"
216:31:attribute "edRef" not allowed here; expected attribute "break", "n" or "xml:id"
216:61:attribute "edRef" not allowed here; expected attribute "break", "n", "rend" or "style"
217:31:attribute "edRef" not allowed here; expected attribute "break", "n" or "xml:id"
217:61:attribute "edRef" not allowed here; expected attribute "break", "n", "rend" or "style"
218:31:attribute "edRef" not allowed here; expected attribute "break", "n" or "xml:id"
218:61:attribute "edRef" not allowed here; expected attribute "break", "n", "rend" or "style"
219:31:attribute "edRef" not allowed here; expected attribute "break", "n" or "xml:id"
219:59:attribute "edRef" not allowed here; expected attribute "break", "n", "rend" or "style"
220:31:attribute "edRef" not allowed here; expected attribute "break", "n" or "xml:id"
220:59:attribute "edRef" not allowed here; expected attribute "break", "n", "rend" or "style"
221:31:attribute "edRef" not allowed here; expected attribute "break", "n" or "xml:id"
221:59:attribute "edRef" not allowed here; expected attribute "break", "n", "rend" or "style"
222:31:attribute "edRef" not allowed here; expected attribute "break", "n" or "xml:id"
222:60:attribute "edRef" not allowed here; expected attribute "break", "n", "rend" or "style"
223:31:attribute "edRef" not allowed here; expected attribute "break", "n" or "xml:id"
223:61:attribute "edRef" not allowed here; expected attribute "break", "n", "rend" or "style"
224:31:attribute "edRef" not allowed here; expected attribute "break", "n" or "xml:id"
224:61:attribute "edRef" not allowed here; expected attribute "break", "n", "rend" or "style"
224:133:attribute "edRef" not allowed here; expected attribute "break", "n" or "xml:id"
225:31:attribute "edRef" not allowed here; expected attribute "break", "n" or "xml:id"
225:61:attribute "edRef" not allowed here; expected attribute "break", "n", "rend" or "style"
226:31:attribute "edRef" not allowed here; expected attribute "break", "n" or "xml:id"
226:61:attribute "edRef" not allowed here; expected attribute "break", "n", "rend" or "style"
227:31:attribute "edRef" not allowed here; expected attribute "break", "n" or "xml:id"
227:61:attribute "edRef" not allowed here; expected attribute "break", "n", "rend" or "style"
228:31:attribute "edRef" not allowed here; expected attribute "break", "n" or "xml:id"
228:61:attribute "edRef" not allowed here; expected attribute "break", "n", "rend" or "style"
229:31:attribute "edRef" not allowed here; expected attribute "break", "n" or "xml:id"
229:61:attribute "edRef" not allowed here; expected attribute "break", "n", "rend" or "style"
230:31:attribute "edRef" not allowed here; expected attribute "break", "n" or "xml:id"
230:61:attribute "edRef" not allowed here; expected attribute "break", "n", "rend" or "style"
231:31:attribute "edRef" not allowed here; expected attribute "break", "n" or "xml:id"
231:61:attribute "edRef" not allowed here; expected attribute "break", "n", "rend" or "style"
232:31:attribute "edRef" not allowed here; expected attribute "break", "n" or "xml:id"
232:61:attribute "edRef" not allowed here; expected attribute "break", "n", "rend" or "style"
232:99:attribute "edRef" not allowed here; expected attribute "break", "n" or "xml:id"
233:31:attribute "edRef" not allowed here; expected attribute "break", "n" or "xml:id"
233:59:attribute "edRef" not allowed here; expected attribute "break", "n", "rend" or "style"
234:31:attribute "edRef" not allowed here; expected attribute "break", "n" or "xml:id"
234:59:attribute "edRef" not allowed here; expected attribute "break", "n", "rend" or "style"
235:31:attribute "edRef" not allowed here; expected attribute "break", "n" or "xml:id"
235:59:attribute "edRef" not allowed here; expected attribute "break", "n", "rend" or "style"
236:31:attribute "edRef" not allowed here; expected attribute "break", "n" or "xml:id"
236:61:attribute "edRef" not allowed here; expected attribute "break", "n", "rend" or "style"
237:31:attribute "edRef" not allowed here; expected attribute "break", "n" or "xml:id"
237:61:attribute "edRef" not allowed here; expected attribute "break", "n", "rend" or "style"
238:31:attribute "edRef" not allowed here; expected attribute "break", "n" or "xml:id"
238:61:attribute "edRef" not allowed here; expected attribute "break", "n", "rend" or "style"
239:31:attribute "edRef" not allowed here; expected attribute "break", "n" or "xml:id"
239:61:attribute "edRef" not allowed here; expected attribute "break", "n", "rend" or "style"
239:96:attribute "edRef" not allowed here; expected attribute "break", "n" or "xml:id"
240:31:attribute "edRef" not allowed here; expected attribute "break", "n" or "xml:id"
240:61:attribute "edRef" not allowed here; expected attribute "break", "n", "rend" or "style"
241:31:attribute "edRef" not allowed here; expected attribute "break", "n" or "xml:id"
241:61:attribute "edRef" not allowed here; expected attribute "break", "n", "rend" or "style"
242:31:attribute "edRef" not allowed here; expected attribute "break", "n" or "xml:id"
242:61:attribute "edRef" not allowed here; expected attribute "break", "n", "rend" or "style"
243:31:attribute "edRef" not allowed here; expected attribute "break", "n" or "xml:id"
243:61:attribute "edRef" not allowed here; expected attribute "break", "n", "rend" or "style"
244:34:attribute "edRef" not allowed here; expected attribute "break", "n" or "xml:id"
244:63:attribute "edRef" not allowed here; expected attribute "break", "n", "rend" or "style"
244:112:attribute "edRef" not allowed here; expected attribute "break", "n" or "xml:id"
245:31:attribute "edRef" not allowed here; expected attribute "break", "n" or "xml:id"
245:59:attribute "edRef" not allowed here; expected attribute "break", "n", "rend" or "style"
246:31:attribute "edRef" not allowed here; expected attribute "break", "n" or "xml:id"
246:59:attribute "edRef" not allowed here; expected attribute "break", "n", "rend" or "style"
247:31:attribute "edRef" not allowed here; expected attribute "break", "n" or "xml:id"
247:60:attribute "edRef" not allowed here; expected attribute "break", "n", "rend" or "style"
