45:18:element "listWit" not allowed anywhere; expected element "ab", "bibl", "biblFull", "biblStruct", "list", "listApp", "listBibl", "listEvent", "listNym", "listObject", "listOrg", "listPerson", "listPlace", "listRelation", "msDesc", "p" or "table"
65:22:element "listWit" not allowed anywhere; expected element "ab", "bibl", "biblFull", "biblStruct", "list", "listApp", "listBibl", "listEvent", "listNym", "listObject", "listOrg", "listPerson", "listPlace", "listRelation", "msDesc", "p" or "table"
86:22:element "listWit" not allowed anywhere; expected element "ab", "bibl", "biblFull", "biblStruct", "list", "listApp", "listBibl", "listEvent", "listNym", "listObject", "listOrg", "listPerson", "listPlace", "listRelation", "msDesc", "p" or "table"
96:22:element "listWit" not allowed anywhere; expected element "ab", "bibl", "biblFull", "biblStruct", "list", "listApp", "listBibl", "listEvent", "listNym", "listObject", "listOrg", "listPerson", "listPlace", "listRelation", "msDesc", "p" or "table"
106:22:element "listWit" not allowed anywhere; expected element "ab", "bibl", "biblFull", "biblStruct", "list", "listApp", "listBibl", "listEvent", "listNym", "listObject", "listOrg", "listPerson", "listPlace", "listRelation", "msDesc", "p" or "table"
116:22:element "listWit" not allowed anywhere; expected element "ab", "bibl", "biblFull", "biblStruct", "list", "listApp", "listBibl", "listEvent", "listNym", "listObject", "listOrg", "listPerson", "listPlace", "listRelation", "msDesc", "p" or "table"
125:22:element "listWit" not allowed anywhere; expected element "ab", "bibl", "biblFull", "biblStruct", "list", "listApp", "listBibl", "listEvent", "listNym", "listObject", "listOrg", "listPerson", "listPlace", "listRelation", "msDesc", "p" or "table"
135:22:element "listWit" not allowed anywhere; expected element "ab", "bibl", "biblFull", "biblStruct", "list", "listApp", "listBibl", "listEvent", "listNym", "listObject", "listOrg", "listPerson", "listPlace", "listRelation", "msDesc", "p" or "table"
138:20:element "sourceDesc" incomplete; expected element "ab", "bibl", "biblFull", "biblStruct", "list", "listApp", "listBibl", "listEvent", "listNym", "listObject", "listOrg", "listPerson", "listPlace", "listRelation", "msDesc", "p" or "table"
166:37:element "div" missing required attribute "type"
175:58:value of attribute "type" is invalid; must be equal to "apparatus", "bibliography", "commentary", "edition", "textpart" or "translation"
227:58:value of attribute "type" is invalid; must be equal to "apparatus", "bibliography", "commentary", "edition", "textpart" or "translation"
342:58:value of attribute "type" is invalid; must be equal to "apparatus", "bibliography", "commentary", "edition", "textpart" or "translation"
351:45:element "witDetail" not allowed anywhere; expected the element end-tag or element "note", "noteGrp", "rdg", "rdgGrp" or "wit"
353:45:element "witDetail" not allowed anywhere; expected the element end-tag or element "note", "noteGrp", "rdg", "rdgGrp" or "wit"
360:58:value of attribute "type" is invalid; must be equal to "apparatus", "bibliography", "commentary", "edition", "textpart" or "translation"
397:58:value of attribute "type" is invalid; must be equal to "apparatus", "bibliography", "commentary", "edition", "textpart" or "translation"
490:58:value of attribute "type" is invalid; must be equal to "apparatus", "bibliography", "commentary", "edition", "textpart" or "translation"
599:58:value of attribute "type" is invalid; must be equal to "apparatus", "bibliography", "commentary", "edition", "textpart" or "translation"
715:59:value of attribute "type" is invalid; must be equal to "apparatus", "bibliography", "commentary", "edition", "textpart" or "translation"
838:59:value of attribute "type" is invalid; must be equal to "apparatus", "bibliography", "commentary", "edition", "textpart" or "translation"
850:59:value of attribute "type" is invalid; must be equal to "apparatus", "bibliography", "commentary", "edition", "textpart" or "translation"
870:59:value of attribute "type" is invalid; must be equal to "apparatus", "bibliography", "commentary", "edition", "textpart" or "translation"
878:59:value of attribute "type" is invalid; must be equal to "apparatus", "bibliography", "commentary", "edition", "textpart" or "translation"
885:59:value of attribute "type" is invalid; must be equal to "apparatus", "bibliography", "commentary", "edition", "textpart" or "translation"
894:59:value of attribute "type" is invalid; must be equal to "apparatus", "bibliography", "commentary", "edition", "textpart" or "translation"
898:59:value of attribute "type" is invalid; must be equal to "apparatus", "bibliography", "commentary", "edition", "textpart" or "translation"
957:37:element "div" missing required attribute "type"
