10054:18: element "rdg" missing required attribute "wit"
10565:18: element "rdg" missing required attribute "wit"
10616:18: element "rdg" missing required attribute "wit"
10752:18: element "rdg" missing required attribute "wit"
10872:18: element "rdg" missing required attribute "wit"
11014:18: element "rdg" missing required attribute "wit"
11231:18: element "rdg" missing required attribute "wit"
113:22: element "listWit" not allowed anywhere; expected element "ab", "bibl", "biblFull", "biblStruct", "list", "listApp", "listBibl", "listEvent", "listNym", "listObject", "listOrg", "listPerson", "listPlace", "listRelation", "msDesc", "p" or "table"
11343:18: element "rdg" missing required attribute "wit"
11426:18: element "rdg" missing required attribute "wit"
11451:18: element "rdg" missing required attribute "wit"
116:41: element "listWit" not allowed anywhere; expected element "ab", "bibl", "biblFull", "biblStruct", "list", "listApp", "listBibl", "listEvent", "listNym", "listObject", "listOrg", "listPerson", "listPlace", "listRelation", "msDesc", "p" or "table"
11627:44: element "witDetail" not allowed anywhere; expected the element end-tag or element "note", "noteGrp", "rdg", "rdgGrp" or "wit"
11629:44: element "witDetail" not allowed anywhere; expected the element end-tag or element "note", "noteGrp", "rdg", "rdgGrp" or "wit"
11636:18: element "rdg" missing required attribute "wit"
11896:18: element "rdg" missing required attribute "wit"
11934:20: element "rdg" missing required attribute "wit"
11952:44: element "witDetail" not allowed anywhere; expected the element end-tag or element "note", "noteGrp", "rdg", "rdgGrp" or "wit"
11954:44: element "witDetail" not allowed anywhere; expected the element end-tag or element "note", "noteGrp", "rdg", "rdgGrp" or "wit"
12130:20: element "rdg" missing required attribute "wit"
12138:20: element "rdg" missing required attribute "wit"
12264:46: element "witDetail" not allowed anywhere; expected the element end-tag or element "note", "noteGrp", "rdg", "rdgGrp" or "wit"
12266:46: element "witDetail" not allowed anywhere; expected the element end-tag or element "note", "noteGrp", "rdg", "rdgGrp" or "wit"
12340:18: element "rdg" missing required attribute "wit"
12348:44: element "witDetail" not allowed anywhere; expected the element end-tag or element "note", "noteGrp", "rdg", "rdgGrp" or "wit"
12350:44: element "witDetail" not allowed anywhere; expected the element end-tag or element "note", "noteGrp", "rdg", "rdgGrp" or "wit"
12491:18: element "rdg" missing required attribute "wit"
12534:18: element "rdg" missing required attribute "wit"
12645:18: element "rdg" missing required attribute "wit"
12677:18: element "rdg" missing required attribute "wit"
12732:44: element "witDetail" not allowed anywhere; expected the element end-tag or element "note", "noteGrp", "rdg", "rdgGrp" or "wit"
12734:44: element "witDetail" not allowed anywhere; expected the element end-tag or element "note", "noteGrp", "rdg", "rdgGrp" or "wit"
12740:44: element "witDetail" not allowed anywhere; expected the element end-tag or element "note", "noteGrp", "rdg", "rdgGrp" or "wit"
12793:18: element "rdg" missing required attribute "wit"
12888:18: element "rdg" missing required attribute "wit"
12917:44: element "witDetail" not allowed anywhere; expected the element end-tag or element "note", "noteGrp", "rdg", "rdgGrp" or "wit"
12919:44: element "witDetail" not allowed anywhere; expected the element end-tag or element "note", "noteGrp", "rdg", "rdgGrp" or "wit"
12931:18: element "rdg" missing required attribute "wit"
12958:44: element "witDetail" not allowed anywhere; expected the element end-tag or element "note", "noteGrp", "rdg", "rdgGrp" or "wit"
12960:44: element "witDetail" not allowed anywhere; expected the element end-tag or element "note", "noteGrp", "rdg", "rdgGrp" or "wit"
12983:44: element "witDetail" not allowed anywhere; expected the element end-tag or element "note", "noteGrp", "rdg", "rdgGrp" or "wit"
12985:44: element "witDetail" not allowed anywhere; expected the element end-tag or element "note", "noteGrp", "rdg", "rdgGrp" or "wit"
13073:18: element "rdg" missing required attribute "wit"
13152:44: element "witDetail" not allowed anywhere; expected the element end-tag or element "note", "noteGrp", "rdg", "rdgGrp" or "wit"
13154:44: element "witDetail" not allowed anywhere; expected the element end-tag or element "note", "noteGrp", "rdg", "rdgGrp" or "wit"
13198:18: element "rdg" missing required attribute "wit"
13205:44: element "witDetail" not allowed anywhere; expected the element end-tag or element "note", "noteGrp", "rdg", "rdgGrp" or "wit"
13211:18: element "rdg" missing required attribute "wit"
13311:18: element "rdg" missing required attribute "wit"
13330:18: element "rdg" missing required attribute "wit"
13421:18: element "rdg" missing required attribute "wit"
13424:44: element "witDetail" not allowed anywhere; expected the element end-tag or element "note", "noteGrp", "rdg", "rdgGrp" or "wit"
13426:44: element "witDetail" not allowed anywhere; expected the element end-tag or element "note", "noteGrp", "rdg", "rdgGrp" or "wit"
13601:18: element "rdg" missing required attribute "wit"
13618:18: element "rdg" missing required attribute "wit"
13744:18: element "rdg" missing required attribute "wit"
13746:44: element "witDetail" not allowed anywhere; expected the element end-tag or element "note", "noteGrp", "rdg", "rdgGrp" or "wit"
13748:44: element "witDetail" not allowed anywhere; expected the element end-tag or element "note", "noteGrp", "rdg", "rdgGrp" or "wit"
13913:18: element "rdg" missing required attribute "wit"
13969:18: element "rdg" missing required attribute "wit"
13998:18: element "rdg" missing required attribute "wit"
14016:44: element "witDetail" not allowed anywhere; expected the element end-tag or element "note", "noteGrp", "rdg", "rdgGrp" or "wit"
14018:44: element "witDetail" not allowed anywhere; expected the element end-tag or element "note", "noteGrp", "rdg", "rdgGrp" or "wit"
14046:18: element "rdg" missing required attribute "wit"
14094:44: element "witDetail" not allowed anywhere; expected the element end-tag or element "note", "noteGrp", "rdg", "rdgGrp" or "wit"
14096:44: element "witDetail" not allowed anywhere; expected the element end-tag or element "note", "noteGrp", "rdg", "rdgGrp" or "wit"
14118:18: element "rdg" missing required attribute "wit"
14134:18: element "rdg" missing required attribute "wit"
14146:18: element "rdg" missing required attribute "wit"
142:22: element "listWit" not allowed anywhere; expected element "ab", "bibl", "biblFull", "biblStruct", "list", "listApp", "listBibl", "listEvent", "listNym", "listObject", "listOrg", "listPerson", "listPlace", "listRelation", "msDesc", "p" or "table"
14294:18: element "rdg" missing required attribute "wit"
14362:18: element "rdg" missing required attribute "wit"
14436:21: element "gap" missing required attribute "reason"
145:41: element "listWit" not allowed anywhere; expected element "ab", "bibl", "biblFull", "biblStruct", "list", "listApp", "listBibl", "listEvent", "listNym", "listObject", "listOrg", "listPerson", "listPlace", "listRelation", "msDesc", "p" or "table"
14635:18: element "rdg" missing required attribute "wit"
14681:18: element "rdg" missing required attribute "wit"
14734:18: element "rdg" missing required attribute "wit"
14767:44: element "witDetail" not allowed anywhere; expected the element end-tag or element "note", "noteGrp", "rdg", "rdgGrp" or "wit"
14769:44: element "witDetail" not allowed anywhere; expected the element end-tag or element "note", "noteGrp", "rdg", "rdgGrp" or "wit"
14789:18: element "rdg" missing required attribute "wit"
14854:18: element "rdg" missing required attribute "wit"
14948:18: element "rdg" missing required attribute "wit"
15122:18: element "rdg" missing required attribute "wit"
15131:18: element "rdg" missing required attribute "wit"
15150:44: element "witDetail" not allowed anywhere; expected the element end-tag or element "note", "noteGrp", "rdg", "rdgGrp" or "wit"
15237:44: element "witDetail" not allowed anywhere; expected the element end-tag or element "note", "noteGrp", "rdg", "rdgGrp" or "wit"
15239:44: element "witDetail" not allowed anywhere; expected the element end-tag or element "note", "noteGrp", "rdg", "rdgGrp" or "wit"
15248:18: element "rdg" missing required attribute "wit"
15310:18: element "rdg" missing required attribute "wit"
15366:44: element "witDetail" not allowed anywhere; expected the element end-tag or element "note", "noteGrp", "rdg", "rdgGrp" or "wit"
15368:44: element "witDetail" not allowed anywhere; expected the element end-tag or element "note", "noteGrp", "rdg", "rdgGrp" or "wit"
15477:18: element "rdg" missing required attribute "wit"
15487:18: element "rdg" missing required attribute "wit"
1574:18: element "rdg" missing required attribute "wit"
1660:18: element "rdg" missing required attribute "wit"
170:22: element "listWit" not allowed anywhere; expected element "ab", "bibl", "biblFull", "biblStruct", "list", "listApp", "listBibl", "listEvent", "listNym", "listObject", "listOrg", "listPerson", "listPlace", "listRelation", "msDesc", "p" or "table"
173:20: element "sourceDesc" incomplete; expected element "ab", "bibl", "biblFull", "biblStruct", "list", "listApp", "listBibl", "listEvent", "listNym", "listObject", "listOrg", "listPerson", "listPlace", "listRelation", "msDesc", "p" or "table"
1993:18: element "rdg" missing required attribute "wit"
2251:18: element "rdg" missing required attribute "wit"
2293:18: element "rdg" missing required attribute "wit"
250:12: element "div" missing required attribute "type"
2686:18: element "rdg" missing required attribute "wit"
3191:18: element "rdg" missing required attribute "wit"
3404:18: element "rdg" missing required attribute "wit"
3520:18: element "rdg" missing required attribute "wit"
36:18: element "listWit" not allowed anywhere; expected element "ab", "bibl", "biblFull", "biblStruct", "list", "listApp", "listBibl", "listEvent", "listNym", "listObject", "listOrg", "listPerson", "listPlace", "listRelation", "msDesc", "p" or "table"
3684:18: element "rdg" missing required attribute "wit"
38:41: element "listWit" not allowed anywhere; expected element "ab", "bibl", "biblFull", "biblStruct", "list", "listApp", "listBibl", "listEvent", "listNym", "listObject", "listOrg", "listPerson", "listPlace", "listRelation", "msDesc", "p" or "table"
3860:18: element "rdg" missing required attribute "wit"
3949:44: element "witDetail" not allowed anywhere; expected the element end-tag or element "note", "noteGrp", "rdg", "rdgGrp" or "wit"
3951:44: element "witDetail" not allowed anywhere; expected the element end-tag or element "note", "noteGrp", "rdg", "rdgGrp" or "wit"
4214:18: element "rdg" missing required attribute "wit"
4281:44: element "witDetail" not allowed anywhere; expected the element end-tag or element "note", "noteGrp", "rdg", "rdgGrp" or "wit"
4283:44: element "witDetail" not allowed anywhere; expected the element end-tag or element "note", "noteGrp", "rdg", "rdgGrp" or "wit"
4367:44: element "witDetail" not allowed anywhere; expected the element end-tag or element "note", "noteGrp", "rdg", "rdgGrp" or "wit"
4369:44: element "witDetail" not allowed anywhere; expected the element end-tag or element "note", "noteGrp", "rdg", "rdgGrp" or "wit"
4450:18: element "rdg" missing required attribute "wit"
4479:18: element "rdg" missing required attribute "wit"
4586:44: element "witDetail" not allowed anywhere; expected the element end-tag or element "note", "noteGrp", "rdg", "rdgGrp" or "wit"
4588:44: element "witDetail" not allowed anywhere; expected the element end-tag or element "note", "noteGrp", "rdg", "rdgGrp" or "wit"
4718:18: element "rdg" missing required attribute "wit"
4832:44: element "witDetail" not allowed anywhere; expected the element end-tag or element "note", "noteGrp", "rdg", "rdgGrp" or "wit"
4834:44: element "witDetail" not allowed anywhere; expected the element end-tag or element "note", "noteGrp", "rdg", "rdgGrp" or "wit"
4997:18: element "rdg" missing required attribute "wit"
5209:18: element "rdg" missing required attribute "wit"
5247:44: element "witDetail" not allowed anywhere; expected the element end-tag or element "note", "noteGrp", "rdg", "rdgGrp" or "wit"
5249:44: element "witDetail" not allowed anywhere; expected the element end-tag or element "note", "noteGrp", "rdg", "rdgGrp" or "wit"
5293:18: element "rdg" missing required attribute "wit"
5414:44: element "witDetail" not allowed anywhere; expected the element end-tag or element "note", "noteGrp", "rdg", "rdgGrp" or "wit"
5416:44: element "witDetail" not allowed anywhere; expected the element end-tag or element "note", "noteGrp", "rdg", "rdgGrp" or "wit"
5513:18: element "rdg" missing required attribute "wit"
5738:18: element "rdg" missing required attribute "wit"
5753:18: element "rdg" missing required attribute "wit"
6024:44: element "witDetail" not allowed anywhere; expected the element end-tag or element "note", "noteGrp", "rdg", "rdgGrp" or "wit"
6026:44: element "witDetail" not allowed anywhere; expected the element end-tag or element "note", "noteGrp", "rdg", "rdgGrp" or "wit"
6326:18: element "rdg" missing required attribute "wit"
64:22: element "listWit" not allowed anywhere; expected element "ab", "bibl", "biblFull", "biblStruct", "list", "listApp", "listBibl", "listEvent", "listNym", "listObject", "listOrg", "listPerson", "listPlace", "listRelation", "msDesc", "p" or "table"
6469:18: element "rdg" missing required attribute "wit"
6471:44: element "witDetail" not allowed anywhere; expected the element end-tag or element "note", "noteGrp", "rdg", "rdgGrp" or "wit"
6473:44: element "witDetail" not allowed anywhere; expected the element end-tag or element "note", "noteGrp", "rdg", "rdgGrp" or "wit"
67:41: element "listWit" not allowed anywhere; expected element "ab", "bibl", "biblFull", "biblStruct", "list", "listApp", "listBibl", "listEvent", "listNym", "listObject", "listOrg", "listPerson", "listPlace", "listRelation", "msDesc", "p" or "table"
6761:18: element "rdg" missing required attribute "wit"
6894:18: element "rdg" missing required attribute "wit"
6923:18: element "rdg" missing required attribute "wit"
7126:18: element "rdg" missing required attribute "wit"
7161:44: element "witDetail" not allowed anywhere; expected the element end-tag or element "note", "noteGrp", "rdg", "rdgGrp" or "wit"
7163:44: element "witDetail" not allowed anywhere; expected the element end-tag or element "note", "noteGrp", "rdg", "rdgGrp" or "wit"
7338:18: element "rdg" missing required attribute "wit"
7343:18: element "rdg" missing required attribute "wit"
7417:44: element "witDetail" not allowed anywhere; expected the element end-tag or element "note", "noteGrp", "rdg", "rdgGrp" or "wit"
7420:44: element "witDetail" not allowed anywhere; expected the element end-tag or element "note", "noteGrp", "rdg", "rdgGrp" or "wit"
7441:44: element "witDetail" not allowed anywhere; expected the element end-tag or element "note", "noteGrp", "rdg", "rdgGrp" or "wit"
7443:44: element "witDetail" not allowed anywhere; expected the element end-tag or element "note", "noteGrp", "rdg", "rdgGrp" or "wit"
7501:18: element "rdg" missing required attribute "wit"
7763:44: element "witDetail" not allowed anywhere; expected the element end-tag or element "note", "noteGrp", "rdg", "rdgGrp" or "wit"
7765:44: element "witDetail" not allowed anywhere; expected the element end-tag or element "note", "noteGrp", "rdg", "rdgGrp" or "wit"
7789:18: element "rdg" missing required attribute "wit"
7821:18: element "rdg" missing required attribute "wit"
8076:18: element "rdg" missing required attribute "wit"
8091:18: element "rdg" missing required attribute "wit"
8299:18: element "rdg" missing required attribute "wit"
8439:18: element "rdg" missing required attribute "wit"
8513:18: element "rdg" missing required attribute "wit"
8657:18: element "rdg" missing required attribute "wit"
8749:18: element "rdg" missing required attribute "wit"
882:18: element "rdg" missing required attribute "wit"
9041:18: element "rdg" missing required attribute "wit"
9126:18: element "rdg" missing required attribute "wit"
93:22: element "listWit" not allowed anywhere; expected element "ab", "bibl", "biblFull", "biblStruct", "list", "listApp", "listBibl", "listEvent", "listNym", "listObject", "listOrg", "listPerson", "listPlace", "listRelation", "msDesc", "p" or "table"
9368:18: element "rdg" missing required attribute "wit"
9533:18: element "rdg" missing required attribute "wit"
96:41: element "listWit" not allowed anywhere; expected element "ab", "bibl", "biblFull", "biblStruct", "list", "listApp", "listBibl", "listEvent", "listNym", "listObject", "listOrg", "listPerson", "listPlace", "listRelation", "msDesc", "p" or "table"
9784:18: element "rdg" missing required attribute "wit"
